<?xml version="1.0" encoding="utf-8"?>
<!DOCTYPE coverage SYSTEM "http://cobertura.sourceforge.net/xml/coverage-04.dtd">
<coverage line-rate="0.42032332563510394" branch-rate="0.0989010989010989" lines-covered="364" lines-valid="866" branches-covered="18" branches-valid="182" complexity="210" version="0" timestamp="1624983380">
  <sources />
  <packages>
    <package name="Controle de Tarefas" line-rate="0.33066666666666666" branch-rate="0.0989010989010989" complexity="187">
      <classes>
        <class name="Controle_de_Tarefas.Controladores.Controlador`1" filename="C:\Users\JX\Documents\GitHub\Controle de Tarefas\Controle de Tarefas\Controlador\Controlador.cs" line-rate="0.95" branch-rate="1" complexity="1">
          <methods>
            <method name="Registros" signature="()" line-rate="0" branch-rate="1" complexity="NaN">
              <lines>
                <line number="9" hits="0" branch="false" />
              </lines>
            </method>
            <method name="getById" signature="(System.Int32)" line-rate="1" branch-rate="1" complexity="NaN">
              <lines>
                <line number="18" hits="5" branch="false" />
                <line number="19" hits="5" branch="false" />
                <line number="20" hits="5" branch="false" />
              </lines>
            </method>
            <method name="obterRegistros" signature="()" line-rate="1" branch-rate="1" complexity="1">
              <lines>
                <line number="22" hits="6" branch="false" />
                <line number="23" hits="6" branch="false" />
                <line number="24" hits="6" branch="false" />
              </lines>
            </method>
            <method name="inserir" signature="(T)" line-rate="1" branch-rate="1" complexity="NaN">
              <lines>
                <line number="26" hits="16" branch="false" />
                <line number="27" hits="16" branch="false" />
                <line number="28" hits="16" branch="false" />
              </lines>
            </method>
            <method name="editar" signature="(System.Int32,T)" line-rate="1" branch-rate="1" complexity="NaN">
              <lines>
                <line number="30" hits="7" branch="false" />
                <line number="31" hits="7" branch="false" />
                <line number="32" hits="7" branch="false" />
                <line number="33" hits="7" branch="false" />
              </lines>
            </method>
            <method name="excluir" signature="(System.Int32)" line-rate="1" branch-rate="1" complexity="NaN">
              <lines>
                <line number="35" hits="13" branch="false" />
                <line number="36" hits="13" branch="false" />
                <line number="37" hits="13" branch="false" />
              </lines>
            </method>
            <method name="AdicionarParametro" signature="(System.String,System.Int32)" line-rate="1" branch-rate="1" complexity="NaN">
              <lines>
                <line number="42" hits="18" branch="false" />
                <line number="43" hits="18" branch="false" />
                <line number="44" hits="18" branch="false" />
              </lines>
            </method>
          </methods>
          <lines>
            <line number="9" hits="0" branch="false" />
            <line number="18" hits="5" branch="false" />
            <line number="19" hits="5" branch="false" />
            <line number="20" hits="5" branch="false" />
            <line number="22" hits="6" branch="false" />
            <line number="23" hits="6" branch="false" />
            <line number="24" hits="6" branch="false" />
            <line number="26" hits="16" branch="false" />
            <line number="27" hits="16" branch="false" />
            <line number="28" hits="16" branch="false" />
            <line number="30" hits="7" branch="false" />
            <line number="31" hits="7" branch="false" />
            <line number="32" hits="7" branch="false" />
            <line number="33" hits="7" branch="false" />
            <line number="35" hits="13" branch="false" />
            <line number="36" hits="13" branch="false" />
            <line number="37" hits="13" branch="false" />
            <line number="42" hits="18" branch="false" />
            <line number="43" hits="18" branch="false" />
            <line number="44" hits="18" branch="false" />
          </lines>
        </class>
        <class name="Controle_de_Tarefas.Controladores.ControladorCompromissos" filename="C:\Users\JX\Documents\GitHub\Controle de Tarefas\Controle de Tarefas\Controlador\ControladorCompromissos.cs" line-rate="0.7317073170731707" branch-rate="0.75" complexity="1">
          <methods>
            <method name="sqlInserir" signature="()" line-rate="1" branch-rate="1" complexity="NaN">
              <lines>
                <line number="69" hits="4" branch="false" />
              </lines>
            </method>
            <method name="sqlEditar" signature="()" line-rate="1" branch-rate="1" complexity="NaN">
              <lines>
                <line number="70" hits="1" branch="false" />
              </lines>
            </method>
            <method name="sqlExcluir" signature="()" line-rate="1" branch-rate="1" complexity="NaN">
              <lines>
                <line number="71" hits="4" branch="false" />
              </lines>
            </method>
            <method name="sqlSelecionarPorId" signature="()" line-rate="1" branch-rate="1" complexity="NaN">
              <lines>
                <line number="72" hits="3" branch="false" />
              </lines>
            </method>
            <method name="sqlSelecionarTodos" signature="()" line-rate="0" branch-rate="1" complexity="NaN">
              <lines>
                <line number="73" hits="0" branch="false" />
              </lines>
            </method>
            <method name="ConverterEmRegistro" signature="(System.Data.IDataReader)" line-rate="0.9230769230769231" branch-rate="0.5" complexity="NaN">
              <lines>
                <line number="76" hits="2" branch="false" />
                <line number="77" hits="2" branch="false" />
                <line number="78" hits="2" branch="false" />
                <line number="79" hits="2" branch="false" />
                <line number="80" hits="2" branch="false" />
                <line number="82" hits="2" branch="false" />
                <line number="83" hits="2" branch="false" />
                <line number="84" hits="2" branch="false" />
                <line number="85" hits="2" branch="false" />
                <line number="86" hits="2" branch="true" condition-coverage="50% (1/2)" />
                <line number="87" hits="0" branch="false" />
                <line number="89" hits="2" branch="false" />
                <line number="90" hits="2" branch="false" />
              </lines>
            </method>
            <method name="ObtemParametrosRegistro" signature="(Controle_de_Tarefas.Dominio.Compromisso)" line-rate="1" branch-rate="1" complexity="NaN">
              <lines>
                <line number="92" hits="5" branch="false" />
                <line number="93" hits="5" branch="false" />
                <line number="94" hits="5" branch="false" />
                <line number="95" hits="5" branch="false" />
                <line number="96" hits="5" branch="false" />
                <line number="97" hits="5" branch="false" />
                <line number="98" hits="5" branch="false" />
                <line number="99" hits="5" branch="false" />
                <line number="100" hits="5" branch="false" />
                <line number="102" hits="5" branch="true" condition-coverage="100% (2/2)" />
                <line number="103" hits="4" branch="false" />
                <line number="105" hits="1" branch="false" />
                <line number="107" hits="5" branch="false" />
                <line number="108" hits="5" branch="false" />
              </lines>
            </method>
            <method name="filtrarPorPeriodo" signature="(System.TimeSpan)" line-rate="0" branch-rate="1" complexity="NaN">
              <lines>
                <line number="111" hits="0" branch="false" />
                <line number="112" hits="0" branch="false" />
                <line number="113" hits="0" branch="false" />
              </lines>
            </method>
            <method name="filtrarPorData" signature="(System.DateTime)" line-rate="0" branch-rate="1" complexity="NaN">
              <lines>
                <line number="115" hits="0" branch="false" />
                <line number="116" hits="0" branch="false" />
                <line number="117" hits="0" branch="false" />
              </lines>
            </method>
            <method name="compromissosPassados" signature="()" line-rate="0" branch-rate="1" complexity="1">
              <lines>
                <line number="119" hits="0" branch="false" />
                <line number="120" hits="0" branch="false" />
                <line number="121" hits="0" branch="false" />
              </lines>
            </method>
          </methods>
          <lines>
            <line number="69" hits="4" branch="false" />
            <line number="70" hits="1" branch="false" />
            <line number="71" hits="4" branch="false" />
            <line number="72" hits="3" branch="false" />
            <line number="73" hits="0" branch="false" />
            <line number="76" hits="2" branch="false" />
            <line number="77" hits="2" branch="false" />
            <line number="78" hits="2" branch="false" />
            <line number="79" hits="2" branch="false" />
            <line number="80" hits="2" branch="false" />
            <line number="82" hits="2" branch="false" />
            <line number="83" hits="2" branch="false" />
            <line number="84" hits="2" branch="false" />
            <line number="85" hits="2" branch="false" />
            <line number="86" hits="2" branch="true" condition-coverage="50% (1/2)" />
            <line number="87" hits="0" branch="false" />
            <line number="89" hits="2" branch="false" />
            <line number="90" hits="2" branch="false" />
            <line number="92" hits="5" branch="false" />
            <line number="93" hits="5" branch="false" />
            <line number="94" hits="5" branch="false" />
            <line number="95" hits="5" branch="false" />
            <line number="96" hits="5" branch="false" />
            <line number="97" hits="5" branch="false" />
            <line number="98" hits="5" branch="false" />
            <line number="99" hits="5" branch="false" />
            <line number="100" hits="5" branch="false" />
            <line number="102" hits="5" branch="true" condition-coverage="100% (2/2)" />
            <line number="103" hits="4" branch="false" />
            <line number="105" hits="1" branch="false" />
            <line number="107" hits="5" branch="false" />
            <line number="108" hits="5" branch="false" />
            <line number="111" hits="0" branch="false" />
            <line number="112" hits="0" branch="false" />
            <line number="113" hits="0" branch="false" />
            <line number="115" hits="0" branch="false" />
            <line number="116" hits="0" branch="false" />
            <line number="117" hits="0" branch="false" />
            <line number="119" hits="0" branch="false" />
            <line number="120" hits="0" branch="false" />
            <line number="121" hits="0" branch="false" />
          </lines>
        </class>
        <class name="Controle_de_Tarefas.Controladores.ControladorContatos" filename="C:\Users\JX\Documents\GitHub\Controle de Tarefas\Controle de Tarefas\Controlador\ControladorContatos.cs" line-rate="0.5" branch-rate="0" complexity="2">
          <methods>
            <method name="sqlInserir" signature="()" line-rate="1" branch-rate="1" complexity="NaN">
              <lines>
                <line number="69" hits="3" branch="false" />
              </lines>
            </method>
            <method name="sqlEditar" signature="()" line-rate="1" branch-rate="1" complexity="NaN">
              <lines>
                <line number="70" hits="1" branch="false" />
              </lines>
            </method>
            <method name="sqlExcluir" signature="()" line-rate="1" branch-rate="1" complexity="NaN">
              <lines>
                <line number="71" hits="3" branch="false" />
              </lines>
            </method>
            <method name="sqlSelecionarPorId" signature="()" line-rate="1" branch-rate="1" complexity="NaN">
              <lines>
                <line number="72" hits="1" branch="false" />
              </lines>
            </method>
            <method name="sqlSelecionarTodos" signature="()" line-rate="0" branch-rate="1" complexity="NaN">
              <lines>
                <line number="73" hits="0" branch="false" />
              </lines>
            </method>
            <method name="ConverterEmRegistro" signature="(System.Data.IDataReader)" line-rate="0" branch-rate="1" complexity="NaN">
              <lines>
                <line number="76" hits="0" branch="false" />
                <line number="77" hits="0" branch="false" />
                <line number="78" hits="0" branch="false" />
                <line number="79" hits="0" branch="false" />
                <line number="80" hits="0" branch="false" />
                <line number="81" hits="0" branch="false" />
                <line number="83" hits="0" branch="false" />
                <line number="84" hits="0" branch="false" />
                <line number="85" hits="0" branch="false" />
                <line number="86" hits="0" branch="false" />
                <line number="88" hits="0" branch="false" />
                <line number="89" hits="0" branch="false" />
              </lines>
            </method>
            <method name="ObtemParametrosRegistro" signature="(Controle_de_Tarefas.Dominio.Contato)" line-rate="1" branch-rate="1" complexity="NaN">
              <lines>
                <line number="91" hits="4" branch="false" />
                <line number="92" hits="4" branch="false" />
                <line number="93" hits="4" branch="false" />
                <line number="94" hits="4" branch="false" />
                <line number="95" hits="4" branch="false" />
                <line number="96" hits="4" branch="false" />
                <line number="97" hits="4" branch="false" />
                <line number="98" hits="4" branch="false" />
                <line number="99" hits="4" branch="false" />
                <line number="100" hits="4" branch="false" />
                <line number="102" hits="4" branch="false" />
                <line number="103" hits="4" branch="false" />
              </lines>
            </method>
            <method name="ordenadosPorCargo" signature="()" line-rate="0" branch-rate="0" complexity="2">
              <lines>
                <line number="106" hits="0" branch="false" />
                <line number="107" hits="0" branch="true" condition-coverage="0% (0/2)" />
                <line number="108" hits="0" branch="false" />
              </lines>
            </method>
          </methods>
          <lines>
            <line number="69" hits="3" branch="false" />
            <line number="70" hits="1" branch="false" />
            <line number="71" hits="3" branch="false" />
            <line number="72" hits="1" branch="false" />
            <line number="73" hits="0" branch="false" />
            <line number="76" hits="0" branch="false" />
            <line number="77" hits="0" branch="false" />
            <line number="78" hits="0" branch="false" />
            <line number="79" hits="0" branch="false" />
            <line number="80" hits="0" branch="false" />
            <line number="81" hits="0" branch="false" />
            <line number="83" hits="0" branch="false" />
            <line number="84" hits="0" branch="false" />
            <line number="85" hits="0" branch="false" />
            <line number="86" hits="0" branch="false" />
            <line number="88" hits="0" branch="false" />
            <line number="89" hits="0" branch="false" />
            <line number="91" hits="4" branch="false" />
            <line number="92" hits="4" branch="false" />
            <line number="93" hits="4" branch="false" />
            <line number="94" hits="4" branch="false" />
            <line number="95" hits="4" branch="false" />
            <line number="96" hits="4" branch="false" />
            <line number="97" hits="4" branch="false" />
            <line number="98" hits="4" branch="false" />
            <line number="99" hits="4" branch="false" />
            <line number="100" hits="4" branch="false" />
            <line number="102" hits="4" branch="false" />
            <line number="103" hits="4" branch="false" />
            <line number="106" hits="0" branch="false" />
            <line number="107" hits="0" branch="true" condition-coverage="0% (0/2)" />
            <line number="108" hits="0" branch="false" />
          </lines>
        </class>
        <class name="Controle_de_Tarefas.Controladores.ControladorObjetivos" filename="C:\Users\JX\Documents\GitHub\Controle de Tarefas\Controle de Tarefas\Controlador\ControladorObjetivos.cs" line-rate="0.6511627906976745" branch-rate="0.3333333333333333" complexity="NaN">
          <methods>
            <method name="sqlInserir" signature="()" line-rate="1" branch-rate="1" complexity="NaN">
              <lines>
                <line number="59" hits="3" branch="false" />
              </lines>
            </method>
            <method name="sqlEditar" signature="()" line-rate="0" branch-rate="1" complexity="NaN">
              <lines>
                <line number="60" hits="0" branch="false" />
              </lines>
            </method>
            <method name="sqlExcluir" signature="()" line-rate="0" branch-rate="1" complexity="NaN">
              <lines>
                <line number="61" hits="0" branch="false" />
              </lines>
            </method>
            <method name="sqlSelecionarPorId" signature="()" line-rate="0" branch-rate="1" complexity="NaN">
              <lines>
                <line number="62" hits="0" branch="false" />
              </lines>
            </method>
            <method name="sqlSelecionarTodos" signature="()" line-rate="1" branch-rate="1" complexity="NaN">
              <lines>
                <line number="63" hits="6" branch="false" />
              </lines>
            </method>
            <method name="ConverterEmRegistro" signature="(System.Data.IDataReader)" line-rate="1" branch-rate="1" complexity="NaN">
              <lines>
                <line number="66" hits="12" branch="false" />
                <line number="67" hits="12" branch="false" />
                <line number="68" hits="12" branch="false" />
                <line number="69" hits="12" branch="false" />
                <line number="71" hits="12" branch="false" />
                <line number="72" hits="12" branch="false" />
                <line number="73" hits="12" branch="false" />
                <line number="74" hits="12" branch="false" />
                <line number="76" hits="12" branch="false" />
                <line number="77" hits="12" branch="false" />
              </lines>
            </method>
            <method name="ObtemParametrosRegistro" signature="(Controle_de_Tarefas.Dominio.Objetivo)" line-rate="1" branch-rate="1" complexity="NaN">
              <lines>
                <line number="79" hits="3" branch="false" />
                <line number="80" hits="3" branch="false" />
                <line number="81" hits="3" branch="false" />
                <line number="82" hits="3" branch="false" />
                <line number="83" hits="3" branch="false" />
                <line number="84" hits="3" branch="false" />
                <line number="85" hits="3" branch="false" />
                <line number="86" hits="3" branch="false" />
                <line number="88" hits="3" branch="false" />
                <line number="89" hits="3" branch="false" />
              </lines>
            </method>
            <method name="ToString" signature="(System.Int32)" line-rate="0" branch-rate="0" complexity="NaN">
              <lines>
                <line number="92" hits="0" branch="false" />
                <line number="93" hits="0" branch="false" />
                <line number="94" hits="0" branch="true" condition-coverage="0% (0/2)" />
                <line number="95" hits="0" branch="false" />
                <line number="97" hits="0" branch="false" />
                <line number="98" hits="0" branch="false" />
                <line number="99" hits="0" branch="false" />
                <line number="100" hits="0" branch="false" />
                <line number="101" hits="0" branch="false" />
              </lines>
            </method>
            <method name="objetivosCompletos" signature="(System.Int32)" line-rate="1" branch-rate="1" complexity="NaN">
              <lines>
                <line number="103" hits="3" branch="false" />
                <line number="104" hits="6" branch="true" condition-coverage="100% (2/2)" />
                <line number="105" hits="3" branch="false" />
              </lines>
            </method>
            <method name="objetivosIncompletos" signature="(System.Int32)" line-rate="0" branch-rate="0" complexity="NaN">
              <lines>
                <line number="107" hits="0" branch="false" />
                <line number="108" hits="0" branch="true" condition-coverage="0% (0/2)" />
                <line number="109" hits="0" branch="false" />
              </lines>
            </method>
            <method name="objetivosTarefa" signature="(System.Int32)" line-rate="1" branch-rate="1" complexity="NaN">
              <lines>
                <line number="111" hits="6" branch="false" />
                <line number="112" hits="18" branch="false" />
                <line number="113" hits="6" branch="false" />
              </lines>
            </method>
          </methods>
          <lines>
            <line number="59" hits="3" branch="false" />
            <line number="60" hits="0" branch="false" />
            <line number="61" hits="0" branch="false" />
            <line number="62" hits="0" branch="false" />
            <line number="63" hits="6" branch="false" />
            <line number="66" hits="12" branch="false" />
            <line number="67" hits="12" branch="false" />
            <line number="68" hits="12" branch="false" />
            <line number="69" hits="12" branch="false" />
            <line number="71" hits="12" branch="false" />
            <line number="72" hits="12" branch="false" />
            <line number="73" hits="12" branch="false" />
            <line number="74" hits="12" branch="false" />
            <line number="76" hits="12" branch="false" />
            <line number="77" hits="12" branch="false" />
            <line number="79" hits="3" branch="false" />
            <line number="80" hits="3" branch="false" />
            <line number="81" hits="3" branch="false" />
            <line number="82" hits="3" branch="false" />
            <line number="83" hits="3" branch="false" />
            <line number="84" hits="3" branch="false" />
            <line number="85" hits="3" branch="false" />
            <line number="86" hits="3" branch="false" />
            <line number="88" hits="3" branch="false" />
            <line number="89" hits="3" branch="false" />
            <line number="92" hits="0" branch="false" />
            <line number="93" hits="0" branch="false" />
            <line number="94" hits="0" branch="true" condition-coverage="0% (0/2)" />
            <line number="95" hits="0" branch="false" />
            <line number="97" hits="0" branch="false" />
            <line number="98" hits="0" branch="false" />
            <line number="99" hits="0" branch="false" />
            <line number="100" hits="0" branch="false" />
            <line number="101" hits="0" branch="false" />
            <line number="103" hits="3" branch="false" />
            <line number="104" hits="6" branch="true" condition-coverage="100% (2/2)" />
            <line number="105" hits="3" branch="false" />
            <line number="107" hits="0" branch="false" />
            <line number="108" hits="0" branch="true" condition-coverage="0% (0/2)" />
            <line number="109" hits="0" branch="false" />
            <line number="111" hits="6" branch="false" />
            <line number="112" hits="18" branch="false" />
            <line number="113" hits="6" branch="false" />
          </lines>
        </class>
        <class name="Controle_de_Tarefas.Controladores.ControladorTarefas" filename="C:\Users\JX\Documents\GitHub\Controle de Tarefas\Controle de Tarefas\Controlador\ControladorTarefas.cs" line-rate="0.43243243243243246" branch-rate="0" complexity="2">
          <methods>
            <method name="sqlInserir" signature="()" line-rate="1" branch-rate="1" complexity="NaN">
              <lines>
                <line number="100" hits="6" branch="false" />
              </lines>
            </method>
            <method name="sqlEditar" signature="()" line-rate="1" branch-rate="1" complexity="NaN">
              <lines>
                <line number="101" hits="5" branch="false" />
              </lines>
            </method>
            <method name="sqlExcluir" signature="()" line-rate="1" branch-rate="1" complexity="NaN">
              <lines>
                <line number="102" hits="6" branch="false" />
              </lines>
            </method>
            <method name="sqlSelecionarPorId" signature="()" line-rate="1" branch-rate="1" complexity="NaN">
              <lines>
                <line number="103" hits="1" branch="false" />
              </lines>
            </method>
            <method name="sqlSelecionarTodos" signature="()" line-rate="0" branch-rate="1" complexity="NaN">
              <lines>
                <line number="104" hits="0" branch="false" />
              </lines>
            </method>
            <method name="ConverterEmRegistro" signature="(System.Data.IDataReader)" line-rate="0" branch-rate="0" complexity="NaN">
              <lines>
                <line number="107" hits="0" branch="false" />
                <line number="108" hits="0" branch="false" />
                <line number="109" hits="0" branch="false" />
                <line number="110" hits="0" branch="false" />
                <line number="111" hits="0" branch="false" />
                <line number="113" hits="0" branch="false" />
                <line number="114" hits="0" branch="false" />
                <line number="115" hits="0" branch="false" />
                <line number="116" hits="0" branch="false" />
                <line number="118" hits="0" branch="true" condition-coverage="0% (0/2)" />
                <line number="119" hits="0" branch="false" />
                <line number="121" hits="0" branch="false" />
                <line number="123" hits="0" branch="false" />
                <line number="124" hits="0" branch="false" />
              </lines>
            </method>
            <method name="ObtemParametrosRegistro" signature="(Controle_de_Tarefas.Dominio.Tarefa)" line-rate="1" branch-rate="1" complexity="NaN">
              <lines>
                <line number="126" hits="11" branch="false" />
                <line number="127" hits="11" branch="false" />
                <line number="128" hits="11" branch="false" />
                <line number="129" hits="11" branch="false" />
                <line number="130" hits="11" branch="false" />
                <line number="131" hits="11" branch="false" />
                <line number="132" hits="11" branch="false" />
                <line number="133" hits="11" branch="false" />
                <line number="134" hits="11" branch="false" />
                <line number="135" hits="11" branch="false" />
                <line number="137" hits="11" branch="false" />
                <line number="138" hits="11" branch="false" />
              </lines>
            </method>
            <method name="tarefasCompletas" signature="()" line-rate="0" branch-rate="1" complexity="1">
              <lines>
                <line number="141" hits="0" branch="false" />
                <line number="142" hits="0" branch="false" />
                <line number="143" hits="0" branch="false" />
              </lines>
            </method>
            <method name="tarefasIncompletas" signature="()" line-rate="0" branch-rate="1" complexity="1">
              <lines>
                <line number="145" hits="0" branch="false" />
                <line number="146" hits="0" branch="false" />
                <line number="147" hits="0" branch="false" />
              </lines>
            </method>
          </methods>
          <lines>
            <line number="100" hits="6" branch="false" />
            <line number="101" hits="5" branch="false" />
            <line number="102" hits="6" branch="false" />
            <line number="103" hits="1" branch="false" />
            <line number="104" hits="0" branch="false" />
            <line number="107" hits="0" branch="false" />
            <line number="108" hits="0" branch="false" />
            <line number="109" hits="0" branch="false" />
            <line number="110" hits="0" branch="false" />
            <line number="111" hits="0" branch="false" />
            <line number="113" hits="0" branch="false" />
            <line number="114" hits="0" branch="false" />
            <line number="115" hits="0" branch="false" />
            <line number="116" hits="0" branch="false" />
            <line number="118" hits="0" branch="true" condition-coverage="0% (0/2)" />
            <line number="119" hits="0" branch="false" />
            <line number="121" hits="0" branch="false" />
            <line number="123" hits="0" branch="false" />
            <line number="124" hits="0" branch="false" />
            <line number="126" hits="11" branch="false" />
            <line number="127" hits="11" branch="false" />
            <line number="128" hits="11" branch="false" />
            <line number="129" hits="11" branch="false" />
            <line number="130" hits="11" branch="false" />
            <line number="131" hits="11" branch="false" />
            <line number="132" hits="11" branch="false" />
            <line number="133" hits="11" branch="false" />
            <line number="134" hits="11" branch="false" />
            <line number="135" hits="11" branch="false" />
            <line number="137" hits="11" branch="false" />
            <line number="138" hits="11" branch="false" />
            <line number="141" hits="0" branch="false" />
            <line number="142" hits="0" branch="false" />
            <line number="143" hits="0" branch="false" />
            <line number="145" hits="0" branch="false" />
            <line number="146" hits="0" branch="false" />
            <line number="147" hits="0" branch="false" />
          </lines>
        </class>
        <class name="Controle_de_Tarefas.Controladores.Db" filename="C:\Users\JX\Documents\GitHub\Controle de Tarefas\Controle de Tarefas\Controlador\Db.cs" line-rate="0.984375" branch-rate="0.8571428571428571" complexity="1">
          <methods>
            <method name="Insert" signature="(System.String,System.Collections.Generic.Dictionary`2&lt;System.String,System.Object&gt;)" line-rate="1" branch-rate="1" complexity="NaN">
              <lines>
                <line number="14" hits="16" branch="false" />
                <line number="15" hits="16" branch="false" />
                <line number="17" hits="16" branch="false" />
                <line number="19" hits="16" branch="false" />
                <line number="21" hits="16" branch="false" />
                <line number="23" hits="16" branch="false" />
                <line number="25" hits="16" branch="false" />
                <line number="27" hits="16" branch="false" />
                <line number="28" hits="16" branch="false" />
              </lines>
            </method>
            <method name="Update" signature="(System.String,System.Collections.Generic.Dictionary`2&lt;System.String,System.Object&gt;)" line-rate="1" branch-rate="1" complexity="NaN">
              <lines>
                <line number="30" hits="20" branch="false" />
                <line number="31" hits="20" branch="false" />
                <line number="33" hits="20" branch="false" />
                <line number="35" hits="20" branch="false" />
                <line number="37" hits="20" branch="false" />
                <line number="39" hits="20" branch="false" />
                <line number="41" hits="20" branch="false" />
                <line number="42" hits="20" branch="false" />
              </lines>
            </method>
            <method name="Delete" signature="(System.String,System.Collections.Generic.Dictionary`2&lt;System.String,System.Object&gt;)" line-rate="1" branch-rate="1" complexity="NaN">
              <lines>
                <line number="44" hits="13" branch="false" />
                <line number="45" hits="13" branch="false" />
                <line number="46" hits="13" branch="false" />
              </lines>
            </method>
            <method name="GetAll" signature="(System.String,Controle_de_Tarefas.Controladores.ConverterDelegate`1&lt;T&gt;,System.Collections.Generic.Dictionary`2&lt;System.String,System.Object&gt;)" line-rate="1" branch-rate="1" complexity="NaN">
              <lines>
                <line number="48" hits="6" branch="false" />
                <line number="49" hits="6" branch="false" />
                <line number="51" hits="6" branch="false" />
                <line number="53" hits="6" branch="false" />
                <line number="55" hits="6" branch="false" />
                <line number="57" hits="6" branch="false" />
                <line number="59" hits="6" branch="false" />
                <line number="61" hits="18" branch="true" condition-coverage="100% (2/2)" />
                <line number="62" hits="12" branch="false" />
                <line number="63" hits="12" branch="false" />
                <line number="64" hits="12" branch="false" />
                <line number="65" hits="12" branch="false" />
                <line number="67" hits="6" branch="false" />
                <line number="68" hits="6" branch="false" />
                <line number="69" hits="6" branch="false" />
              </lines>
            </method>
            <method name="Get" signature="(System.String,Controle_de_Tarefas.Controladores.ConverterDelegate`1&lt;T&gt;,System.Collections.Generic.Dictionary`2&lt;System.String,System.Object&gt;)" line-rate="1" branch-rate="1" complexity="NaN">
              <lines>
                <line number="71" hits="5" branch="false" />
                <line number="72" hits="5" branch="false" />
                <line number="74" hits="5" branch="false" />
                <line number="76" hits="5" branch="false" />
                <line number="78" hits="5" branch="false" />
                <line number="80" hits="5" branch="false" />
                <line number="82" hits="5" branch="false" />
                <line number="84" hits="5" branch="true" condition-coverage="100% (2/2)" />
                <line number="85" hits="2" branch="false" />
                <line number="87" hits="5" branch="false" />
                <line number="88" hits="5" branch="false" />
                <line number="89" hits="5" branch="false" />
              </lines>
            </method>
            <method name="SetParameters" signature="(System.Data.SqlClient.SqlCommand,System.Collections.Generic.Dictionary`2&lt;System.String,System.Object&gt;)" line-rate="0.9230769230769231" branch-rate="0.8" complexity="NaN">
              <lines>
                <line number="92" hits="47" branch="false" />
                <line number="93" hits="47" branch="true" condition-coverage="100% (4/4)" />
                <line number="94" hits="6" branch="false" />
                <line number="96" hits="423" branch="false" />
                <line number="97" hits="150" branch="false" />
                <line number="98" hits="150" branch="true" condition-coverage="75% (3/4)" />
                <line number="99" hits="0" branch="false" />
                <line number="101" hits="150" branch="false" />
                <line number="102" hits="150" branch="true" condition-coverage="50% (1/2)" />
                <line number="104" hits="150" branch="false" />
                <line number="106" hits="150" branch="false" />
                <line number="107" hits="150" branch="false" />
                <line number="108" hits="47" branch="false" />
              </lines>
            </method>
            <method name="AppendSelectIdentity" signature="(System.String)" line-rate="1" branch-rate="1" complexity="NaN">
              <lines>
                <line number="110" hits="16" branch="false" />
                <line number="111" hits="16" branch="false" />
                <line number="112" hits="16" branch="false" />
              </lines>
            </method>
            <method name=".cctor" signature="()" line-rate="1" branch-rate="1" complexity="1">
              <lines>
                <line number="12" hits="1" branch="false" />
              </lines>
            </method>
          </methods>
          <lines>
            <line number="12" hits="1" branch="false" />
            <line number="14" hits="16" branch="false" />
            <line number="15" hits="16" branch="false" />
            <line number="17" hits="16" branch="false" />
            <line number="19" hits="16" branch="false" />
            <line number="21" hits="16" branch="false" />
            <line number="23" hits="16" branch="false" />
            <line number="25" hits="16" branch="false" />
            <line number="27" hits="16" branch="false" />
            <line number="28" hits="16" branch="false" />
            <line number="30" hits="20" branch="false" />
            <line number="31" hits="20" branch="false" />
            <line number="33" hits="20" branch="false" />
            <line number="35" hits="20" branch="false" />
            <line number="37" hits="20" branch="false" />
            <line number="39" hits="20" branch="false" />
            <line number="41" hits="20" branch="false" />
            <line number="42" hits="20" branch="false" />
            <line number="44" hits="13" branch="false" />
            <line number="45" hits="13" branch="false" />
            <line number="46" hits="13" branch="false" />
            <line number="48" hits="6" branch="false" />
            <line number="49" hits="6" branch="false" />
            <line number="51" hits="6" branch="false" />
            <line number="53" hits="6" branch="false" />
            <line number="55" hits="6" branch="false" />
            <line number="57" hits="6" branch="false" />
            <line number="59" hits="6" branch="false" />
            <line number="61" hits="18" branch="true" condition-coverage="100% (2/2)" />
            <line number="62" hits="12" branch="false" />
            <line number="63" hits="12" branch="false" />
            <line number="64" hits="12" branch="false" />
            <line number="65" hits="12" branch="false" />
            <line number="67" hits="6" branch="false" />
            <line number="68" hits="6" branch="false" />
            <line number="69" hits="6" branch="false" />
            <line number="71" hits="5" branch="false" />
            <line number="72" hits="5" branch="false" />
            <line number="74" hits="5" branch="false" />
            <line number="76" hits="5" branch="false" />
            <line number="78" hits="5" branch="false" />
            <line number="80" hits="5" branch="false" />
            <line number="82" hits="5" branch="false" />
            <line number="84" hits="5" branch="true" condition-coverage="100% (2/2)" />
            <line number="85" hits="2" branch="false" />
            <line number="87" hits="5" branch="false" />
            <line number="88" hits="5" branch="false" />
            <line number="89" hits="5" branch="false" />
            <line number="92" hits="47" branch="false" />
            <line number="93" hits="47" branch="true" condition-coverage="100% (4/4)" />
            <line number="94" hits="6" branch="false" />
            <line number="96" hits="423" branch="false" />
            <line number="97" hits="150" branch="false" />
            <line number="98" hits="150" branch="true" condition-coverage="75% (3/4)" />
            <line number="99" hits="0" branch="false" />
            <line number="101" hits="150" branch="false" />
            <line number="102" hits="150" branch="true" condition-coverage="50% (1/2)" />
            <line number="104" hits="150" branch="false" />
            <line number="106" hits="150" branch="false" />
            <line number="107" hits="150" branch="false" />
            <line number="108" hits="47" branch="false" />
            <line number="110" hits="16" branch="false" />
            <line number="111" hits="16" branch="false" />
            <line number="112" hits="16" branch="false" />
          </lines>
        </class>
        <class name="Controle_de_Tarefas.Dominio.Compromisso" filename="C:\Users\JX\Documents\GitHub\Controle de Tarefas\Controle de Tarefas\Domínio\Compromisso.cs" line-rate="0.8" branch-rate="0" complexity="3">
          <methods>
            <method name="assunto" signature="()" line-rate="1" branch-rate="1" complexity="NaN">
              <lines>
                <line number="16" hits="14" branch="false" />
              </lines>
            </method>
            <method name="assunto" signature="(System.String)" line-rate="1" branch-rate="1" complexity="NaN">
              <lines>
                <line number="16" hits="14" branch="false" />
              </lines>
            </method>
            <method name="local" signature="()" line-rate="1" branch-rate="1" complexity="NaN">
              <lines>
                <line number="17" hits="14" branch="false" />
              </lines>
            </method>
            <method name="local" signature="(System.String)" line-rate="1" branch-rate="1" complexity="NaN">
              <lines>
                <line number="17" hits="14" branch="false" />
              </lines>
            </method>
            <method name="data_inicio" signature="()" line-rate="1" branch-rate="1" complexity="NaN">
              <lines>
                <line number="18" hits="14" branch="false" />
              </lines>
            </method>
            <method name="data_inicio" signature="(System.DateTime)" line-rate="1" branch-rate="1" complexity="NaN">
              <lines>
                <line number="18" hits="14" branch="false" />
              </lines>
            </method>
            <method name="data_fim" signature="()" line-rate="1" branch-rate="1" complexity="NaN">
              <lines>
                <line number="19" hits="12" branch="false" />
              </lines>
            </method>
            <method name="data_fim" signature="(System.DateTime)" line-rate="1" branch-rate="1" complexity="NaN">
              <lines>
                <line number="19" hits="12" branch="false" />
              </lines>
            </method>
            <method name=".ctor" signature="(System.String,System.String,System.DateTime,System.DateTime,Controle_de_Tarefas.Dominio.Contato)" line-rate="1" branch-rate="1" complexity="NaN">
              <lines>
                <line number="7" hits="7" branch="false" />
                <line number="8" hits="7" branch="false" />
                <line number="9" hits="7" branch="false" />
                <line number="10" hits="7" branch="false" />
                <line number="11" hits="7" branch="false" />
                <line number="12" hits="7" branch="false" />
                <line number="13" hits="7" branch="false" />
                <line number="14" hits="7" branch="false" />
              </lines>
            </method>
            <method name="ToString" signature="()" line-rate="0" branch-rate="0" complexity="3">
              <lines>
                <line number="21" hits="0" branch="false" />
                <line number="22" hits="0" branch="true" condition-coverage="0% (0/2)" />
                <line number="23" hits="0" branch="false" />
              </lines>
            </method>
          </methods>
          <lines>
            <line number="7" hits="7" branch="false" />
            <line number="8" hits="7" branch="false" />
            <line number="9" hits="7" branch="false" />
            <line number="10" hits="7" branch="false" />
            <line number="11" hits="7" branch="false" />
            <line number="12" hits="7" branch="false" />
            <line number="13" hits="7" branch="false" />
            <line number="14" hits="7" branch="false" />
            <line number="16" hits="14" branch="false" />
            <line number="17" hits="14" branch="false" />
            <line number="18" hits="14" branch="false" />
            <line number="19" hits="12" branch="false" />
            <line number="21" hits="0" branch="false" />
            <line number="22" hits="0" branch="true" condition-coverage="0% (0/2)" />
            <line number="23" hits="0" branch="false" />
          </lines>
        </class>
        <class name="Controle_de_Tarefas.Dominio.Contato" filename="C:\Users\JX\Documents\GitHub\Controle de Tarefas\Controle de Tarefas\Domínio\Contato.cs" line-rate="0.8125" branch-rate="1" complexity="1">
          <methods>
            <method name="nome" signature="()" line-rate="1" branch-rate="1" complexity="NaN">
              <lines>
                <line number="13" hits="11" branch="false" />
              </lines>
            </method>
            <method name="nome" signature="(System.String)" line-rate="1" branch-rate="1" complexity="NaN">
              <lines>
                <line number="13" hits="11" branch="false" />
              </lines>
            </method>
            <method name="email" signature="()" line-rate="1" branch-rate="1" complexity="NaN">
              <lines>
                <line number="14" hits="11" branch="false" />
              </lines>
            </method>
            <method name="email" signature="(System.String)" line-rate="1" branch-rate="1" complexity="NaN">
              <lines>
                <line number="14" hits="11" branch="false" />
              </lines>
            </method>
            <method name="telefone" signature="()" line-rate="1" branch-rate="1" complexity="NaN">
              <lines>
                <line number="15" hits="11" branch="false" />
              </lines>
            </method>
            <method name="telefone" signature="(System.String)" line-rate="1" branch-rate="1" complexity="NaN">
              <lines>
                <line number="15" hits="11" branch="false" />
              </lines>
            </method>
            <method name="empresa" signature="()" line-rate="1" branch-rate="1" complexity="NaN">
              <lines>
                <line number="16" hits="11" branch="false" />
              </lines>
            </method>
            <method name="empresa" signature="(System.String)" line-rate="1" branch-rate="1" complexity="NaN">
              <lines>
                <line number="16" hits="11" branch="false" />
              </lines>
            </method>
            <method name="cargo" signature="()" line-rate="1" branch-rate="1" complexity="NaN">
              <lines>
                <line number="17" hits="11" branch="false" />
              </lines>
            </method>
            <method name="cargo" signature="(System.String)" line-rate="1" branch-rate="1" complexity="NaN">
              <lines>
                <line number="17" hits="11" branch="false" />
              </lines>
            </method>
            <method name=".ctor" signature="(System.String,System.String,System.String,System.String,System.String)" line-rate="1" branch-rate="1" complexity="NaN">
              <lines>
                <line number="5" hits="5" branch="false" />
                <line number="6" hits="5" branch="false" />
                <line number="7" hits="5" branch="false" />
                <line number="8" hits="5" branch="false" />
                <line number="9" hits="5" branch="false" />
                <line number="10" hits="5" branch="false" />
                <line number="11" hits="5" branch="false" />
                <line number="12" hits="5" branch="false" />
              </lines>
            </method>
            <method name="ToString" signature="()" line-rate="0" branch-rate="1" complexity="1">
              <lines>
                <line number="20" hits="0" branch="false" />
                <line number="21" hits="0" branch="false" />
                <line number="22" hits="0" branch="false" />
              </lines>
            </method>
          </methods>
          <lines>
            <line number="5" hits="5" branch="false" />
            <line number="6" hits="5" branch="false" />
            <line number="7" hits="5" branch="false" />
            <line number="8" hits="5" branch="false" />
            <line number="9" hits="5" branch="false" />
            <line number="10" hits="5" branch="false" />
            <line number="11" hits="5" branch="false" />
            <line number="12" hits="5" branch="false" />
            <line number="13" hits="11" branch="false" />
            <line number="14" hits="11" branch="false" />
            <line number="15" hits="11" branch="false" />
            <line number="16" hits="11" branch="false" />
            <line number="17" hits="11" branch="false" />
            <line number="20" hits="0" branch="false" />
            <line number="21" hits="0" branch="false" />
            <line number="22" hits="0" branch="false" />
          </lines>
        </class>
        <class name="Controle_de_Tarefas.Dominio.Entidade" filename="C:\Users\JX\Documents\GitHub\Controle de Tarefas\Controle de Tarefas\Domínio\Entidade.cs" line-rate="1" branch-rate="1" complexity="NaN">
          <methods>
            <method name="id" signature="()" line-rate="1" branch-rate="1" complexity="NaN">
              <lines>
                <line number="5" hits="109" branch="false" />
              </lines>
            </method>
            <method name="id" signature="(System.Int32)" line-rate="1" branch-rate="1" complexity="NaN">
              <lines>
                <line number="5" hits="109" branch="false" />
              </lines>
            </method>
          </methods>
          <lines>
            <line number="5" hits="109" branch="false" />
          </lines>
        </class>
        <class name="Controle_de_Tarefas.Dominio.Objetivo" filename="C:\Users\JX\Documents\GitHub\Controle de Tarefas\Controle de Tarefas\Domínio\Objetivo.cs" line-rate="0.7272727272727273" branch-rate="0" complexity="4">
          <methods>
            <method name="finalizado" signature="()" line-rate="1" branch-rate="1" complexity="NaN">
              <lines>
                <line number="19" hits="23" branch="false" />
              </lines>
            </method>
            <method name="finalizado" signature="(System.Boolean)" line-rate="1" branch-rate="1" complexity="NaN">
              <lines>
                <line number="19" hits="23" branch="false" />
              </lines>
            </method>
            <method name="descricao" signature="()" line-rate="1" branch-rate="1" complexity="NaN">
              <lines>
                <line number="20" hits="18" branch="false" />
              </lines>
            </method>
            <method name="descricao" signature="(System.String)" line-rate="1" branch-rate="1" complexity="NaN">
              <lines>
                <line number="20" hits="18" branch="false" />
              </lines>
            </method>
            <method name="id_tarefa" signature="()" line-rate="1" branch-rate="1" complexity="NaN">
              <lines>
                <line number="21" hits="30" branch="false" />
              </lines>
            </method>
            <method name="id_tarefa" signature="(System.Int32)" line-rate="1" branch-rate="1" complexity="NaN">
              <lines>
                <line number="21" hits="30" branch="false" />
              </lines>
            </method>
            <method name=".ctor" signature="(System.String,System.Int32)" line-rate="1" branch-rate="1" complexity="NaN">
              <lines>
                <line number="7" hits="3" branch="false" />
                <line number="8" hits="3" branch="false" />
                <line number="9" hits="3" branch="false" />
                <line number="10" hits="3" branch="false" />
                <line number="11" hits="3" branch="false" />
                <line number="12" hits="3" branch="false" />
              </lines>
            </method>
            <method name=".ctor" signature="(System.String,System.Boolean,System.Int32)" line-rate="1" branch-rate="1" complexity="NaN">
              <lines>
                <line number="13" hits="12" branch="false" />
                <line number="14" hits="12" branch="false" />
                <line number="15" hits="12" branch="false" />
                <line number="16" hits="12" branch="false" />
                <line number="17" hits="12" branch="false" />
                <line number="18" hits="12" branch="false" />
              </lines>
            </method>
            <method name="concluir" signature="()" line-rate="1" branch-rate="1" complexity="1">
              <lines>
                <line number="23" hits="6" branch="false" />
              </lines>
            </method>
            <method name="ToString" signature="()" line-rate="0" branch-rate="0" complexity="3">
              <lines>
                <line number="25" hits="0" branch="false" />
                <line number="26" hits="0" branch="true" condition-coverage="0% (0/2)" />
                <line number="27" hits="0" branch="false" />
              </lines>
            </method>
            <method name="ToString" signature="(System.String)" line-rate="0" branch-rate="0" complexity="NaN">
              <lines>
                <line number="29" hits="0" branch="false" />
                <line number="30" hits="0" branch="true" condition-coverage="0% (0/2)" />
                <line number="31" hits="0" branch="false" />
              </lines>
            </method>
          </methods>
          <lines>
            <line number="7" hits="3" branch="false" />
            <line number="8" hits="3" branch="false" />
            <line number="9" hits="3" branch="false" />
            <line number="10" hits="3" branch="false" />
            <line number="11" hits="3" branch="false" />
            <line number="12" hits="3" branch="false" />
            <line number="13" hits="12" branch="false" />
            <line number="14" hits="12" branch="false" />
            <line number="15" hits="12" branch="false" />
            <line number="16" hits="12" branch="false" />
            <line number="17" hits="12" branch="false" />
            <line number="18" hits="12" branch="false" />
            <line number="19" hits="23" branch="false" />
            <line number="20" hits="18" branch="false" />
            <line number="21" hits="30" branch="false" />
            <line number="23" hits="6" branch="false" />
            <line number="25" hits="0" branch="false" />
            <line number="26" hits="0" branch="true" condition-coverage="0% (0/2)" />
            <line number="27" hits="0" branch="false" />
            <line number="29" hits="0" branch="false" />
            <line number="30" hits="0" branch="true" condition-coverage="0% (0/2)" />
            <line number="31" hits="0" branch="false" />
          </lines>
        </class>
        <class name="Controle_de_Tarefas.Dominio.Tarefa" filename="C:\Users\JX\Documents\GitHub\Controle de Tarefas\Controle de Tarefas\Domínio\Tarefa.cs" line-rate="0.7555555555555555" branch-rate="0.25" complexity="8">
          <methods>
            <method name="porcentagem_conclusao" signature="()" line-rate="1" branch-rate="1" complexity="NaN">
              <lines>
                <line number="25" hits="25" branch="false" />
              </lines>
            </method>
            <method name="porcentagem_conclusao" signature="(System.Int32)" line-rate="1" branch-rate="1" complexity="NaN">
              <lines>
                <line number="25" hits="25" branch="false" />
              </lines>
            </method>
            <method name="dt_criacao" signature="()" line-rate="1" branch-rate="1" complexity="NaN">
              <lines>
                <line number="26" hits="20" branch="false" />
              </lines>
            </method>
            <method name="dt_criacao" signature="(System.DateTime)" line-rate="1" branch-rate="1" complexity="NaN">
              <lines>
                <line number="26" hits="20" branch="false" />
              </lines>
            </method>
            <method name="dt_conclusao" signature="()" line-rate="1" branch-rate="1" complexity="NaN">
              <lines>
                <line number="27" hits="22" branch="false" />
              </lines>
            </method>
            <method name="dt_conclusao" signature="(System.DateTime)" line-rate="1" branch-rate="1" complexity="NaN">
              <lines>
                <line number="27" hits="22" branch="false" />
              </lines>
            </method>
            <method name="titulo" signature="()" line-rate="1" branch-rate="1" complexity="NaN">
              <lines>
                <line number="28" hits="22" branch="false" />
              </lines>
            </method>
            <method name="titulo" signature="(System.String)" line-rate="1" branch-rate="1" complexity="NaN">
              <lines>
                <line number="28" hits="22" branch="false" />
              </lines>
            </method>
            <method name="prioridade" signature="()" line-rate="1" branch-rate="1" complexity="NaN">
              <lines>
                <line number="29" hits="22" branch="false" />
              </lines>
            </method>
            <method name="prioridade" signature="(System.Int32)" line-rate="1" branch-rate="1" complexity="NaN">
              <lines>
                <line number="29" hits="22" branch="false" />
              </lines>
            </method>
            <method name=".ctor" signature="(System.Int32,System.String)" line-rate="1" branch-rate="1" complexity="NaN">
              <lines>
                <line number="8" hits="7" branch="false" />
                <line number="10" hits="7" branch="false" />
                <line number="11" hits="7" branch="false" />
                <line number="12" hits="7" branch="false" />
                <line number="13" hits="7" branch="false" />
                <line number="14" hits="7" branch="false" />
                <line number="15" hits="7" branch="false" />
                <line number="16" hits="7" branch="false" />
                <line number="17" hits="7" branch="false" />
              </lines>
            </method>
            <method name=".ctor" signature="(System.Int32,System.DateTime,System.Int32,System.String)" line-rate="0.5625" branch-rate="1" complexity="NaN">
              <lines>
                <line number="8" hits="7" branch="false" />
                <line number="10" hits="7" branch="false" />
                <line number="11" hits="7" branch="false" />
                <line number="12" hits="7" branch="false" />
                <line number="13" hits="7" branch="false" />
                <line number="14" hits="7" branch="false" />
                <line number="15" hits="7" branch="false" />
                <line number="16" hits="7" branch="false" />
                <line number="17" hits="7" branch="false" />
                <line number="18" hits="0" branch="false" />
                <line number="19" hits="0" branch="false" />
                <line number="20" hits="0" branch="false" />
                <line number="21" hits="0" branch="false" />
                <line number="22" hits="0" branch="false" />
                <line number="23" hits="0" branch="false" />
                <line number="24" hits="0" branch="false" />
              </lines>
            </method>
            <method name="addObjetivo" signature="()" line-rate="1" branch-rate="1" complexity="1">
              <lines>
                <line number="31" hits="4" branch="false" />
              </lines>
            </method>
            <method name="concluiTarefa" signature="()" line-rate="1" branch-rate="0.5" complexity="2">
              <lines>
                <line number="33" hits="2" branch="false" />
                <line number="34" hits="2" branch="false" />
                <line number="35" hits="2" branch="true" condition-coverage="50% (1/2)" />
                <line number="36" hits="2" branch="false" />
                <line number="37" hits="2" branch="false" />
              </lines>
            </method>
            <method name="editar" signature="(Controle_de_Tarefas.Dominio.Tarefa)" line-rate="1" branch-rate="1" complexity="NaN">
              <lines>
                <line number="39" hits="1" branch="false" />
                <line number="40" hits="1" branch="false" />
                <line number="41" hits="1" branch="false" />
                <line number="42" hits="1" branch="false" />
                <line number="43" hits="1" branch="false" />
              </lines>
            </method>
            <method name="resetaDt_Conclusao" signature="()" line-rate="1" branch-rate="1" complexity="1">
              <lines>
                <line number="45" hits="8" branch="false" />
                <line number="46" hits="8" branch="false" />
                <line number="47" hits="8" branch="false" />
              </lines>
            </method>
            <method name="atualizaConclusao" signature="()" line-rate="1" branch-rate="1" complexity="1">
              <lines>
                <line number="49" hits="3" branch="false" />
                <line number="50" hits="3" branch="false" />
                <line number="51" hits="3" branch="false" />
                <line number="52" hits="3" branch="false" />
                <line number="53" hits="3" branch="false" />
                <line number="54" hits="3" branch="false" />
              </lines>
            </method>
            <method name="ToString" signature="()" line-rate="0" branch-rate="0" complexity="3">
              <lines>
                <line number="56" hits="0" branch="false" />
                <line number="57" hits="0" branch="true" condition-coverage="0% (0/2)" />
                <line number="58" hits="0" branch="false" />
                <line number="59" hits="0" branch="false" />
              </lines>
            </method>
          </methods>
          <lines>
            <line number="8" hits="7" branch="false" />
            <line number="10" hits="7" branch="false" />
            <line number="11" hits="7" branch="false" />
            <line number="12" hits="7" branch="false" />
            <line number="13" hits="7" branch="false" />
            <line number="14" hits="7" branch="false" />
            <line number="15" hits="7" branch="false" />
            <line number="16" hits="7" branch="false" />
            <line number="17" hits="7" branch="false" />
            <line number="18" hits="0" branch="false" />
            <line number="19" hits="0" branch="false" />
            <line number="20" hits="0" branch="false" />
            <line number="21" hits="0" branch="false" />
            <line number="22" hits="0" branch="false" />
            <line number="23" hits="0" branch="false" />
            <line number="24" hits="0" branch="false" />
            <line number="25" hits="25" branch="false" />
            <line number="26" hits="20" branch="false" />
            <line number="27" hits="22" branch="false" />
            <line number="28" hits="22" branch="false" />
            <line number="29" hits="22" branch="false" />
            <line number="31" hits="4" branch="false" />
            <line number="33" hits="2" branch="false" />
            <line number="34" hits="2" branch="false" />
            <line number="35" hits="2" branch="true" condition-coverage="50% (1/2)" />
            <line number="36" hits="2" branch="false" />
            <line number="37" hits="2" branch="false" />
            <line number="39" hits="1" branch="false" />
            <line number="40" hits="1" branch="false" />
            <line number="41" hits="1" branch="false" />
            <line number="42" hits="1" branch="false" />
            <line number="43" hits="1" branch="false" />
            <line number="45" hits="8" branch="false" />
            <line number="46" hits="8" branch="false" />
            <line number="47" hits="8" branch="false" />
            <line number="49" hits="3" branch="false" />
            <line number="50" hits="3" branch="false" />
            <line number="51" hits="3" branch="false" />
            <line number="52" hits="3" branch="false" />
            <line number="53" hits="3" branch="false" />
            <line number="54" hits="3" branch="false" />
            <line number="56" hits="0" branch="false" />
            <line number="57" hits="0" branch="true" condition-coverage="0% (0/2)" />
            <line number="58" hits="0" branch="false" />
            <line number="59" hits="0" branch="false" />
          </lines>
        </class>
        <class name="Controle_de_Tarefas.Program" filename="C:\Users\JX\Documents\GitHub\Controle de Tarefas\Controle de Tarefas\Program.cs" line-rate="0" branch-rate="1" complexity="NaN">
          <methods>
            <method name="Main" signature="(System.String[])" line-rate="0" branch-rate="1" complexity="NaN">
              <lines>
                <line number="8" hits="0" branch="false" />
                <line number="9" hits="0" branch="false" />
                <line number="10" hits="0" branch="false" />
                <line number="11" hits="0" branch="false" />
              </lines>
            </method>
          </methods>
          <lines>
            <line number="8" hits="0" branch="false" />
            <line number="9" hits="0" branch="false" />
            <line number="10" hits="0" branch="false" />
            <line number="11" hits="0" branch="false" />
          </lines>
        </class>
        <class name="Controle_de_Tarefas.Telas.Extensions" filename="C:\Users\JX\Documents\GitHub\Controle de Tarefas\Controle de Tarefas\Telas\Tela.cs" line-rate="0" branch-rate="0" complexity="NaN">
          <methods>
            <method name="mostrarLista" signature="(System.Collections.IList)" line-rate="0" branch-rate="0" complexity="NaN">
              <lines>
                <line number="88" hits="0" branch="false" />
                <line number="89" hits="0" branch="true" condition-coverage="0% (0/2)" />
                <line number="90" hits="0" branch="false" />
                <line number="91" hits="0" branch="false" />
                <line number="92" hits="0" branch="false" />
                <line number="95" hits="0" branch="false" />
                <line number="96" hits="0" branch="false" />
                <line number="97" hits="0" branch="false" />
                <line number="98" hits="0" branch="false" />
                <line number="100" hits="0" branch="false" />
              </lines>
            </method>
            <method name="mostrarMensagem" signature="(Controle_de_Tarefas.Telas.TipoMensagem,System.String)" line-rate="0" branch-rate="0" complexity="NaN">
              <lines>
                <line number="102" hits="0" branch="false" />
                <line number="103" hits="0" branch="true" condition-coverage="0% (0/6)" />
                <line number="105" hits="0" branch="false" />
                <line number="106" hits="0" branch="false" />
                <line number="107" hits="0" branch="false" />
                <line number="108" hits="0" branch="false" />
                <line number="109" hits="0" branch="false" />
                <line number="112" hits="0" branch="false" />
                <line number="113" hits="0" branch="false" />
                <line number="114" hits="0" branch="true" condition-coverage="0% (0/4)" />
                <line number="115" hits="0" branch="false" />
              </lines>
            </method>
            <method name="ObterCamposDB" signature="(System.Data.SqlClient.SqlDataReader)" line-rate="0" branch-rate="0" complexity="NaN">
              <lines>
                <line number="117" hits="0" branch="false" />
                <line number="118" hits="0" branch="false" />
                <line number="119" hits="0" branch="true" condition-coverage="0% (0/2)" />
                <line number="120" hits="0" branch="false" />
                <line number="121" hits="0" branch="false" />
                <line number="122" hits="0" branch="false" />
              </lines>
            </method>
          </methods>
          <lines>
            <line number="88" hits="0" branch="false" />
            <line number="89" hits="0" branch="true" condition-coverage="0% (0/2)" />
            <line number="90" hits="0" branch="false" />
            <line number="91" hits="0" branch="false" />
            <line number="92" hits="0" branch="false" />
            <line number="95" hits="0" branch="false" />
            <line number="96" hits="0" branch="false" />
            <line number="97" hits="0" branch="false" />
            <line number="98" hits="0" branch="false" />
            <line number="100" hits="0" branch="false" />
            <line number="102" hits="0" branch="false" />
            <line number="103" hits="0" branch="true" condition-coverage="0% (0/6)" />
            <line number="105" hits="0" branch="false" />
            <line number="106" hits="0" branch="false" />
            <line number="107" hits="0" branch="false" />
            <line number="108" hits="0" branch="false" />
            <line number="109" hits="0" branch="false" />
            <line number="112" hits="0" branch="false" />
            <line number="113" hits="0" branch="false" />
            <line number="114" hits="0" branch="true" condition-coverage="0% (0/4)" />
            <line number="115" hits="0" branch="false" />
            <line number="117" hits="0" branch="false" />
            <line number="118" hits="0" branch="false" />
            <line number="119" hits="0" branch="true" condition-coverage="0% (0/2)" />
            <line number="120" hits="0" branch="false" />
            <line number="121" hits="0" branch="false" />
            <line number="122" hits="0" branch="false" />
          </lines>
        </class>
        <class name="Controle_de_Tarefas.Telas.Tela`1" filename="C:\Users\JX\Documents\GitHub\Controle de Tarefas\Controle de Tarefas\Telas\Tela.cs" line-rate="0" branch-rate="0" complexity="7">
          <methods>
            <method name=".ctor" signature="(Controle_de_Tarefas.Controladores.Controlador`1&lt;T&gt;)" line-rate="0" branch-rate="1" complexity="NaN">
              <lines>
                <line number="14" hits="0" branch="false" />
                <line number="15" hits="0" branch="false" />
                <line number="16" hits="0" branch="false" />
                <line number="17" hits="0" branch="false" />
              </lines>
            </method>
            <method name="obterOpcao" signature="()" line-rate="0" branch-rate="1" complexity="1">
              <lines>
                <line number="22" hits="0" branch="false" />
                <line number="23" hits="0" branch="false" />
                <line number="24" hits="0" branch="false" />
              </lines>
            </method>
            <method name="obterOpcao" signature="(System.Collections.Generic.List`1&lt;T&gt;)" line-rate="0" branch-rate="0" complexity="NaN">
              <lines>
                <line number="26" hits="0" branch="false" />
                <line number="27" hits="0" branch="false" />
                <line number="28" hits="0" branch="true" condition-coverage="0% (0/2)" />
                <line number="29" hits="0" branch="false" />
                <line number="31" hits="0" branch="false" />
                <line number="32" hits="0" branch="false" />
                <line number="34" hits="0" branch="true" condition-coverage="0% (0/2)" />
                <line number="36" hits="0" branch="true" condition-coverage="0% (0/2)" />
                <line number="37" hits="0" branch="false" />
                <line number="38" hits="0" branch="false" />
                <line number="39" hits="0" branch="false" />
                <line number="41" hits="0" branch="false" />
                <line number="42" hits="0" branch="false" />
                <line number="43" hits="0" branch="false" />
              </lines>
            </method>
            <method name="opcaoValida" signature="(System.String,System.Collections.Generic.List`1&lt;T&gt;)" line-rate="0" branch-rate="0" complexity="NaN">
              <lines>
                <line number="45" hits="0" branch="false" />
                <line number="46" hits="0" branch="true" condition-coverage="0% (0/2)" />
                <line number="47" hits="0" branch="false" />
              </lines>
            </method>
            <method name="visualizar" signature="()" line-rate="0" branch-rate="1" complexity="1">
              <lines>
                <line number="49" hits="0" branch="false" />
                <line number="50" hits="0" branch="false" />
                <line number="51" hits="0" branch="false" />
              </lines>
            </method>
            <method name="visualizar" signature="(System.Collections.Generic.List`1&lt;T&gt;)" line-rate="0" branch-rate="1" complexity="NaN">
              <lines>
                <line number="53" hits="0" branch="false" />
                <line number="54" hits="0" branch="false" />
                <line number="55" hits="0" branch="false" />
                <line number="56" hits="0" branch="false" />
                <line number="57" hits="0" branch="false" />
                <line number="58" hits="0" branch="false" />
              </lines>
            </method>
            <method name="cadastrar" signature="()" line-rate="0" branch-rate="1" complexity="1">
              <lines>
                <line number="60" hits="0" branch="false" />
                <line number="61" hits="0" branch="false" />
                <line number="62" hits="0" branch="false" />
                <line number="63" hits="0" branch="false" />
              </lines>
            </method>
            <method name="editar" signature="()" line-rate="0" branch-rate="0" complexity="2">
              <lines>
                <line number="65" hits="0" branch="false" />
                <line number="66" hits="0" branch="false" />
                <line number="67" hits="0" branch="true" condition-coverage="0% (0/2)" />
                <line number="69" hits="0" branch="false" />
                <line number="70" hits="0" branch="false" />
                <line number="71" hits="0" branch="false" />
              </lines>
            </method>
            <method name="excluir" signature="()" line-rate="0" branch-rate="0" complexity="2">
              <lines>
                <line number="73" hits="0" branch="false" />
                <line number="74" hits="0" branch="false" />
                <line number="75" hits="0" branch="true" condition-coverage="0% (0/2)" />
                <line number="77" hits="0" branch="false" />
                <line number="78" hits="0" branch="false" />
                <line number="79" hits="0" branch="false" />
              </lines>
            </method>
          </methods>
          <lines>
            <line number="14" hits="0" branch="false" />
            <line number="15" hits="0" branch="false" />
            <line number="16" hits="0" branch="false" />
            <line number="17" hits="0" branch="false" />
            <line number="22" hits="0" branch="false" />
            <line number="23" hits="0" branch="false" />
            <line number="24" hits="0" branch="false" />
            <line number="26" hits="0" branch="false" />
            <line number="27" hits="0" branch="false" />
            <line number="28" hits="0" branch="true" condition-coverage="0% (0/2)" />
            <line number="29" hits="0" branch="false" />
            <line number="31" hits="0" branch="false" />
            <line number="32" hits="0" branch="false" />
            <line number="34" hits="0" branch="true" condition-coverage="0% (0/2)" />
            <line number="36" hits="0" branch="true" condition-coverage="0% (0/2)" />
            <line number="37" hits="0" branch="false" />
            <line number="38" hits="0" branch="false" />
            <line number="39" hits="0" branch="false" />
            <line number="41" hits="0" branch="false" />
            <line number="42" hits="0" branch="false" />
            <line number="43" hits="0" branch="false" />
            <line number="45" hits="0" branch="false" />
            <line number="46" hits="0" branch="true" condition-coverage="0% (0/2)" />
            <line number="47" hits="0" branch="false" />
            <line number="49" hits="0" branch="false" />
            <line number="50" hits="0" branch="false" />
            <line number="51" hits="0" branch="false" />
            <line number="53" hits="0" branch="false" />
            <line number="54" hits="0" branch="false" />
            <line number="55" hits="0" branch="false" />
            <line number="56" hits="0" branch="false" />
            <line number="57" hits="0" branch="false" />
            <line number="58" hits="0" branch="false" />
            <line number="60" hits="0" branch="false" />
            <line number="61" hits="0" branch="false" />
            <line number="62" hits="0" branch="false" />
            <line number="63" hits="0" branch="false" />
            <line number="65" hits="0" branch="false" />
            <line number="66" hits="0" branch="false" />
            <line number="67" hits="0" branch="true" condition-coverage="0% (0/2)" />
            <line number="69" hits="0" branch="false" />
            <line number="70" hits="0" branch="false" />
            <line number="71" hits="0" branch="false" />
            <line number="73" hits="0" branch="false" />
            <line number="74" hits="0" branch="false" />
            <line number="75" hits="0" branch="true" condition-coverage="0% (0/2)" />
            <line number="77" hits="0" branch="false" />
            <line number="78" hits="0" branch="false" />
            <line number="79" hits="0" branch="false" />
          </lines>
        </class>
        <class name="Controle_de_Tarefas.Telas.TelaCompromissos" filename="C:\Users\JX\Documents\GitHub\Controle de Tarefas\Controle de Tarefas\Telas\TelaCompromissos.cs" line-rate="0" branch-rate="0" complexity="32">
          <methods>
[...]
            <line number="50" hits="0" branch="false" />
            <line number="51" hits="0" branch="false" />
            <line number="52" hits="0" branch="false" />
            <line number="53" hits="0" branch="false" />
            <line number="54" hits="0" branch="false" />
            <line number="55" hits="0" branch="true" condition-coverage="0% (0/4)" />
            <line number="56" hits="0" branch="false" />
            <line number="57" hits="0" branch="false" />
            <line number="58" hits="0" branch="false" />
            <line number="60" hits="0" branch="false" />
            <line number="61" hits="0" branch="false" />
            <line number="63" hits="0" branch="false" />
            <line number="64" hits="0" branch="false" />
            <line number="65" hits="0" branch="false" />
            <line number="67" hits="0" branch="true" condition-coverage="0% (0/2)" />
            <line number="69" hits="0" branch="false" />
            <line number="70" hits="0" branch="false" />
            <line number="71" hits="0" branch="false" />
            <line number="72" hits="0" branch="false" />
          </lines>
        </class>
      </classes>
    </package>
    <package name="UnitTestProject" line-rate="1" branch-rate="1" complexity="23">
      <classes>
        <class name="UnitTestProject.TestesCompromissos" filename="C:\Users\JX\Documents\GitHub\Controle de Tarefas\UnitTestProject\TestesCompromissos.cs" line-rate="1" branch-rate="1" complexity="8">
          <methods>
            <method name="inserirCompromisso" signature="()" line-rate="1" branch-rate="1" complexity="1">
              <lines>
                <line number="15" hits="12" branch="false" />
              </lines>
            </method>
            <method name="excluirCompromisso" signature="()" line-rate="1" branch-rate="1" complexity="1">
              <lines>
                <line number="16" hits="12" branch="false" />
              </lines>
            </method>
            <method name="adicionarCompromisso" signature="()" line-rate="1" branch-rate="1" complexity="1">
              <lines>
                <line number="20" hits="1" branch="false" />
                <line number="21" hits="1" branch="false" />
                <line number="22" hits="1" branch="false" />
                <line number="23" hits="1" branch="false" />
                <line number="24" hits="1" branch="false" />
              </lines>
            </method>
            <method name="editarCompromisso" signature="()" line-rate="1" branch-rate="1" complexity="1">
              <lines>
                <line number="27" hits="1" branch="false" />
                <line number="28" hits="1" branch="false" />
                <line number="29" hits="1" branch="false" />
                <line number="30" hits="1" branch="false" />
                <line number="32" hits="1" branch="false" />
                <line number="33" hits="1" branch="false" />
                <line number="34" hits="1" branch="false" />
                <line number="35" hits="1" branch="false" />
                <line number="36" hits="1" branch="false" />
                <line number="37" hits="1" branch="false" />
                <line number="38" hits="1" branch="false" />
              </lines>
            </method>
            <method name="testeExcluirCompromisso" signature="()" line-rate="1" branch-rate="1" complexity="1">
              <lines>
                <line number="41" hits="1" branch="false" />
                <line number="42" hits="1" branch="false" />
                <line number="43" hits="1" branch="false" />
                <line number="44" hits="1" branch="false" />
                <line number="45" hits="1" branch="false" />
              </lines>
            </method>
            <method name="testeSelecionarCompromissoSemContato" signature="()" line-rate="1" branch-rate="1" complexity="1">
              <lines>
                <line number="48" hits="1" branch="false" />
                <line number="49" hits="1" branch="false" />
                <line number="50" hits="1" branch="false" />
                <line number="51" hits="1" branch="false" />
                <line number="52" hits="1" branch="false" />
                <line number="53" hits="1" branch="false" />
                <line number="54" hits="1" branch="false" />
              </lines>
            </method>
            <method name=".ctor" signature="()" line-rate="1" branch-rate="1" complexity="1">
              <lines>
                <line number="11" hits="4" branch="false" />
                <line number="12" hits="1" branch="false" />
                <line number="13" hits="4" branch="false" />
              </lines>
            </method>
            <method name=".cctor" signature="()" line-rate="1" branch-rate="1" complexity="1">
              <lines>
                <line number="12" hits="1" branch="false" />
              </lines>
            </method>
          </methods>
          <lines>
            <line number="11" hits="4" branch="false" />
            <line number="12" hits="1" branch="false" />
            <line number="13" hits="4" branch="false" />
            <line number="15" hits="12" branch="false" />
            <line number="16" hits="12" branch="false" />
            <line number="20" hits="1" branch="false" />
            <line number="21" hits="1" branch="false" />
            <line number="22" hits="1" branch="false" />
            <line number="23" hits="1" branch="false" />
            <line number="24" hits="1" branch="false" />
            <line number="27" hits="1" branch="false" />
            <line number="28" hits="1" branch="false" />
            <line number="29" hits="1" branch="false" />
            <line number="30" hits="1" branch="false" />
            <line number="32" hits="1" branch="false" />
            <line number="33" hits="1" branch="false" />
            <line number="34" hits="1" branch="false" />
            <line number="35" hits="1" branch="false" />
            <line number="36" hits="1" branch="false" />
            <line number="37" hits="1" branch="false" />
            <line number="38" hits="1" branch="false" />
            <line number="41" hits="1" branch="false" />
            <line number="42" hits="1" branch="false" />
            <line number="43" hits="1" branch="false" />
            <line number="44" hits="1" branch="false" />
            <line number="45" hits="1" branch="false" />
            <line number="48" hits="1" branch="false" />
            <line number="49" hits="1" branch="false" />
            <line number="50" hits="1" branch="false" />
            <line number="51" hits="1" branch="false" />
            <line number="52" hits="1" branch="false" />
            <line number="53" hits="1" branch="false" />
            <line number="54" hits="1" branch="false" />
          </lines>
        </class>
        <class name="UnitTestProject.TestesContatos" filename="C:\Users\JX\Documents\GitHub\Controle de Tarefas\UnitTestProject\TestesContatos.cs" line-rate="1" branch-rate="1" complexity="6">
          <methods>
            <method name="inserirContato" signature="()" line-rate="1" branch-rate="1" complexity="1">
              <lines>
                <line number="13" hits="9" branch="false" />
              </lines>
            </method>
            <method name="excluirContato" signature="()" line-rate="1" branch-rate="1" complexity="1">
              <lines>
                <line number="14" hits="9" branch="false" />
              </lines>
            </method>
            <method name="adicionarContato" signature="()" line-rate="1" branch-rate="1" complexity="1">
              <lines>
                <line number="18" hits="1" branch="false" />
                <line number="19" hits="1" branch="false" />
                <line number="20" hits="1" branch="false" />
                <line number="21" hits="1" branch="false" />
                <line number="22" hits="1" branch="false" />
              </lines>
            </method>
            <method name="editarContato" signature="()" line-rate="1" branch-rate="1" complexity="1">
              <lines>
                <line number="25" hits="1" branch="false" />
                <line number="26" hits="1" branch="false" />
                <line number="27" hits="1" branch="false" />
                <line number="28" hits="1" branch="false" />
                <line number="30" hits="1" branch="false" />
                <line number="31" hits="1" branch="false" />
                <line number="32" hits="1" branch="false" />
                <line number="33" hits="1" branch="false" />
                <line number="34" hits="1" branch="false" />
                <line number="35" hits="1" branch="false" />
                <line number="36" hits="1" branch="false" />
                <line number="37" hits="1" branch="false" />
                <line number="38" hits="1" branch="false" />
              </lines>
            </method>
            <method name="ExcluirContato" signature="()" line-rate="1" branch-rate="1" complexity="1">
              <lines>
                <line number="41" hits="1" branch="false" />
                <line number="42" hits="1" branch="false" />
                <line number="43" hits="1" branch="false" />
                <line number="44" hits="1" branch="false" />
                <line number="45" hits="1" branch="false" />
              </lines>
            </method>
            <method name=".ctor" signature="()" line-rate="1" branch-rate="1" complexity="1">
              <lines>
                <line number="10" hits="3" branch="false" />
                <line number="11" hits="3" branch="false" />
              </lines>
            </method>
          </methods>
          <lines>
            <line number="10" hits="3" branch="false" />
            <line number="11" hits="3" branch="false" />
            <line number="13" hits="9" branch="false" />
            <line number="14" hits="9" branch="false" />
            <line number="18" hits="1" branch="false" />
            <line number="19" hits="1" branch="false" />
            <line number="20" hits="1" branch="false" />
            <line number="21" hits="1" branch="false" />
            <line number="22" hits="1" branch="false" />
            <line number="25" hits="1" branch="false" />
            <line number="26" hits="1" branch="false" />
            <line number="27" hits="1" branch="false" />
            <line number="28" hits="1" branch="false" />
            <line number="30" hits="1" branch="false" />
            <line number="31" hits="1" branch="false" />
            <line number="32" hits="1" branch="false" />
            <line number="33" hits="1" branch="false" />
            <line number="34" hits="1" branch="false" />
            <line number="35" hits="1" branch="false" />
            <line number="36" hits="1" branch="false" />
            <line number="37" hits="1" branch="false" />
            <line number="38" hits="1" branch="false" />
            <line number="41" hits="1" branch="false" />
            <line number="42" hits="1" branch="false" />
            <line number="43" hits="1" branch="false" />
            <line number="44" hits="1" branch="false" />
            <line number="45" hits="1" branch="false" />
          </lines>
        </class>
        <class name="UnitTestProject.TestesTarefas" filename="C:\Users\JX\Documents\GitHub\Controle de Tarefas\UnitTestProject\TestesTarefas.cs" line-rate="1" branch-rate="1" complexity="9">
          <methods>
            <method name="inserirTarefa" signature="()" line-rate="1" branch-rate="1" complexity="1">
              <lines>
                <line number="14" hits="18" branch="false" />
              </lines>
            </method>
            <method name="excluirTarefa" signature="()" line-rate="1" branch-rate="1" complexity="1">
              <lines>
                <line number="15" hits="18" branch="false" />
              </lines>
            </method>
            <method name="adicionarTarefa" signature="()" line-rate="1" branch-rate="1" complexity="1">
              <lines>
                <line number="19" hits="1" branch="false" />
                <line number="20" hits="1" branch="false" />
                <line number="21" hits="1" branch="false" />
                <line number="22" hits="1" branch="false" />
                <line number="23" hits="1" branch="false" />
              </lines>
            </method>
            <method name="editarTarefa" signature="()" line-rate="1" branch-rate="1" complexity="1">
              <lines>
                <line number="26" hits="1" branch="false" />
                <line number="27" hits="1" branch="false" />
                <line number="28" hits="1" branch="false" />
                <line number="29" hits="1" branch="false" />
                <line number="30" hits="1" branch="false" />
                <line number="32" hits="1" branch="false" />
                <line number="33" hits="1" branch="false" />
                <line number="34" hits="1" branch="false" />
                <line number="35" hits="1" branch="false" />
                <line number="36" hits="1" branch="false" />
                <line number="37" hits="1" branch="false" />
                <line number="38" hits="1" branch="false" />
              </lines>
            </method>
            <method name="PorcentagemConclusao100AoConcluir" signature="()" line-rate="1" branch-rate="1" complexity="1">
              <lines>
                <line number="41" hits="1" branch="false" />
                <line number="42" hits="1" branch="false" />
                <line number="44" hits="1" branch="false" />
                <line number="45" hits="1" branch="false" />
                <line number="46" hits="1" branch="false" />
                <line number="48" hits="1" branch="false" />
                <line number="50" hits="1" branch="false" />
                <line number="52" hits="1" branch="false" />
                <line number="53" hits="1" branch="false" />
                <line number="54" hits="1" branch="false" />
              </lines>
            </method>
            <method name="mudarPorcentagemConclusao" signature="()" line-rate="1" branch-rate="1" complexity="1">
              <lines>
                <line number="57" hits="1" branch="false" />
                <line number="58" hits="1" branch="false" />
                <line number="59" hits="1" branch="false" />
                <line number="60" hits="1" branch="false" />
                <line number="62" hits="1" branch="false" />
                <line number="64" hits="1" branch="false" />
                <line number="66" hits="1" branch="false" />
                <line number="67" hits="1" branch="false" />
                <line number="68" hits="1" branch="false" />
              </lines>
            </method>
            <method name="DataConclusaoValidaAoConcluir" signature="()" line-rate="1" branch-rate="1" complexity="1">
              <lines>
                <line number="71" hits="1" branch="false" />
                <line number="72" hits="1" branch="false" />
                <line number="74" hits="1" branch="false" />
                <line number="75" hits="1" branch="false" />
                <line number="76" hits="1" branch="false" />
                <line number="78" hits="1" branch="false" />
                <line number="80" hits="1" branch="false" />
                <line number="82" hits="1" branch="false" />
                <line number="83" hits="1" branch="false" />
                <line number="84" hits="1" branch="false" />
              </lines>
            </method>
            <method name="testeExcluirTarefa" signature="()" line-rate="1" branch-rate="1" complexity="1">
              <lines>
                <line number="87" hits="1" branch="false" />
                <line number="88" hits="1" branch="false" />
                <line number="89" hits="1" branch="false" />
                <line number="90" hits="1" branch="false" />
                <line number="91" hits="1" branch="false" />
              </lines>
            </method>
            <method name=".ctor" signature="()" line-rate="1" branch-rate="1" complexity="1">
              <lines>
                <line number="11" hits="6" branch="false" />
                <line number="12" hits="6" branch="false" />
                <line number="13" hits="6" branch="false" />
              </lines>
            </method>
          </methods>
          <lines>
            <line number="11" hits="6" branch="false" />
            <line number="12" hits="6" branch="false" />
            <line number="13" hits="6" branch="false" />
            <line number="14" hits="18" branch="false" />
            <line number="15" hits="18" branch="false" />
            <line number="19" hits="1" branch="false" />
            <line number="20" hits="1" branch="false" />
            <line number="21" hits="1" branch="false" />
            <line number="22" hits="1" branch="false" />
            <line number="23" hits="1" branch="false" />
            <line number="26" hits="1" branch="false" />
            <line number="27" hits="1" branch="false" />
            <line number="28" hits="1" branch="false" />
            <line number="29" hits="1" branch="false" />
            <line number="30" hits="1" branch="false" />
            <line number="32" hits="1" branch="false" />
            <line number="33" hits="1" branch="false" />
            <line number="34" hits="1" branch="false" />
            <line number="35" hits="1" branch="false" />
            <line number="36" hits="1" branch="false" />
            <line number="37" hits="1" branch="false" />
            <line number="38" hits="1" branch="false" />
            <line number="41" hits="1" branch="false" />
            <line number="42" hits="1" branch="false" />
            <line number="44" hits="1" branch="false" />
            <line number="45" hits="1" branch="false" />
            <line number="46" hits="1" branch="false" />
            <line number="48" hits="1" branch="false" />
            <line number="50" hits="1" branch="false" />
            <line number="52" hits="1" branch="false" />
            <line number="53" hits="1" branch="false" />
            <line number="54" hits="1" branch="false" />
            <line number="57" hits="1" branch="false" />
            <line number="58" hits="1" branch="false" />
            <line number="59" hits="1" branch="false" />
            <line number="60" hits="1" branch="false" />
            <line number="62" hits="1" branch="false" />
            <line number="64" hits="1" branch="false" />
            <line number="66" hits="1" branch="false" />
            <line number="67" hits="1" branch="false" />
            <line number="68" hits="1" branch="false" />
            <line number="71" hits="1" branch="false" />
            <line number="72" hits="1" branch="false" />
            <line number="74" hits="1" branch="false" />
            <line number="75" hits="1" branch="false" />
            <line number="76" hits="1" branch="false" />
            <line number="78" hits="1" branch="false" />
            <line number="80" hits="1" branch="false" />
            <line number="82" hits="1" branch="false" />
            <line number="83" hits="1" branch="false" />
            <line number="84" hits="1" branch="false" />
            <line number="87" hits="1" branch="false" />
            <line number="88" hits="1" branch="false" />
            <line number="89" hits="1" branch="false" />
            <line number="90" hits="1" branch="false" />
            <line number="91" hits="1" branch="false" />
          </lines>
        </class>
      </classes>
    </package>
  </packages>
</coverage>