<?xml version="1.0" encoding="utf-8"?>
<CoverageSession xmlns:xsd="http://www.w3.org/2001/XMLSchema" xmlns:xsi="http://www.w3.org/2001/XMLSchema-instance" Version="4.7.922.0">
  <Summary numSequencePoints="630" visitedSequencePoints="268" numBranchPoints="240" visitedBranchPoints="87" sequenceCoverage="42.54" branchCoverage="36.25" maxCyclomaticComplexity="8" minCyclomaticComplexity="1" maxCrapScore="72" minCrapScore="1" visitedClasses="16" numClasses="25" visitedMethods="74" numMethods="116" />
  <Modules>
    <Module hash="95-AD-3E-CD-8F-28-24-E1-E5-01-6C-BA-48-8C-8B-C8-4F-7C-3B-0C">
      <Summary numSequencePoints="78" visitedSequencePoints="78" numBranchPoints="13" visitedBranchPoints="13" sequenceCoverage="100" branchCoverage="100" maxCyclomaticComplexity="1" minCyclomaticComplexity="1" maxCrapScore="1" minCrapScore="1" visitedClasses="2" numClasses="2" visitedMethods="13" numMethods="13" />
      <ModulePath>C:\Users\JX\Documents\GitHub\Controle de Tarefas\UnitTestProject\bin\Debug\fine-code-coverage\build-output\UnitTestProject.dll</ModulePath>
      <ModuleTime>2021-06-22T17:53:52.6024039Z</ModuleTime>
      <ModuleName>UnitTestProject</ModuleName>
      <Files>
        <File uid="1" fullPath="C:\Users\JX\Documents\GitHub\Controle de Tarefas\UnitTestProject\TestesContatos.cs" />
        <File uid="2" fullPath="C:\Users\JX\Documents\GitHub\Controle de Tarefas\UnitTestProject\TestesTarefas.cs" />
      </Files>
      <Classes>
        <Class>
          <Summary numSequencePoints="18" visitedSequencePoints="18" numBranchPoints="4" visitedBranchPoints="4" sequenceCoverage="100" branchCoverage="100" maxCyclomaticComplexity="1" minCyclomaticComplexity="1" maxCrapScore="1" minCrapScore="1" visitedClasses="1" numClasses="1" visitedMethods="4" numMethods="4" />
          <FullName>UnitTestProject.TestesContatos</FullName>
          <Methods>
            <Method visited="true" cyclomaticComplexity="1" nPathComplexity="0" sequenceCoverage="100" branchCoverage="100" crapScore="1" isConstructor="false" isStatic="false" isGetter="false" isSetter="false">
              <Summary numSequencePoints="5" visitedSequencePoints="5" numBranchPoints="1" visitedBranchPoints="1" sequenceCoverage="100" branchCoverage="100" maxCyclomaticComplexity="1" minCyclomaticComplexity="1" maxCrapScore="1" minCrapScore="1" visitedClasses="0" numClasses="0" visitedMethods="1" numMethods="1" />
              <MetadataToken>100663297</MetadataToken>
              <Name>System.Void UnitTestProject.TestesContatos::adicionarContato()</Name>
              <FileRef uid="1" />
              <SequencePoints>
                <SequencePoint vc="1" uspid="1" ordinal="0" offset="0" sl="18" sc="9" el="18" ec="10" bec="0" bev="0" fileid="1" />
                <SequencePoint vc="1" uspid="2" ordinal="1" offset="1" sl="19" sc="13" el="19" ec="27" bec="0" bev="0" fileid="1" />
                <SequencePoint vc="1" uspid="3" ordinal="2" offset="19" sl="20" sc="13" el="20" ec="41" bec="0" bev="0" fileid="1" />
                <SequencePoint vc="1" uspid="4" ordinal="3" offset="46" sl="22" sc="13" el="22" ec="58" bec="0" bev="0" fileid="1" />
                <SequencePoint vc="1" uspid="5" ordinal="4" offset="85" sl="23" sc="9" el="23" ec="10" bec="0" bev="0" fileid="1" />
              </SequencePoints>
              <BranchPoints />
              <MethodPoint xsi:type="SequencePoint" vc="1" uspid="1" ordinal="0" offset="0" sl="18" sc="9" el="18" ec="10" bec="0" bev="0" fileid="1" />
            </Method>
            <Method visited="true" cyclomaticComplexity="1" nPathComplexity="0" sequenceCoverage="100" branchCoverage="100" crapScore="1" isConstructor="false" isStatic="false" isGetter="false" isSetter="false">
              <Summary numSequencePoints="6" visitedSequencePoints="6" numBranchPoints="1" visitedBranchPoints="1" sequenceCoverage="100" branchCoverage="100" maxCyclomaticComplexity="1" minCyclomaticComplexity="1" maxCrapScore="1" minCrapScore="1" visitedClasses="0" numClasses="0" visitedMethods="1" numMethods="1" />
              <MetadataToken>100663298</MetadataToken>
              <Name>System.Void UnitTestProject.TestesContatos::editarContato()</Name>
              <FileRef uid="1" />
              <SequencePoints>
                <SequencePoint vc="1" uspid="6" ordinal="0" offset="0" sl="26" sc="9" el="26" ec="10" bec="0" bev="0" fileid="1" />
                <SequencePoint vc="1" uspid="7" ordinal="1" offset="1" sl="27" sc="13" el="27" ec="110" bec="0" bev="0" fileid="1" />
                <SequencePoint vc="1" uspid="8" ordinal="2" offset="32" sl="28" sc="13" el="28" ec="41" bec="0" bev="0" fileid="1" />
                <SequencePoint vc="1" uspid="9" ordinal="3" offset="59" sl="30" sc="13" el="30" ec="33" bec="0" bev="0" fileid="1" />
                <SequencePoint vc="1" uspid="10" ordinal="4" offset="78" sl="32" sc="13" el="32" ec="63" bec="0" bev="0" fileid="1" />
                <SequencePoint vc="1" uspid="11" ordinal="5" offset="112" sl="33" sc="9" el="33" ec="10" bec="0" bev="0" fileid="1" />
              </SequencePoints>
              <BranchPoints />
              <MethodPoint xsi:type="SequencePoint" vc="1" uspid="6" ordinal="0" offset="0" sl="26" sc="9" el="26" ec="10" bec="0" bev="0" fileid="1" />
            </Method>
            <Method visited="true" cyclomaticComplexity="1" nPathComplexity="0" sequenceCoverage="100" branchCoverage="100" crapScore="1" isConstructor="false" isStatic="false" isGetter="false" isSetter="false">
              <Summary numSequencePoints="5" visitedSequencePoints="5" numBranchPoints="1" visitedBranchPoints="1" sequenceCoverage="100" branchCoverage="100" maxCyclomaticComplexity="1" minCyclomaticComplexity="1" maxCrapScore="1" minCrapScore="1" visitedClasses="0" numClasses="0" visitedMethods="1" numMethods="1" />
              <MetadataToken>100663299</MetadataToken>
              <Name>System.Void UnitTestProject.TestesContatos::excluirContato()</Name>
              <FileRef uid="1" />
              <SequencePoints>
                <SequencePoint vc="1" uspid="12" ordinal="0" offset="0" sl="36" sc="9" el="36" ec="10" bec="0" bev="0" fileid="1" />
                <SequencePoint vc="1" uspid="13" ordinal="1" offset="1" sl="37" sc="13" el="37" ec="41" bec="0" bev="0" fileid="1" />
                <SequencePoint vc="1" uspid="14" ordinal="2" offset="28" sl="38" sc="13" el="38" ec="28" bec="0" bev="0" fileid="1" />
                <SequencePoint vc="1" uspid="15" ordinal="3" offset="46" sl="40" sc="13" el="40" ec="51" bec="0" bev="0" fileid="1" />
                <SequencePoint vc="1" uspid="16" ordinal="4" offset="70" sl="41" sc="9" el="41" ec="10" bec="0" bev="0" fileid="1" />
              </SequencePoints>
              <BranchPoints />
              <MethodPoint xsi:type="SequencePoint" vc="1" uspid="12" ordinal="0" offset="0" sl="36" sc="9" el="36" ec="10" bec="0" bev="0" fileid="1" />
            </Method>
            <Method visited="true" cyclomaticComplexity="1" nPathComplexity="0" sequenceCoverage="100" branchCoverage="100" crapScore="1" isConstructor="true" isStatic="false" isGetter="false" isSetter="false">
              <Summary numSequencePoints="2" visitedSequencePoints="2" numBranchPoints="1" visitedBranchPoints="1" sequenceCoverage="100" branchCoverage="100" maxCyclomaticComplexity="1" minCyclomaticComplexity="1" maxCrapScore="1" minCrapScore="1" visitedClasses="0" numClasses="0" visitedMethods="1" numMethods="1" />
              <MetadataToken>100663300</MetadataToken>
              <Name>System.Void UnitTestProject.TestesContatos::.ctor()</Name>
              <FileRef uid="1" />
              <SequencePoints>
                <SequencePoint vc="3" uspid="17" ordinal="0" offset="0" sl="12" sc="9" el="12" ec="60" bec="0" bev="0" fileid="1" />
                <SequencePoint vc="3" uspid="18" ordinal="1" offset="11" sl="13" sc="9" el="13" ec="97" bec="0" bev="0" fileid="1" />
              </SequencePoints>
              <BranchPoints />
              <MethodPoint xsi:type="SequencePoint" vc="3" uspid="17" ordinal="0" offset="0" sl="12" sc="9" el="12" ec="60" bec="0" bev="0" fileid="1" />
            </Method>
          </Methods>
        </Class>
        <Class>
          <Summary numSequencePoints="60" visitedSequencePoints="60" numBranchPoints="9" visitedBranchPoints="9" sequenceCoverage="100" branchCoverage="100" maxCyclomaticComplexity="1" minCyclomaticComplexity="1" maxCrapScore="1" minCrapScore="1" visitedClasses="1" numClasses="1" visitedMethods="9" numMethods="9" />
          <FullName>UnitTestProject.TestesTarefas</FullName>
          <Methods>
            <Method visited="true" cyclomaticComplexity="1" nPathComplexity="0" sequenceCoverage="100" branchCoverage="100" crapScore="1" isConstructor="false" isStatic="false" isGetter="false" isSetter="false">
              <Summary numSequencePoints="3" visitedSequencePoints="3" numBranchPoints="1" visitedBranchPoints="1" sequenceCoverage="100" branchCoverage="100" maxCyclomaticComplexity="1" minCyclomaticComplexity="1" maxCrapScore="1" minCrapScore="1" visitedClasses="0" numClasses="0" visitedMethods="1" numMethods="1" />
              <MetadataToken>100663301</MetadataToken>
              <Name>System.Void UnitTestProject.TestesTarefas::inserirTarefa()</Name>
              <FileRef uid="2" />
              <SequencePoints>
                <SequencePoint vc="6" uspid="19" ordinal="0" offset="0" sl="15" sc="30" el="15" ec="31" bec="0" bev="0" fileid="2" />
                <SequencePoint vc="6" uspid="20" ordinal="1" offset="1" sl="15" sc="32" el="15" ec="46" bec="0" bev="0" fileid="2" />
                <SequencePoint vc="6" uspid="21" ordinal="2" offset="19" sl="15" sc="47" el="15" ec="48" bec="0" bev="0" fileid="2" />
              </SequencePoints>
              <BranchPoints />
              <MethodPoint xsi:type="SequencePoint" vc="6" uspid="19" ordinal="0" offset="0" sl="15" sc="30" el="15" ec="31" bec="0" bev="0" fileid="2" />
            </Method>
            <Method visited="true" cyclomaticComplexity="1" nPathComplexity="0" sequenceCoverage="100" branchCoverage="100" crapScore="1" isConstructor="false" isStatic="false" isGetter="false" isSetter="false">
              <Summary numSequencePoints="3" visitedSequencePoints="3" numBranchPoints="1" visitedBranchPoints="1" sequenceCoverage="100" branchCoverage="100" maxCyclomaticComplexity="1" minCyclomaticComplexity="1" maxCrapScore="1" minCrapScore="1" visitedClasses="0" numClasses="0" visitedMethods="1" numMethods="1" />
              <MetadataToken>100663302</MetadataToken>
              <Name>System.Void UnitTestProject.TestesTarefas::excluirTarefa()</Name>
              <FileRef uid="2" />
              <SequencePoints>
                <SequencePoint vc="5" uspid="22" ordinal="0" offset="0" sl="16" sc="30" el="16" ec="31" bec="0" bev="0" fileid="2" />
                <SequencePoint vc="5" uspid="23" ordinal="1" offset="1" sl="16" sc="32" el="16" ec="49" bec="0" bev="0" fileid="2" />
                <SequencePoint vc="5" uspid="24" ordinal="2" offset="24" sl="16" sc="50" el="16" ec="51" bec="0" bev="0" fileid="2" />
              </SequencePoints>
              <BranchPoints />
              <MethodPoint xsi:type="SequencePoint" vc="5" uspid="22" ordinal="0" offset="0" sl="16" sc="30" el="16" ec="31" bec="0" bev="0" fileid="2" />
            </Method>
            <Method visited="true" cyclomaticComplexity="1" nPathComplexity="0" sequenceCoverage="100" branchCoverage="100" crapScore="1" isConstructor="false" isStatic="false" isGetter="false" isSetter="false">
              <Summary numSequencePoints="5" visitedSequencePoints="5" numBranchPoints="1" visitedBranchPoints="1" sequenceCoverage="100" branchCoverage="100" maxCyclomaticComplexity="1" minCyclomaticComplexity="1" maxCrapScore="1" minCrapScore="1" visitedClasses="0" numClasses="0" visitedMethods="1" numMethods="1" />
              <MetadataToken>100663303</MetadataToken>
              <Name>System.Void UnitTestProject.TestesTarefas::adicionarTarefa()</Name>
              <FileRef uid="2" />
              <SequencePoints>
                <SequencePoint vc="1" uspid="25" ordinal="0" offset="0" sl="20" sc="9" el="20" ec="10" bec="0" bev="0" fileid="2" />
                <SequencePoint vc="1" uspid="26" ordinal="1" offset="1" sl="21" sc="13" el="21" ec="29" bec="0" bev="0" fileid="2" />
                <SequencePoint vc="1" uspid="27" ordinal="2" offset="8" sl="22" sc="13" el="22" ec="38" bec="0" bev="0" fileid="2" />
                <SequencePoint vc="1" uspid="28" ordinal="3" offset="28" sl="23" sc="13" el="23" ec="30" bec="0" bev="0" fileid="2" />
                <SequencePoint vc="1" uspid="29" ordinal="4" offset="51" sl="24" sc="9" el="24" ec="10" bec="0" bev="0" fileid="2" />
              </SequencePoints>
              <BranchPoints />
              <MethodPoint xsi:type="SequencePoint" vc="1" uspid="25" ordinal="0" offset="0" sl="20" sc="9" el="20" ec="10" bec="0" bev="0" fileid="2" />
            </Method>
            <Method visited="true" cyclomaticComplexity="1" nPathComplexity="0" sequenceCoverage="100" branchCoverage="100" crapScore="1" isConstructor="false" isStatic="false" isGetter="false" isSetter="false">
              <Summary numSequencePoints="12" visitedSequencePoints="12" numBranchPoints="1" visitedBranchPoints="1" sequenceCoverage="100" branchCoverage="100" maxCyclomaticComplexity="1" minCyclomaticComplexity="1" maxCrapScore="1" minCrapScore="1" visitedClasses="0" numClasses="0" visitedMethods="1" numMethods="1" />
              <MetadataToken>100663304</MetadataToken>
              <Name>System.Void UnitTestProject.TestesTarefas::editarTarefa()</Name>
              <FileRef uid="2" />
              <SequencePoints>
                <SequencePoint vc="1" uspid="30" ordinal="0" offset="0" sl="27" sc="9" el="27" ec="10" bec="0" bev="0" fileid="2" />
                <SequencePoint vc="1" uspid="31" ordinal="1" offset="1" sl="28" sc="13" el="28" ec="29" bec="0" bev="0" fileid="2" />
                <SequencePoint vc="1" uspid="32" ordinal="2" offset="8" sl="29" sc="13" el="29" ec="58" bec="0" bev="0" fileid="2" />
                <SequencePoint vc="1" uspid="33" ordinal="3" offset="21" sl="30" sc="13" el="30" ec="26" bec="0" bev="0" fileid="2" />
                <SequencePoint vc="1" uspid="34" ordinal="4" offset="34" sl="31" sc="13" el="31" ec="32" bec="0" bev="0" fileid="2" />
                <SequencePoint vc="1" uspid="35" ordinal="5" offset="63" sl="33" sc="13" el="33" ec="58" bec="0" bev="0" fileid="2" />
                <SequencePoint vc="1" uspid="36" ordinal="6" offset="86" sl="34" sc="13" el="34" ec="50" bec="0" bev="0" fileid="2" />
                <SequencePoint vc="1" uspid="37" ordinal="7" offset="109" sl="35" sc="13" el="35" ec="80" bec="0" bev="0" fileid="2" />
                <SequencePoint vc="1" uspid="38" ordinal="8" offset="148" sl="36" sc="13" el="36" ec="45" bec="0" bev="0" fileid="2" />
                <SequencePoint vc="1" uspid="39" ordinal="9" offset="171" sl="37" sc="13" el="37" ec="39" bec="0" bev="0" fileid="2" />
                <SequencePoint vc="1" uspid="40" ordinal="10" offset="184" sl="38" sc="13" el="38" ec="29" bec="0" bev="0" fileid="2" />
                <SequencePoint vc="1" uspid="41" ordinal="11" offset="191" sl="39" sc="9" el="39" ec="10" bec="0" bev="0" fileid="2" />
              </SequencePoints>
              <BranchPoints />
              <MethodPoint xsi:type="SequencePoint" vc="1" uspid="30" ordinal="0" offset="0" sl="27" sc="9" el="27" ec="10" bec="0" bev="0" fileid="2" />
            </Method>
            <Method visited="true" cyclomaticComplexity="1" nPathComplexity="0" sequenceCoverage="100" branchCoverage="100" crapScore="1" isConstructor="false" isStatic="false" isGetter="false" isSetter="false">
              <Summary numSequencePoints="10" visitedSequencePoints="10" numBranchPoints="1" visitedBranchPoints="1" sequenceCoverage="100" branchCoverage="100" maxCyclomaticComplexity="1" minCyclomaticComplexity="1" maxCrapScore="1" minCrapScore="1" visitedClasses="0" numClasses="0" visitedMethods="1" numMethods="1" />
              <MetadataToken>100663305</MetadataToken>
              <Name>System.Void UnitTestProject.TestesTarefas::PorcentagemConclusao100AoConcluir()</Name>
              <FileRef uid="2" />
              <SequencePoints>
                <SequencePoint vc="1" uspid="42" ordinal="0" offset="0" sl="42" sc="9" el="42" ec="10" bec="0" bev="0" fileid="2" />
                <SequencePoint vc="1" uspid="43" ordinal="1" offset="1" sl="43" sc="13" el="43" ec="29" bec="0" bev="0" fileid="2" />
                <SequencePoint vc="1" uspid="44" ordinal="2" offset="8" sl="45" sc="13" el="45" ec="65" bec="0" bev="0" fileid="2" />
                <SequencePoint vc="1" uspid="45" ordinal="3" offset="30" sl="46" sc="13" el="46" ec="26" bec="0" bev="0" fileid="2" />
                <SequencePoint vc="1" uspid="46" ordinal="4" offset="37" sl="47" sc="13" el="47" ec="27" bec="0" bev="0" fileid="2" />
                <SequencePoint vc="1" uspid="47" ordinal="5" offset="50" sl="49" sc="13" el="49" ec="31" bec="0" bev="0" fileid="2" />
                <SequencePoint vc="1" uspid="48" ordinal="6" offset="62" sl="51" sc="13" el="51" ec="32" bec="0" bev="0" fileid="2" />
                <SequencePoint vc="1" uspid="49" ordinal="7" offset="91" sl="53" sc="13" el="53" ec="59" bec="0" bev="0" fileid="2" />
                <SequencePoint vc="1" uspid="50" ordinal="8" offset="110" sl="54" sc="13" el="54" ec="29" bec="0" bev="0" fileid="2" />
                <SequencePoint vc="1" uspid="51" ordinal="9" offset="117" sl="55" sc="9" el="55" ec="10" bec="0" bev="0" fileid="2" />
              </SequencePoints>
              <BranchPoints />
              <MethodPoint xsi:type="SequencePoint" vc="1" uspid="42" ordinal="0" offset="0" sl="42" sc="9" el="42" ec="10" bec="0" bev="0" fileid="2" />
            </Method>
            <Method visited="true" cyclomaticComplexity="1" nPathComplexity="0" sequenceCoverage="100" branchCoverage="100" crapScore="1" isConstructor="false" isStatic="false" isGetter="false" isSetter="false">
              <Summary numSequencePoints="9" visitedSequencePoints="9" numBranchPoints="1" visitedBranchPoints="1" sequenceCoverage="100" branchCoverage="100" maxCyclomaticComplexity="1" minCyclomaticComplexity="1" maxCrapScore="1" minCrapScore="1" visitedClasses="0" numClasses="0" visitedMethods="1" numMethods="1" />
              <MetadataToken>100663306</MetadataToken>
              <Name>System.Void UnitTestProject.TestesTarefas::mudarPorcentagemConclusao()</Name>
              <FileRef uid="2" />
              <SequencePoints>
                <SequencePoint vc="1" uspid="52" ordinal="0" offset="0" sl="58" sc="9" el="58" ec="10" bec="0" bev="0" fileid="2" />
                <SequencePoint vc="1" uspid="53" ordinal="1" offset="1" sl="59" sc="13" el="59" ec="29" bec="0" bev="0" fileid="2" />
                <SequencePoint vc="1" uspid="54" ordinal="2" offset="8" sl="60" sc="13" el="60" ec="62" bec="0" bev="0" fileid="2" />
                <SequencePoint vc="1" uspid="55" ordinal="3" offset="30" sl="61" sc="13" el="61" ec="27" bec="0" bev="0" fileid="2" />
                <SequencePoint vc="1" uspid="56" ordinal="4" offset="43" sl="63" sc="13" el="63" ec="29" bec="0" bev="0" fileid="2" />
                <SequencePoint vc="1" uspid="57" ordinal="5" offset="55" sl="65" sc="13" el="65" ec="32" bec="0" bev="0" fileid="2" />
                <SequencePoint vc="1" uspid="58" ordinal="6" offset="84" sl="67" sc="13" el="67" ec="59" bec="0" bev="0" fileid="2" />
                <SequencePoint vc="1" uspid="59" ordinal="7" offset="108" sl="68" sc="13" el="68" ec="29" bec="0" bev="0" fileid="2" />
                <SequencePoint vc="1" uspid="60" ordinal="8" offset="115" sl="69" sc="9" el="69" ec="10" bec="0" bev="0" fileid="2" />
              </SequencePoints>
              <BranchPoints />
              <MethodPoint xsi:type="SequencePoint" vc="1" uspid="52" ordinal="0" offset="0" sl="58" sc="9" el="58" ec="10" bec="0" bev="0" fileid="2" />
            </Method>
            <Method visited="true" cyclomaticComplexity="1" nPathComplexity="0" sequenceCoverage="100" branchCoverage="100" crapScore="1" isConstructor="false" isStatic="false" isGetter="false" isSetter="false">
              <Summary numSequencePoints="10" visitedSequencePoints="10" numBranchPoints="1" visitedBranchPoints="1" sequenceCoverage="100" branchCoverage="100" maxCyclomaticComplexity="1" minCyclomaticComplexity="1" maxCrapScore="1" minCrapScore="1" visitedClasses="0" numClasses="0" visitedMethods="1" numMethods="1" />
              <MetadataToken>100663307</MetadataToken>
              <Name>System.Void UnitTestProject.TestesTarefas::DataConclusaoValidaAoConcluir()</Name>
              <FileRef uid="2" />
              <SequencePoints>
                <SequencePoint vc="1" uspid="61" ordinal="0" offset="0" sl="72" sc="9" el="72" ec="10" bec="0" bev="0" fileid="2" />
                <SequencePoint vc="1" uspid="62" ordinal="1" offset="1" sl="73" sc="13" el="73" ec="29" bec="0" bev="0" fileid="2" />
                <SequencePoint vc="1" uspid="63" ordinal="2" offset="8" sl="75" sc="13" el="75" ec="65" bec="0" bev="0" fileid="2" />
                <SequencePoint vc="1" uspid="64" ordinal="3" offset="30" sl="76" sc="13" el="76" ec="26" bec="0" bev="0" fileid="2" />
                <SequencePoint vc="1" uspid="65" ordinal="4" offset="37" sl="77" sc="13" el="77" ec="27" bec="0" bev="0" fileid="2" />
                <SequencePoint vc="1" uspid="66" ordinal="5" offset="50" sl="79" sc="13" el="79" ec="31" bec="0" bev="0" fileid="2" />
                <SequencePoint vc="1" uspid="67" ordinal="6" offset="62" sl="81" sc="13" el="81" ec="32" bec="0" bev="0" fileid="2" />
                <SequencePoint vc="1" uspid="68" ordinal="7" offset="91" sl="83" sc="13" el="83" ec="74" bec="0" bev="0" fileid="2" />
                <SequencePoint vc="1" uspid="69" ordinal="8" offset="120" sl="84" sc="13" el="84" ec="29" bec="0" bev="0" fileid="2" />
                <SequencePoint vc="1" uspid="70" ordinal="9" offset="127" sl="85" sc="9" el="85" ec="10" bec="0" bev="0" fileid="2" />
              </SequencePoints>
              <BranchPoints />
              <MethodPoint xsi:type="SequencePoint" vc="1" uspid="61" ordinal="0" offset="0" sl="72" sc="9" el="72" ec="10" bec="0" bev="0" fileid="2" />
            </Method>
            <Method visited="true" cyclomaticComplexity="1" nPathComplexity="0" sequenceCoverage="100" branchCoverage="100" crapScore="1" isConstructor="false" isStatic="false" isGetter="false" isSetter="false">
              <Summary numSequencePoints="5" visitedSequencePoints="5" numBranchPoints="1" visitedBranchPoints="1" sequenceCoverage="100" branchCoverage="100" maxCyclomaticComplexity="1" minCyclomaticComplexity="1" maxCrapScore="1" minCrapScore="1" visitedClasses="0" numClasses="0" visitedMethods="1" numMethods="1" />
              <MetadataToken>100663308</MetadataToken>
              <Name>System.Void UnitTestProject.TestesTarefas::testeExcluirTarefa()</Name>
              <FileRef uid="2" />
              <SequencePoints>
                <SequencePoint vc="1" uspid="71" ordinal="0" offset="0" sl="88" sc="9" el="88" ec="10" bec="0" bev="0" fileid="2" />
                <SequencePoint vc="1" uspid="72" ordinal="1" offset="1" sl="89" sc="13" el="89" ec="29" bec="0" bev="0" fileid="2" />
                <SequencePoint vc="1" uspid="73" ordinal="2" offset="8" sl="90" sc="13" el="90" ec="29" bec="0" bev="0" fileid="2" />
                <SequencePoint vc="1" uspid="74" ordinal="3" offset="15" sl="91" sc="13" el="91" ec="53" bec="0" bev="0" fileid="2" />
                <SequencePoint vc="1" uspid="75" ordinal="4" offset="44" sl="92" sc="9" el="92" ec="10" bec="0" bev="0" fileid="2" />
              </SequencePoints>
              <BranchPoints />
              <MethodPoint xsi:type="SequencePoint" vc="1" uspid="71" ordinal="0" offset="0" sl="88" sc="9" el="88" ec="10" bec="0" bev="0" fileid="2" />
            </Method>
            <Method visited="true" cyclomaticComplexity="1" nPathComplexity="0" sequenceCoverage="100" branchCoverage="100" crapScore="1" isConstructor="true" isStatic="false" isGetter="false" isSetter="false">
              <Summary numSequencePoints="3" visitedSequencePoints="3" numBranchPoints="1" visitedBranchPoints="1" sequenceCoverage="100" branchCoverage="100" maxCyclomaticComplexity="1" minCyclomaticComplexity="1" maxCrapScore="1" minCrapScore="1" visitedClasses="0" numClasses="0" visitedMethods="1" numMethods="1" />
              <MetadataToken>100663309</MetadataToken>
              <Name>System.Void UnitTestProject.TestesTarefas::.ctor()</Name>
              <FileRef uid="2" />
              <SequencePoints>
                <SequencePoint vc="6" uspid="76" ordinal="0" offset="0" sl="12" sc="9" el="12" ec="58" bec="0" bev="0" fileid="2" />
                <SequencePoint vc="6" uspid="77" ordinal="1" offset="11" sl="13" sc="9" el="13" ec="62" bec="0" bev="0" fileid="2" />
                <SequencePoint vc="6" uspid="78" ordinal="2" offset="22" sl="14" sc="9" el="14" ec="52" bec="0" bev="0" fileid="2" />
              </SequencePoints>
              <BranchPoints />
              <MethodPoint xsi:type="SequencePoint" vc="6" uspid="76" ordinal="0" offset="0" sl="12" sc="9" el="12" ec="58" bec="0" bev="0" fileid="2" />
            </Method>
          </Methods>
        </Class>
      </Classes>
    </Module>
    <Module hash="D6-C9-55-76-35-18-F3-8B-C7-C6-1C-C1-F8-40-3A-A1-2A-73-D9-8F">
      <Summary numSequencePoints="552" visitedSequencePoints="190" numBranchPoints="227" visitedBranchPoints="74" sequenceCoverage="34.42" branchCoverage="32.60" maxCyclomaticComplexity="8" minCyclomaticComplexity="1" maxCrapScore="72" minCrapScore="1" visitedClasses="14" numClasses="23" visitedMethods="61" numMethods="103" />
      <ModulePath>C:\Users\JX\Documents\GitHub\Controle de Tarefas\UnitTestProject\bin\Debug\fine-code-coverage\build-output\Controle de Tarefas.exe</ModulePath>
      <ModuleTime>2021-06-22T17:51:21.7967575Z</ModuleTime>
      <ModuleName>Controle de Tarefas</ModuleName>
      <Files>
        <File uid="5" fullPath="C:\Users\JX\Documents\GitHub\Controle de Tarefas\Controle de Tarefas\Program.cs" />
        <File uid="6" fullPath="C:\Users\JX\Documents\GitHub\Controle de Tarefas\Controle de Tarefas\Telas\Tela.cs" />
        <File uid="9" fullPath="C:\Users\JX\Documents\GitHub\Controle de Tarefas\Controle de Tarefas\Telas\TelaContatos.cs" />
        <File uid="11" fullPath="C:\Users\JX\Documents\GitHub\Controle de Tarefas\Controle de Tarefas\Telas\TelaObjetivos.cs" />
        <File uid="12" fullPath="C:\Users\JX\Documents\GitHub\Controle de Tarefas\Controle de Tarefas\Telas\TelaPrincipal.cs" />
        <File uid="13" fullPath="C:\Users\JX\Documents\GitHub\Controle de Tarefas\Controle de Tarefas\Telas\TelaTarefas.cs" />
        <File uid="14" fullPath="C:\Users\JX\Documents\GitHub\Controle de Tarefas\Controle de Tarefas\Domínio\Objetivo.cs" />
        <File uid="15" fullPath="C:\Users\JX\Documents\GitHub\Controle de Tarefas\Controle de Tarefas\Domínio\Tarefa.cs" />
        <File uid="16" fullPath="C:\Users\JX\Documents\GitHub\Controle de Tarefas\Controle de Tarefas\Domínio\Contato.cs" />
        <File uid="17" fullPath="C:\Users\JX\Documents\GitHub\Controle de Tarefas\Controle de Tarefas\Controlador\Controlador.cs" />
        <File uid="22" fullPath="C:\Users\JX\Documents\GitHub\Controle de Tarefas\Controle de Tarefas\Controlador\ControladorTarefas.cs" />
        <File uid="24" fullPath="C:\Users\JX\Documents\GitHub\Controle de Tarefas\Controle de Tarefas\Controlador\ControladorObjetivos.cs" />
        <File uid="27" fullPath="C:\Users\JX\Documents\GitHub\Controle de Tarefas\Controle de Tarefas\Controlador\ControladorContatos.cs" />
      </Files>
      <Classes>
        <Class>
          <Summary numSequencePoints="4" visitedSequencePoints="0" numBranchPoints="1" visitedBranchPoints="0" sequenceCoverage="0" branchCoverage="0" maxCyclomaticComplexity="1" minCyclomaticComplexity="1" maxCrapScore="2" minCrapScore="2" visitedClasses="0" numClasses="1" visitedMethods="0" numMethods="1" />
          <FullName>Controle_de_Tarefas.Program</FullName>
          <Methods>
            <Method visited="false" cyclomaticComplexity="1" nPathComplexity="0" sequenceCoverage="0" branchCoverage="0" crapScore="2" isConstructor="false" isStatic="true" isGetter="false" isSetter="false">
              <Summary numSequencePoints="4" visitedSequencePoints="0" numBranchPoints="1" visitedBranchPoints="0" sequenceCoverage="0" branchCoverage="0" maxCyclomaticComplexity="1" minCyclomaticComplexity="1" maxCrapScore="2" minCrapScore="2" visitedClasses="0" numClasses="0" visitedMethods="0" numMethods="1" />
              <MetadataToken>100663297</MetadataToken>
              <Name>System.Void Controle_de_Tarefas.Program::Main(System.String[])</Name>
              <FileRef uid="5" />
              <SequencePoints>
                <SequencePoint vc="0" uspid="79" ordinal="0" offset="0" sl="8" sc="9" el="8" ec="10" bec="0" bev="0" fileid="5" />
                <SequencePoint vc="0" uspid="80" ordinal="1" offset="1" sl="9" sc="13" el="9" ec="52" bec="0" bev="0" fileid="5" />
                <SequencePoint vc="0" uspid="81" ordinal="2" offset="9" sl="11" sc="17" el="11" ec="27" bec="0" bev="0" fileid="5" />
                <SequencePoint vc="0" uspid="82" ordinal="3" offset="16" sl="10" sc="13" el="10" ec="25" bec="0" bev="0" fileid="5" />
              </SequencePoints>
              <BranchPoints />
              <MethodPoint xsi:type="SequencePoint" vc="0" uspid="79" ordinal="0" offset="0" sl="8" sc="9" el="8" ec="10" bec="0" bev="0" fileid="5" />
            </Method>
            <Method visited="false" cyclomaticComplexity="1" nPathComplexity="0" sequenceCoverage="0" branchCoverage="0" crapScore="2" isConstructor="true" isStatic="false" isGetter="false" isSetter="false">
              <Summary numSequencePoints="0" visitedSequencePoints="0" numBranchPoints="0" visitedBranchPoints="0" sequenceCoverage="0" branchCoverage="0" maxCyclomaticComplexity="1" minCyclomaticComplexity="1" maxCrapScore="2" minCrapScore="2" visitedClasses="0" numClasses="0" visitedMethods="0" numMethods="0" />
              <MetadataToken>100663298</MetadataToken>
              <Name>System.Void Controle_de_Tarefas.Program::.ctor()</Name>
              <SequencePoints />
              <BranchPoints />
              <MethodPoint vc="0" uspid="83" ordinal="0" offset="0" />
            </Method>
          </Methods>
        </Class>
        <Class>
          <Summary numSequencePoints="40" visitedSequencePoints="0" numBranchPoints="18" visitedBranchPoints="0" sequenceCoverage="0" branchCoverage="0" maxCyclomaticComplexity="4" minCyclomaticComplexity="1" maxCrapScore="20" minCrapScore="2" visitedClasses="0" numClasses="1" visitedMethods="0" numMethods="6" />
          <FullName>Controle_de_Tarefas.Telas.Tela`1</FullName>
          <Methods>
            <Method visited="false" cyclomaticComplexity="1" nPathComplexity="0" sequenceCoverage="0" branchCoverage="0" crapScore="2" isConstructor="true" isStatic="false" isGetter="false" isSetter="false">
              <Summary numSequencePoints="4" visitedSequencePoints="0" numBranchPoints="1" visitedBranchPoints="0" sequenceCoverage="0" branchCoverage="0" maxCyclomaticComplexity="1" minCyclomaticComplexity="1" maxCrapScore="2" minCrapScore="2" visitedClasses="0" numClasses="0" visitedMethods="0" numMethods="1" />
              <MetadataToken>100663300</MetadataToken>
              <Name>System.Void Controle_de_Tarefas.Telas.Tela`1::.ctor(Controle_de_Tarefas.Controladores.Controlador`1&lt;T&gt;)</Name>
              <FileRef uid="6" />
              <SequencePoints>
                <SequencePoint vc="0" uspid="84" ordinal="0" offset="0" sl="14" sc="9" el="14" ec="51" bec="0" bev="0" fileid="6" />
                <SequencePoint vc="0" uspid="85" ordinal="1" offset="7" sl="15" sc="9" el="15" ec="10" bec="0" bev="0" fileid="6" />
                <SequencePoint vc="0" uspid="86" ordinal="2" offset="8" sl="16" sc="13" el="16" ec="44" bec="0" bev="0" fileid="6" />
                <SequencePoint vc="0" uspid="87" ordinal="3" offset="15" sl="17" sc="9" el="17" ec="10" bec="0" bev="0" fileid="6" />
              </SequencePoints>
              <BranchPoints />
              <MethodPoint xsi:type="SequencePoint" vc="0" uspid="84" ordinal="0" offset="0" sl="14" sc="9" el="14" ec="51" bec="0" bev="0" fileid="6" />
            </Method>
            <Method visited="false" cyclomaticComplexity="1" nPathComplexity="0" sequenceCoverage="0" branchCoverage="0" crapScore="2" isConstructor="false" isStatic="false" isGetter="false" isSetter="false">
              <Summary numSequencePoints="4" visitedSequencePoints="0" numBranchPoints="1" visitedBranchPoints="0" sequenceCoverage="0" branchCoverage="0" maxCyclomaticComplexity="1" minCyclomaticComplexity="1" maxCrapScore="2" minCrapScore="2" visitedClasses="0" numClasses="0" visitedMethods="0" numMethods="1" />
              <MetadataToken>100663302</MetadataToken>
              <Name>System.Void Controle_de_Tarefas.Telas.Tela`1::cadastrar()</Name>
              <FileRef uid="6" />
              <SequencePoints>
                <SequencePoint vc="0" uspid="88" ordinal="0" offset="0" sl="22" sc="9" el="22" ec="10" bec="0" bev="0" fileid="6" />
                <SequencePoint vc="0" uspid="89" ordinal="1" offset="1" sl="23" sc="13" el="23" ec="51" bec="0" bev="0" fileid="6" />
                <SequencePoint vc="0" uspid="90" ordinal="2" offset="19" sl="24" sc="13" el="24" ec="87" bec="0" bev="0" fileid="6" />
                <SequencePoint vc="0" uspid="91" ordinal="3" offset="31" sl="25" sc="9" el="25" ec="10" bec="0" bev="0" fileid="6" />
              </SequencePoints>
              <BranchPoints />
              <MethodPoint xsi:type="SequencePoint" vc="0" uspid="88" ordinal="0" offset="0" sl="22" sc="9" el="22" ec="10" bec="0" bev="0" fileid="6" />
            </Method>
            <Method visited="false" cyclomaticComplexity="2" nPathComplexity="2" sequenceCoverage="0" branchCoverage="0" crapScore="6" isConstructor="false" isStatic="false" isGetter="false" isSetter="false">
              <Summary numSequencePoints="7" visitedSequencePoints="0" numBranchPoints="3" visitedBranchPoints="0" sequenceCoverage="0" branchCoverage="0" maxCyclomaticComplexity="2" minCyclomaticComplexity="2" maxCrapScore="6" minCrapScore="6" visitedClasses="0" numClasses="0" visitedMethods="0" numMethods="1" />
              <MetadataToken>100663303</MetadataToken>
              <Name>System.Void Controle_de_Tarefas.Telas.Tela`1::editar()</Name>
              <FileRef uid="6" />
              <SequencePoints>
                <SequencePoint vc="0" uspid="92" ordinal="0" offset="0" sl="27" sc="9" el="27" ec="10" bec="0" bev="0" fileid="6" />
                <SequencePoint vc="0" uspid="93" ordinal="1" offset="1" sl="28" sc="13" el="28" ec="62" bec="0" bev="0" fileid="6" />
                <SequencePoint vc="0" uspid="94" ordinal="2" offset="19" sl="29" sc="13" el="29" ec="30" bec="2" bev="0" fileid="6" />
                <SequencePoint vc="0" uspid="95" ordinal="3" offset="34" sl="29" sc="31" el="29" ec="38" bec="0" bev="0" fileid="6" />
                <SequencePoint vc="0" uspid="96" ordinal="4" offset="36" sl="31" sc="13" el="31" ec="45" bec="0" bev="0" fileid="6" />
                <SequencePoint vc="0" uspid="97" ordinal="5" offset="43" sl="32" sc="13" el="32" ec="54" bec="0" bev="0" fileid="6" />
                <SequencePoint vc="0" uspid="98" ordinal="6" offset="62" sl="33" sc="9" el="33" ec="10" bec="0" bev="0" fileid="6" />
              </SequencePoints>
              <BranchPoints>
                <BranchPoint vc="0" uspid="99" ordinal="0" offset="32" sl="29" path="0" offsetchain="34" offsetend="62" fileid="6" />
                <BranchPoint vc="0" uspid="100" ordinal="1" offset="32" sl="29" path="1" offsetend="36" fileid="6" />
              </BranchPoints>
              <MethodPoint xsi:type="SequencePoint" vc="0" uspid="92" ordinal="0" offset="0" sl="27" sc="9" el="27" ec="10" bec="0" bev="0" fileid="6" />
            </Method>
            <Method visited="false" cyclomaticComplexity="2" nPathComplexity="2" sequenceCoverage="0" branchCoverage="0" crapScore="6" isConstructor="false" isStatic="false" isGetter="false" isSetter="false">
              <Summary numSequencePoints="7" visitedSequencePoints="0" numBranchPoints="3" visitedBranchPoints="0" sequenceCoverage="0" branchCoverage="0" maxCyclomaticComplexity="2" minCyclomaticComplexity="2" maxCrapScore="6" minCrapScore="6" visitedClasses="0" numClasses="0" visitedMethods="0" numMethods="1" />
              <MetadataToken>100663304</MetadataToken>
              <Name>System.Void Controle_de_Tarefas.Telas.Tela`1::excluir()</Name>
              <FileRef uid="6" />
              <SequencePoints>
                <SequencePoint vc="0" uspid="101" ordinal="0" offset="0" sl="35" sc="9" el="35" ec="10" bec="0" bev="0" fileid="6" />
                <SequencePoint vc="0" uspid="102" ordinal="1" offset="1" sl="36" sc="13" el="36" ec="62" bec="0" bev="0" fileid="6" />
                <SequencePoint vc="0" uspid="103" ordinal="2" offset="19" sl="37" sc="13" el="37" ec="30" bec="2" bev="0" fileid="6" />
                <SequencePoint vc="0" uspid="104" ordinal="3" offset="34" sl="37" sc="31" el="37" ec="38" bec="0" bev="0" fileid="6" />
                <SequencePoint vc="0" uspid="105" ordinal="4" offset="36" sl="39" sc="13" el="39" ec="45" bec="0" bev="0" fileid="6" />
                <SequencePoint vc="0" uspid="106" ordinal="5" offset="43" sl="40" sc="13" el="40" ec="37" bec="0" bev="0" fileid="6" />
                <SequencePoint vc="0" uspid="107" ordinal="6" offset="56" sl="41" sc="9" el="41" ec="10" bec="0" bev="0" fileid="6" />
              </SequencePoints>
              <BranchPoints>
                <BranchPoint vc="0" uspid="108" ordinal="0" offset="32" sl="37" path="0" offsetchain="34" offsetend="56" fileid="6" />
                <BranchPoint vc="0" uspid="109" ordinal="1" offset="32" sl="37" path="1" offsetend="36" fileid="6" />
              </BranchPoints>
              <MethodPoint xsi:type="SequencePoint" vc="0" uspid="101" ordinal="0" offset="0" sl="35" sc="9" el="35" ec="10" bec="0" bev="0" fileid="6" />
            </Method>
            <Method visited="false" cyclomaticComplexity="2" nPathComplexity="2" sequenceCoverage="0" branchCoverage="0" crapScore="6" isConstructor="false" isStatic="false" isGetter="false" isSetter="false">
              <Summary numSequencePoints="3" visitedSequencePoints="0" numBranchPoints="3" visitedBranchPoints="0" sequenceCoverage="0" branchCoverage="0" maxCyclomaticComplexity="2" minCyclomaticComplexity="2" maxCrapScore="6" minCrapScore="6" visitedClasses="0" numClasses="0" visitedMethods="0" numMethods="1" />
              <MetadataToken>100663305</MetadataToken>
              <Name>System.Boolean Controle_de_Tarefas.Telas.Tela`1::opcaoValida(System.String,System.Collections.Generic.List`1&lt;T&gt;)</Name>
              <FileRef uid="6" />
              <SequencePoints>
                <SequencePoint vc="0" uspid="110" ordinal="0" offset="6" sl="43" sc="9" el="43" ec="10" bec="0" bev="0" fileid="6" />
                <SequencePoint vc="0" uspid="111" ordinal="1" offset="7" sl="44" sc="13" el="44" ec="85" bec="2" bev="0" fileid="6" />
                <SequencePoint vc="0" uspid="112" ordinal="2" offset="45" sl="45" sc="9" el="45" ec="10" bec="0" bev="0" fileid="6" />
              </SequencePoints>
              <BranchPoints>
                <BranchPoint vc="0" uspid="113" ordinal="0" offset="19" sl="44" path="0" offsetend="21" fileid="6" />
                <BranchPoint vc="0" uspid="114" ordinal="1" offset="19" sl="44" path="1" offsetend="41" fileid="6" />
              </BranchPoints>
              <MethodPoint vc="0" uspid="115" ordinal="0" offset="0" />
            </Method>
            <Method visited="false" cyclomaticComplexity="4" nPathComplexity="8" sequenceCoverage="0" branchCoverage="0" crapScore="20" isConstructor="false" isStatic="false" isGetter="false" isSetter="false">
              <Summary numSequencePoints="15" visitedSequencePoints="0" numBranchPoints="7" visitedBranchPoints="0" sequenceCoverage="0" branchCoverage="0" maxCyclomaticComplexity="4" minCyclomaticComplexity="4" maxCrapScore="20" minCrapScore="20" visitedClasses="0" numClasses="0" visitedMethods="0" numMethods="1" />
              <MetadataToken>100663306</MetadataToken>
              <Name>System.String Controle_de_Tarefas.Telas.Tela`1::obterOpcao(System.Collections.Generic.List`1&lt;T&gt;)</Name>
              <FileRef uid="6" />
              <SequencePoints>
                <SequencePoint vc="0" uspid="116" ordinal="0" offset="0" sl="47" sc="9" el="47" ec="10" bec="0" bev="0" fileid="6" />
                <SequencePoint vc="0" uspid="117" ordinal="1" offset="1" sl="48" sc="13" el="48" ec="29" bec="0" bev="0" fileid="6" />
                <SequencePoint vc="0" uspid="118" ordinal="2" offset="7" sl="49" sc="13" el="49" ec="39" bec="2" bev="0" fileid="6" />
                <SequencePoint vc="0" uspid="119" ordinal="3" offset="20" sl="50" sc="17" el="50" ec="28" bec="0" bev="0" fileid="6" />
                <SequencePoint vc="0" uspid="120" ordinal="4" offset="28" sl="52" sc="13" el="52" ec="122" bec="0" bev="0" fileid="6" />
                <SequencePoint vc="0" uspid="121" ordinal="5" offset="40" sl="53" sc="13" el="53" ec="66" bec="0" bev="0" fileid="6" />
                <SequencePoint vc="0" uspid="122" ordinal="6" offset="51" sl="55" sc="13" el="55" ec="30" bec="2" bev="0" fileid="6" />
                <SequencePoint vc="0" uspid="123" ordinal="7" offset="66" sl="55" sc="31" el="55" ec="44" bec="0" bev="0" fileid="6" />
                <SequencePoint vc="0" uspid="124" ordinal="8" offset="70" sl="57" sc="13" el="57" ec="44" bec="2" bev="0" fileid="6" />
                <SequencePoint vc="0" uspid="125" ordinal="9" offset="87" sl="58" sc="13" el="58" ec="14" bec="0" bev="0" fileid="6" />
                <SequencePoint vc="0" uspid="126" ordinal="10" offset="88" sl="59" sc="17" el="59" ec="81" bec="0" bev="0" fileid="6" />
                <SequencePoint vc="0" uspid="127" ordinal="11" offset="100" sl="60" sc="17" el="60" ec="42" bec="0" bev="0" fileid="6" />
                <SequencePoint vc="0" uspid="128" ordinal="12" offset="110" sl="62" sc="13" el="62" ec="84" bec="0" bev="0" fileid="6" />
                <SequencePoint vc="0" uspid="129" ordinal="13" offset="122" sl="63" sc="13" el="63" ec="26" bec="0" bev="0" fileid="6" />
                <SequencePoint vc="0" uspid="130" ordinal="14" offset="126" sl="64" sc="9" el="64" ec="10" bec="0" bev="0" fileid="6" />
              </SequencePoints>
              <BranchPoints>
                <BranchPoint vc="0" uspid="131" ordinal="0" offset="18" sl="49" path="0" offsetend="20" fileid="6" />
                <BranchPoint vc="0" uspid="132" ordinal="1" offset="18" sl="49" path="1" offsetend="28" fileid="6" />
                <BranchPoint vc="0" uspid="133" ordinal="2" offset="64" sl="55" path="0" offsetend="66" fileid="6" />
                <BranchPoint vc="0" uspid="134" ordinal="3" offset="64" sl="55" path="1" offsetend="70" fileid="6" />
                <BranchPoint vc="0" uspid="135" ordinal="4" offset="85" sl="57" path="0" offsetend="87" fileid="6" />
                <BranchPoint vc="0" uspid="136" ordinal="5" offset="85" sl="57" path="1" offsetend="110" fileid="6" />
              </BranchPoints>
              <MethodPoint xsi:type="SequencePoint" vc="0" uspid="116" ordinal="0" offset="0" sl="47" sc="9" el="47" ec="10" bec="0" bev="0" fileid="6" />
            </Method>
          </Methods>
        </Class>
        <Class>
          <Summary numSequencePoints="1" visitedSequencePoints="0" numBranchPoints="1" visitedBranchPoints="0" sequenceCoverage="0" branchCoverage="0" maxCyclomaticComplexity="1" minCyclomaticComplexity="1" maxCrapScore="2" minCrapScore="2" visitedClasses="0" numClasses="1" visitedMethods="0" numMethods="1" />
          <FullName>Controle_de_Tarefas.Telas.Tela`1/&lt;&gt;c__DisplayClass6_0</FullName>
          <Methods>
            <Method visited="false" cyclomaticComplexity="1" nPathComplexity="0" sequenceCoverage="0" branchCoverage="0" crapScore="2" isConstructor="true" isStatic="false" isGetter="false" isSetter="false">
              <Summary numSequencePoints="0" visitedSequencePoints="0" numBranchPoints="0" visitedBranchPoints="0" sequenceCoverage="0" branchCoverage="0" maxCyclomaticComplexity="1" minCyclomaticComplexity="1" maxCrapScore="2" minCrapScore="2" visitedClasses="0" numClasses="0" visitedMethods="0" numMethods="0" />
              <MetadataToken>100663396</MetadataToken>
              <Name>System.Void Controle_de_Tarefas.Telas.Tela`1/&lt;&gt;c__DisplayClass6_0::.ctor()</Name>
              <SequencePoints />
              <BranchPoints />
              <MethodPoint vc="0" uspid="137" ordinal="0" offset="0" />
            </Method>
            <Method visited="false" cyclomaticComplexity="1" nPathComplexity="0" sequenceCoverage="0" branchCoverage="0" crapScore="2" isConstructor="false" isStatic="false" isGetter="false" isSetter="false">
              <Summary numSequencePoints="1" visitedSequencePoints="0" numBranchPoints="1" visitedBranchPoints="0" sequenceCoverage="0" branchCoverage="0" maxCyclomaticComplexity="1" minCyclomaticComplexity="1" maxCrapScore="2" minCrapScore="2" visitedClasses="0" numClasses="0" visitedMethods="0" numMethods="1" />
              <MetadataToken>100663397</MetadataToken>
              <Name>System.Boolean Controle_de_Tarefas.Telas.Tela`1/&lt;&gt;c__DisplayClass6_0::&lt;opcaoValida&gt;b__0(T)</Name>
              <FileRef uid="6" />
              <SequencePoints>
                <SequencePoint vc="0" uspid="138" ordinal="0" offset="0" sl="44" sc="73" el="44" ec="83" bec="0" bev="0" fileid="6" />
              </SequencePoints>
              <BranchPoints />
              <MethodPoint xsi:type="SequencePoint" vc="0" uspid="138" ordinal="0" offset="0" sl="44" sc="73" el="44" ec="83" bec="0" bev="0" fileid="6" />
            </Method>
          </Methods>
        </Class>
        <Class>
          <Summary numSequencePoints="43" visitedSequencePoints="8" numBranchPoints="17" visitedBranchPoints="3" sequenceCoverage="18.60" branchCoverage="17.65" maxCyclomaticComplexity="8" minCyclomaticComplexity="2" maxCrapScore="72" minCrapScore="2" visitedClasses="1" numClasses="1" visitedMethods="1" numMethods="3" />
          <FullName>Controle_de_Tarefas.Telas.Extensions</FullName>
          <Methods>
            <Method visited="false" cyclomaticComplexity="4" nPathComplexity="2" sequenceCoverage="0" branchCoverage="0" crapScore="20" isConstructor="false" isStatic="true" isGetter="false" isSetter="false">
              <Summary numSequencePoints="13" visitedSequencePoints="0" numBranchPoints="3" visitedBranchPoints="0" sequenceCoverage="0" branchCoverage="0" maxCyclomaticComplexity="4" minCyclomaticComplexity="4" maxCrapScore="20" minCrapScore="20" visitedClasses="0" numClasses="0" visitedMethods="0" numMethods="1" />
              <MetadataToken>100663307</MetadataToken>
              <Name>System.Boolean Controle_de_Tarefas.Telas.Extensions::mostrarLista(System.Collections.IList)</Name>
              <FileRef uid="6" />
              <SequencePoints>
                <SequencePoint vc="0" uspid="139" ordinal="0" offset="0" sl="73" sc="9" el="73" ec="10" bec="0" bev="0" fileid="6" />
                <SequencePoint vc="0" uspid="140" ordinal="1" offset="1" sl="74" sc="13" el="74" ec="34" bec="2" bev="0" fileid="6" />
                <SequencePoint vc="0" uspid="141" ordinal="2" offset="14" sl="75" sc="13" el="75" ec="14" bec="0" bev="0" fileid="6" />
                <SequencePoint vc="0" uspid="142" ordinal="3" offset="15" sl="76" sc="17" el="76" ec="72" bec="0" bev="0" fileid="6" />
                <SequencePoint vc="0" uspid="143" ordinal="4" offset="27" sl="77" sc="17" el="77" ec="30" bec="0" bev="0" fileid="6" />
                <SequencePoint vc="0" uspid="144" ordinal="5" offset="31" sl="80" sc="13" el="80" ec="14" bec="0" bev="0" fileid="6" />
                <SequencePoint vc="0" uspid="145" ordinal="6" offset="32" sl="81" sc="17" el="81" ec="24" bec="0" bev="0" fileid="6" />
                <SequencePoint vc="0" uspid="146" ordinal="7" offset="33" sl="81" sc="38" el="81" ec="43" bec="0" bev="0" fileid="6" />
                <SequencePoint vc="0" uspid="147" ordinal="8" offset="42" sl="81" sc="26" el="81" ec="34" bec="0" bev="0" fileid="6" />
                <SequencePoint vc="0" uspid="148" ordinal="9" offset="49" sl="82" sc="21" el="82" ec="45" bec="0" bev="0" fileid="6" />
                <SequencePoint vc="0" uspid="149" ordinal="10" offset="56" sl="81" sc="35" el="81" ec="37" bec="0" bev="0" fileid="6" />
                <SequencePoint vc="0" uspid="150" ordinal="11" offset="87" sl="83" sc="17" el="83" ec="29" bec="0" bev="0" fileid="6" />
                <SequencePoint vc="0" uspid="151" ordinal="12" offset="91" sl="85" sc="9" el="85" ec="10" bec="0" bev="0" fileid="6" />
              </SequencePoints>
              <BranchPoints>
                <BranchPoint vc="0" uspid="152" ordinal="0" offset="12" sl="74" path="0" offsetend="14" fileid="6" />
                <BranchPoint vc="0" uspid="153" ordinal="1" offset="12" sl="74" path="1" offsetend="31" fileid="6" />
              </BranchPoints>
              <MethodPoint xsi:type="SequencePoint" vc="0" uspid="139" ordinal="0" offset="0" sl="73" sc="9" el="73" ec="10" bec="0" bev="0" fileid="6" />
            </Method>
            <Method visited="false" cyclomaticComplexity="8" nPathComplexity="24" sequenceCoverage="0" branchCoverage="0" crapScore="72" isConstructor="false" isStatic="true" isGetter="false" isSetter="false">
              <Summary numSequencePoints="22" visitedSequencePoints="0" numBranchPoints="11" visitedBranchPoints="0" sequenceCoverage="0" branchCoverage="0" maxCyclomaticComplexity="8" minCyclomaticComplexity="8" maxCrapScore="72" minCrapScore="72" visitedClasses="0" numClasses="0" visitedMethods="0" numMethods="1" />
              <MetadataToken>100663308</MetadataToken>
              <Name>System.Void Controle_de_Tarefas.Telas.Extensions::mostrarMensagem(Controle_de_Tarefas.Telas.TipoMensagem,System.String)</Name>
              <FileRef uid="6" />
              <SequencePoints>
                <SequencePoint vc="0" uspid="156" ordinal="0" offset="0" sl="87" sc="9" el="87" ec="10" bec="0" bev="0" fileid="6" />
                <SequencePoint vc="0" uspid="157" ordinal="1" offset="1" sl="88" sc="13" el="88" ec="26" bec="6" bev="0" fileid="6" />
                <SequencePoint vc="0" uspid="158" ordinal="2" offset="33" sl="90" sc="41" el="90" ec="84" bec="0" bev="0" fileid="6" />
                <SequencePoint vc="0" uspid="159" ordinal="3" offset="41" sl="90" sc="85" el="90" ec="86" bec="0" bev="0" fileid="6" />
                <SequencePoint vc="0" uspid="160" ordinal="4" offset="42" sl="90" sc="87" el="90" ec="93" bec="0" bev="0" fileid="6" />
                <SequencePoint vc="0" uspid="161" ordinal="5" offset="44" sl="91" sc="44" el="91" ec="89" bec="0" bev="0" fileid="6" />
                <SequencePoint vc="0" uspid="162" ordinal="6" offset="52" sl="91" sc="90" el="91" ec="91" bec="0" bev="0" fileid="6" />
                <SequencePoint vc="0" uspid="163" ordinal="7" offset="53" sl="91" sc="92" el="91" ec="98" bec="0" bev="0" fileid="6" />
                <SequencePoint vc="0" uspid="164" ordinal="8" offset="55" sl="92" sc="42" el="92" ec="88" bec="0" bev="0" fileid="6" />
                <SequencePoint vc="0" uspid="165" ordinal="9" offset="63" sl="92" sc="89" el="92" ec="90" bec="0" bev="0" fileid="6" />
                <SequencePoint vc="0" uspid="166" ordinal="10" offset="64" sl="92" sc="91" el="92" ec="97" bec="0" bev="0" fileid="6" />
                <SequencePoint vc="0" uspid="167" ordinal="11" offset="66" sl="93" sc="47" el="93" ec="91" bec="0" bev="0" fileid="6" />
                <SequencePoint vc="0" uspid="168" ordinal="12" offset="74" sl="93" sc="92" el="93" ec="93" bec="0" bev="0" fileid="6" />
                <SequencePoint vc="0" uspid="169" ordinal="13" offset="75" sl="93" sc="94" el="93" ec="100" bec="0" bev="0" fileid="6" />
                <SequencePoint vc="0" uspid="170" ordinal="14" offset="77" sl="94" sc="41" el="94" ec="88" bec="0" bev="0" fileid="6" />
                <SequencePoint vc="0" uspid="171" ordinal="15" offset="85" sl="94" sc="89" el="94" ec="90" bec="0" bev="0" fileid="6" />
                <SequencePoint vc="0" uspid="172" ordinal="16" offset="86" sl="94" sc="91" el="94" ec="97" bec="0" bev="0" fileid="6" />
                <SequencePoint vc="0" uspid="173" ordinal="17" offset="88" sl="97" sc="13" el="97" ec="37" bec="0" bev="0" fileid="6" />
                <SequencePoint vc="0" uspid="174" ordinal="18" offset="95" sl="98" sc="13" el="98" ec="34" bec="0" bev="0" fileid="6" />
                <SequencePoint vc="0" uspid="175" ordinal="19" offset="101" sl="99" sc="13" el="99" ec="78" bec="4" bev="0" fileid="6" />
                <SequencePoint vc="0" uspid="176" ordinal="20" offset="119" sl="99" sc="79" el="99" ec="97" bec="0" bev="0" fileid="6" />
                <SequencePoint vc="0" uspid="177" ordinal="21" offset="125" sl="100" sc="9" el="100" ec="10" bec="0" bev="0" fileid="6" />
              </SequencePoints>
              <BranchPoints>
                <BranchPoint vc="0" uspid="178" ordinal="0" offset="6" sl="88" path="0" offsetchain="31" offsetend="88" fileid="6" />
                <BranchPoint vc="0" uspid="179" ordinal="1" offset="6" sl="88" path="1" offsetend="44" fileid="6" />
                <BranchPoint vc="0" uspid="180" ordinal="2" offset="6" sl="88" path="2" offsetend="33" fileid="6" />
                <BranchPoint vc="0" uspid="181" ordinal="3" offset="6" sl="88" path="3" offsetend="55" fileid="6" />
                <BranchPoint vc="0" uspid="182" ordinal="4" offset="6" sl="88" path="4" offsetend="66" fileid="6" />
                <BranchPoint vc="0" uspid="183" ordinal="5" offset="6" sl="88" path="5" offsetend="77" fileid="6" />
                <BranchPoint vc="0" uspid="184" ordinal="6" offset="103" sl="99" path="0" offsetend="105" fileid="6" />
                <BranchPoint vc="0" uspid="185" ordinal="7" offset="103" sl="99" path="1" offsetend="114" fileid="6" />
                <BranchPoint vc="0" uspid="186" ordinal="8" offset="117" sl="99" path="0" offsetend="119" fileid="6" />
                <BranchPoint vc="0" uspid="187" ordinal="9" offset="117" sl="99" path="1" offsetend="125" fileid="6" />
              </BranchPoints>
              <MethodPoint xsi:type="SequencePoint" vc="0" uspid="156" ordinal="0" offset="0" sl="87" sc="9" el="87" ec="10" bec="0" bev="0" fileid="6" />
            </Method>
            <Method visited="true" cyclomaticComplexity="2" nPathComplexity="2" sequenceCoverage="100" branchCoverage="100" crapScore="2" isConstructor="false" isStatic="true" isGetter="false" isSetter="false">
              <Summary numSequencePoints="8" visitedSequencePoints="8" numBranchPoints="3" visitedBranchPoints="3" sequenceCoverage="100" branchCoverage="100" maxCyclomaticComplexity="2" minCyclomaticComplexity="2" maxCrapScore="2" minCrapScore="2" visitedClasses="0" numClasses="0" visitedMethods="1" numMethods="1" />
              <MetadataToken>100663309</MetadataToken>
              <Name>System.Collections.Generic.List`1&lt;System.Object&gt; Controle_de_Tarefas.Telas.Extensions::ObterParametros(System.Data.SqlClient.SqlDataReader)</Name>
              <FileRef uid="6" />
              <SequencePoints>
                <SequencePoint vc="11" uspid="188" ordinal="0" offset="0" sl="102" sc="9" el="102" ec="10" bec="0" bev="0" fileid="6" />
                <SequencePoint vc="11" uspid="189" ordinal="1" offset="1" sl="103" sc="13" el="103" ec="58" bec="0" bev="0" fileid="6" />
                <SequencePoint vc="11" uspid="190" ordinal="2" offset="7" sl="104" sc="18" el="104" ec="27" bec="0" bev="0" fileid="6" />
                <SequencePoint vc="54" uspid="191" ordinal="3" offset="11" sl="105" sc="17" el="105" ec="51" bec="0" bev="0" fileid="6" />
                <SequencePoint vc="54" uspid="192" ordinal="4" offset="25" sl="104" sc="51" el="104" ec="54" bec="0" bev="0" fileid="6" />
                <SequencePoint vc="65" uspid="193" ordinal="5" offset="29" sl="104" sc="29" el="104" ec="49" bec="2" bev="2" fileid="6" />
                <SequencePoint vc="11" uspid="194" ordinal="6" offset="42" sl="106" sc="13" el="106" ec="31" bec="0" bev="0" fileid="6" />
                <SequencePoint vc="11" uspid="195" ordinal="7" offset="46" sl="107" sc="9" el="107" ec="10" bec="0" bev="0" fileid="6" />
              </SequencePoints>
              <BranchPoints>
                <BranchPoint vc="11" uspid="196" ordinal="0" offset="40" sl="104" path="0" offsetend="42" fileid="6" />
                <BranchPoint vc="54" uspid="197" ordinal="1" offset="40" sl="104" path="1" offsetend="11" fileid="6" />
              </BranchPoints>
              <MethodPoint xsi:type="SequencePoint" vc="11" uspid="188" ordinal="0" offset="0" sl="102" sc="9" el="102" ec="10" bec="0" bev="0" fileid="6" />
            </Method>
          </Methods>
        </Class>
        <Class>
          <Summary numSequencePoints="82" visitedSequencePoints="0" numBranchPoints="30" visitedBranchPoints="0" sequenceCoverage="0" branchCoverage="0" maxCyclomaticComplexity="7" minCyclomaticComplexity="1" maxCrapScore="56" minCrapScore="2" visitedClasses="0" numClasses="1" visitedMethods="0" numMethods="4" />
          <FullName>Controle_de_Tarefas.Telas.TelaContatos</FullName>
          <Methods>
            <Method visited="false" cyclomaticComplexity="1" nPathComplexity="0" sequenceCoverage="0" branchCoverage="0" crapScore="2" isConstructor="true" isStatic="false" isGetter="false" isSetter="false">
              <Summary numSequencePoints="4" visitedSequencePoints="0" numBranchPoints="1" visitedBranchPoints="0" sequenceCoverage="0" branchCoverage="0" maxCyclomaticComplexity="1" minCyclomaticComplexity="1" maxCrapScore="2" minCrapScore="2" visitedClasses="0" numClasses="0" visitedMethods="0" numMethods="1" />
              <MetadataToken>100663310</MetadataToken>
              <Name>System.Void Controle_de_Tarefas.Telas.TelaContatos::.ctor()</Name>
              <FileRef uid="9" />
              <SequencePoints>
                <SequencePoint vc="0" uspid="198" ordinal="0" offset="0" sl="10" sc="33" el="10" ec="64" bec="0" bev="0" fileid="9" />
                <SequencePoint vc="0" uspid="199" ordinal="1" offset="12" sl="11" sc="9" el="11" ec="10" bec="0" bev="0" fileid="9" />
                <SequencePoint vc="0" uspid="200" ordinal="2" offset="13" sl="12" sc="13" el="12" ec="20" bec="0" bev="0" fileid="9" />
                <SequencePoint vc="0" uspid="201" ordinal="3" offset="20" sl="13" sc="9" el="13" ec="10" bec="0" bev="0" fileid="9" />
              </SequencePoints>
              <BranchPoints />
              <MethodPoint xsi:type="SequencePoint" vc="0" uspid="198" ordinal="0" offset="0" sl="10" sc="33" el="10" ec="64" bec="0" bev="0" fileid="9" />
            </Method>
            <Method visited="false" cyclomaticComplexity="7" nPathComplexity="64" sequenceCoverage="0" branchCoverage="0" crapScore="56" isConstructor="false" isStatic="false" isGetter="false" isSetter="false">
              <Summary numSequencePoints="27" visitedSequencePoints="0" numBranchPoints="13" visitedBranchPoints="0" sequenceCoverage="0" branchCoverage="0" maxCyclomaticComplexity="7" minCyclomaticComplexity="7" maxCrapScore="56" minCrapScore="56" visitedClasses="0" numClasses="0" visitedMethods="0" numMethods="1" />
              <MetadataToken>100663311</MetadataToken>
              <Name>System.Void Controle_de_Tarefas.Telas.TelaContatos::menu()</Name>
              <FileRef uid="9" />
              <SequencePoints>
                <SequencePoint vc="0" uspid="202" ordinal="0" offset="0" sl="16" sc="9" el="16" ec="10" bec="0" bev="0" fileid="9" />
                <SequencePoint vc="0" uspid="203" ordinal="1" offset="1" sl="17" sc="13" el="17" ec="31" bec="0" bev="0" fileid="9" />
                <SequencePoint vc="0" uspid="204" ordinal="2" offset="12" sl="19" sc="13" el="19" ec="14" bec="0" bev="0" fileid="9" />
                <SequencePoint vc="0" uspid="205" ordinal="3" offset="13" sl="20" sc="17" el="20" ec="33" bec="0" bev="0" fileid="9" />
                <SequencePoint vc="0" uspid="206" ordinal="4" offset="19" sl="21" sc="17" el="21" ec="60" bec="0" bev="0" fileid="9" />
                <SequencePoint vc="0" uspid="207" ordinal="5" offset="30" sl="22" sc="17" el="22" ec="84" bec="0" bev="0" fileid="9" />
                <SequencePoint vc="0" uspid="208" ordinal="6" offset="41" sl="23" sc="17" el="23" ec="78" bec="0" bev="0" fileid="9" />
                <SequencePoint vc="0" uspid="209" ordinal="7" offset="52" sl="24" sc="17" el="24" ec="70" bec="0" bev="0" fileid="9" />
                <SequencePoint vc="0" uspid="210" ordinal="8" offset="63" sl="25" sc="17" el="25" ec="71" bec="0" bev="0" fileid="9" />
                <SequencePoint vc="0" uspid="211" ordinal="9" offset="74" sl="26" sc="17" el="26" ec="61" bec="0" bev="0" fileid="9" />
                <SequencePoint vc="0" uspid="212" ordinal="10" offset="85" sl="27" sc="17" el="27" ec="67" bec="0" bev="0" fileid="9" />
                <SequencePoint vc="0" uspid="213" ordinal="11" offset="97" sl="28" sc="17" el="28" ec="63" bec="0" bev="0" fileid="9" />
                <SequencePoint vc="0" uspid="214" ordinal="12" offset="108" sl="29" sc="17" el="29" ec="31" bec="10" bev="0" fileid="9" />
                <SequencePoint vc="0" uspid="215" ordinal="13" offset="179" sl="31" sc="31" el="31" ec="44" bec="0" bev="0" fileid="9" />
                <SequencePoint vc="0" uspid="216" ordinal="14" offset="186" sl="31" sc="45" el="31" ec="51" bec="0" bev="0" fileid="9" />
                <SequencePoint vc="0" uspid="217" ordinal="15" offset="188" sl="32" sc="31" el="32" ec="43" bec="0" bev="0" fileid="9" />
                <SequencePoint vc="0" uspid="218" ordinal="16" offset="195" sl="32" sc="44" el="32" ec="50" bec="0" bev="0" fileid="9" />
                <SequencePoint vc="0" uspid="219" ordinal="17" offset="197" sl="33" sc="31" el="33" ec="40" bec="0" bev="0" fileid="9" />
                <SequencePoint vc="0" uspid="220" ordinal="18" offset="204" sl="33" sc="41" el="33" ec="47" bec="0" bev="0" fileid="9" />
                <SequencePoint vc="0" uspid="221" ordinal="19" offset="206" sl="34" sc="31" el="34" ec="41" bec="0" bev="0" fileid="9" />
                <SequencePoint vc="0" uspid="222" ordinal="20" offset="213" sl="34" sc="42" el="34" ec="48" bec="0" bev="0" fileid="9" />
                <SequencePoint vc="0" uspid="223" ordinal="21" offset="215" sl="35" sc="31" el="35" ec="37" bec="0" bev="0" fileid="9" />
                <SequencePoint vc="0" uspid="224" ordinal="22" offset="217" sl="36" sc="30" el="36" ec="98" bec="0" bev="0" fileid="9" />
                <SequencePoint vc="0" uspid="225" ordinal="23" offset="229" sl="36" sc="99" el="36" ec="105" bec="0" bev="0" fileid="9" />
                <SequencePoint vc="0" uspid="226" ordinal="24" offset="231" sl="38" sc="13" el="38" ec="14" bec="0" bev="0" fileid="9" />
                <SequencePoint vc="0" uspid="227" ordinal="25" offset="232" sl="18" sc="13" el="18" ec="33" bec="2" bev="0" fileid="9" />
                <SequencePoint vc="0" uspid="228" ordinal="26" offset="250" sl="39" sc="9" el="39" ec="10" bec="0" bev="0" fileid="9" />
              </SequencePoints>
              <BranchPoints>
                <BranchPoint vc="0" uspid="229" ordinal="0" offset="123" sl="29" path="0" offsetend="125" fileid="9" />
                <BranchPoint vc="0" uspid="230" ordinal="1" offset="123" sl="29" path="1" offsetend="179" fileid="9" />
                <BranchPoint vc="0" uspid="231" ordinal="2" offset="136" sl="29" path="0" offsetend="138" fileid="9" />
                <BranchPoint vc="0" uspid="232" ordinal="3" offset="136" sl="29" path="1" offsetend="188" fileid="9" />
                <BranchPoint vc="0" uspid="233" ordinal="4" offset="149" sl="29" path="0" offsetend="151" fileid="9" />
                <BranchPoint vc="0" uspid="234" ordinal="5" offset="149" sl="29" path="1" offsetend="197" fileid="9" />
                <BranchPoint vc="0" uspid="235" ordinal="6" offset="162" sl="29" path="0" offsetend="164" fileid="9" />
                <BranchPoint vc="0" uspid="236" ordinal="7" offset="162" sl="29" path="1" offsetend="206" fileid="9" />
                <BranchPoint vc="0" uspid="237" ordinal="8" offset="175" sl="29" path="0" offsetchain="177" offsetend="217" fileid="9" />
                <BranchPoint vc="0" uspid="238" ordinal="9" offset="175" sl="29" path="1" offsetchain="215" offsetend="231" fileid="9" />
                <BranchPoint vc="0" uspid="239" ordinal="10" offset="245" sl="18" path="0" offsetend="250" fileid="9" />
                <BranchPoint vc="0" uspid="240" ordinal="11" offset="245" sl="18" path="1" offsetend="12" fileid="9" />
              </BranchPoints>
              <MethodPoint xsi:type="SequencePoint" vc="0" uspid="202" ordinal="0" offset="0" sl="16" sc="9" el="16" ec="10" bec="0" bev="0" fileid="9" />
            </Method>
            <Method visited="false" cyclomaticComplexity="7" nPathComplexity="64" sequenceCoverage="0" branchCoverage="0" crapScore="56" isConstructor="false" isStatic="false" isGetter="false" isSetter="false">
              <Summary numSequencePoints="44" visitedSequencePoints="0" numBranchPoints="13" visitedBranchPoints="0" sequenceCoverage="0" branchCoverage="0" maxCyclomaticComplexity="7" minCyclomaticComplexity="7" maxCrapScore="56" minCrapScore="56" visitedClasses="0" numClasses="0" visitedMethods="0" numMethods="1" />
              <MetadataToken>100663312</MetadataToken>
              <Name>Controle_de_Tarefas.Dominio.Contato Controle_de_Tarefas.Telas.TelaContatos::registroValido()</Name>
              <FileRef uid="9" />
              <SequencePoints>
                <SequencePoint vc="0" uspid="241" ordinal="0" offset="0" sl="41" sc="9" el="41" ec="10" bec="0" bev="0" fileid="9" />
                <SequencePoint vc="0" uspid="242" ordinal="1" offset="1" sl="43" sc="13" el="43" ec="29" bec="0" bev="0" fileid="9" />
                <SequencePoint vc="0" uspid="243" ordinal="2" offset="9" sl="45" sc="13" el="45" ec="14" bec="0" bev="0" fileid="9" />
                <SequencePoint vc="0" uspid="244" ordinal="3" offset="10" sl="46" sc="17" el="46" ec="87" bec="0" bev="0" fileid="9" />
                <SequencePoint vc="0" uspid="245" ordinal="4" offset="22" sl="47" sc="17" el="47" ec="43" bec="0" bev="0" fileid="9" />
                <SequencePoint vc="0" uspid="246" ordinal="5" offset="28" sl="48" sc="17" el="48" ec="37" bec="2" bev="0" fileid="9" />
                <SequencePoint vc="0" uspid="247" ordinal="6" offset="43" sl="49" sc="21" el="49" ec="27" bec="0" bev="0" fileid="9" />
                <SequencePoint vc="0" uspid="248" ordinal="7" offset="45" sl="50" sc="17" el="50" ec="80" bec="0" bev="0" fileid="9" />
                <SequencePoint vc="0" uspid="249" ordinal="8" offset="57" sl="51" sc="13" el="51" ec="14" bec="0" bev="0" fileid="9" />
                <SequencePoint vc="0" uspid="250" ordinal="9" offset="58" sl="44" sc="13" el="44" ec="25" bec="0" bev="0" fileid="9" />
                <SequencePoint vc="0" uspid="251" ordinal="10" offset="65" sl="53" sc="13" el="53" ec="14" bec="0" bev="0" fileid="9" />
                <SequencePoint vc="0" uspid="252" ordinal="11" offset="66" sl="54" sc="17" el="54" ec="88" bec="0" bev="0" fileid="9" />
                <SequencePoint vc="0" uspid="253" ordinal="12" offset="78" sl="55" sc="17" el="55" ec="44" bec="0" bev="0" fileid="9" />
                <SequencePoint vc="0" uspid="254" ordinal="13" offset="84" sl="56" sc="17" el="56" ec="67" bec="4" bev="0" fileid="9" />
                <SequencePoint vc="0" uspid="255" ordinal="14" offset="117" sl="57" sc="21" el="57" ec="27" bec="0" bev="0" fileid="9" />
                <SequencePoint vc="0" uspid="256" ordinal="15" offset="119" sl="58" sc="17" el="58" ec="83" bec="0" bev="0" fileid="9" />
                <SequencePoint vc="0" uspid="257" ordinal="16" offset="131" sl="59" sc="13" el="59" ec="14" bec="0" bev="0" fileid="9" />
                <SequencePoint vc="0" uspid="258" ordinal="17" offset="132" sl="52" sc="13" el="52" ec="25" bec="0" bev="0" fileid="9" />
                <SequencePoint vc="0" uspid="259" ordinal="18" offset="139" sl="61" sc="13" el="61" ec="14" bec="0" bev="0" fileid="9" />
                <SequencePoint vc="0" uspid="260" ordinal="19" offset="140" sl="62" sc="17" el="62" ec="91" bec="0" bev="0" fileid="9" />
                <SequencePoint vc="0" uspid="261" ordinal="20" offset="152" sl="63" sc="17" el="63" ec="47" bec="0" bev="0" fileid="9" />
                <SequencePoint vc="0" uspid="262" ordinal="21" offset="158" sl="64" sc="17" el="64" ec="42" bec="2" bev="0" fileid="9" />
                <SequencePoint vc="0" uspid="263" ordinal="22" offset="174" sl="65" sc="21" el="65" ec="27" bec="0" bev="0" fileid="9" />
                <SequencePoint vc="0" uspid="264" ordinal="23" offset="176" sl="66" sc="17" el="66" ec="98" bec="0" bev="0" fileid="9" />
                <SequencePoint vc="0" uspid="265" ordinal="24" offset="188" sl="67" sc="13" el="67" ec="14" bec="0" bev="0" fileid="9" />
                <SequencePoint vc="0" uspid="266" ordinal="25" offset="189" sl="60" sc="13" el="60" ec="25" bec="0" bev="0" fileid="9" />
                <SequencePoint vc="0" uspid="267" ordinal="26" offset="196" sl="69" sc="13" el="69" ec="14" bec="0" bev="0" fileid="9" />
                <SequencePoint vc="0" uspid="268" ordinal="27" offset="197" sl="70" sc="17" el="70" ec="90" bec="0" bev="0" fileid="9" />
                <SequencePoint vc="0" uspid="269" ordinal="28" offset="209" sl="71" sc="17" el="71" ec="46" bec="0" bev="0" fileid="9" />
                <SequencePoint vc="0" uspid="270" ordinal="29" offset="215" sl="72" sc="17" el="72" ec="40" bec="2" bev="0" fileid="9" />
                <SequencePoint vc="0" uspid="271" ordinal="30" offset="230" sl="73" sc="21" el="73" ec="27" bec="0" bev="0" fileid="9" />
                <SequencePoint vc="0" uspid="272" ordinal="31" offset="232" sl="74" sc="17" el="74" ec="83" bec="0" bev="0" fileid="9" />
                <SequencePoint vc="0" uspid="273" ordinal="32" offset="244" sl="75" sc="13" el="75" ec="14" bec="0" bev="0" fileid="9" />
                <SequencePoint vc="0" uspid="274" ordinal="33" offset="245" sl="68" sc="13" el="68" ec="25" bec="0" bev="0" fileid="9" />
                <SequencePoint vc="0" uspid="275" ordinal="34" offset="252" sl="77" sc="13" el="77" ec="14" bec="0" bev="0" fileid="9" />
                <SequencePoint vc="0" uspid="276" ordinal="35" offset="253" sl="78" sc="17" el="78" ec="88" bec="0" bev="0" fileid="9" />
                <SequencePoint vc="0" uspid="277" ordinal="36" offset="265" sl="79" sc="17" el="79" ec="44" bec="0" bev="0" fileid="9" />
                <SequencePoint vc="0" uspid="278" ordinal="37" offset="272" sl="80" sc="17" el="80" ec="38" bec="2" bev="0" fileid="9" />
                <SequencePoint vc="0" uspid="279" ordinal="38" offset="288" sl="81" sc="21" el="81" ec="27" bec="0" bev="0" fileid="9" />
                <SequencePoint vc="0" uspid="280" ordinal="39" offset="290" sl="82" sc="17" el="82" ec="81" bec="0" bev="0" fileid="9" />
                <SequencePoint vc="0" uspid="281" ordinal="40" offset="302" sl="83" sc="13" el="83" ec="14" bec="0" bev="0" fileid="9" />
                <SequencePoint vc="0" uspid="282" ordinal="41" offset="303" sl="76" sc="13" el="76" ec="25" bec="0" bev="0" fileid="9" />
                <SequencePoint vc="0" uspid="283" ordinal="42" offset="308" sl="84" sc="13" el="84" ec="71" bec="0" bev="0" fileid="9" />
                <SequencePoint vc="0" uspid="284" ordinal="43" offset="323" sl="85" sc="9" el="85" ec="10" bec="0" bev="0" fileid="9" />
              </SequencePoints>
              <BranchPoints>
                <BranchPoint vc="0" uspid="285" ordinal="0" offset="41" sl="48" path="0" offsetchain="43 63" offsetend="132" fileid="9" />
                <BranchPoint vc="0" uspid="286" ordinal="1" offset="41" sl="48" path="1" offsetend="45" fileid="9" />
                <BranchPoint vc="0" uspid="287" ordinal="2" offset="95" sl="56" path="0" offsetend="97" fileid="9" />
                <BranchPoint vc="0" uspid="288" ordinal="3" offset="95" sl="56" path="1" offsetend="110" fileid="9" />
                <BranchPoint vc="0" uspid="289" ordinal="4" offset="115" sl="56" path="0" offsetchain="117 137" offsetend="189" fileid="9" />
                <BranchPoint vc="0" uspid="290" ordinal="5" offset="115" sl="56" path="1" offsetend="119" fileid="9" />
                <BranchPoint vc="0" uspid="291" ordinal="6" offset="172" sl="64" path="0" offsetchain="174 194" offsetend="245" fileid="9" />
                <BranchPoint vc="0" uspid="292" ordinal="7" offset="172" sl="64" path="1" offsetend="176" fileid="9" />
                <BranchPoint vc="0" uspid="293" ordinal="8" offset="228" sl="72" path="0" offsetchain="230 250" offsetend="303" fileid="9" />
                <BranchPoint vc="0" uspid="294" ordinal="9" offset="228" sl="72" path="1" offsetend="232" fileid="9" />
                <BranchPoint vc="0" uspid="295" ordinal="10" offset="286" sl="80" path="0" offsetchain="288" offsetend="308" fileid="9" />
                <BranchPoint vc="0" uspid="296" ordinal="11" offset="286" sl="80" path="1" offsetend="290" fileid="9" />
              </BranchPoints>
              <MethodPoint xsi:type="SequencePoint" vc="0" uspid="241" ordinal="0" offset="0" sl="41" sc="9" el="41" ec="10" bec="0" bev="0" fileid="9" />
            </Method>
            <Method visited="false" cyclomaticComplexity="2" nPathComplexity="2" sequenceCoverage="0" branchCoverage="0" crapScore="6" isConstructor="false" isStatic="false" isGetter="false" isSetter="false">
              <Summary numSequencePoints="7" visitedSequencePoints="0" numBranchPoints="3" visitedBranchPoints="0" sequenceCoverage="0" branchCoverage="0" maxCyclomaticComplexity="2" minCyclomaticComplexity="2" maxCrapScore="6" minCrapScore="6" visitedClasses="0" numClasses="0" visitedMethods="0" numMethods="1" />
              <MetadataToken>100663313</MetadataToken>
              <Name>System.Void Controle_de_Tarefas.Telas.TelaContatos::visualizar()</Name>
              <FileRef uid="9" />
              <SequencePoints>
                <SequencePoint vc="0" uspid="297" ordinal="0" offset="0" sl="87" sc="9" el="87" ec="10" bec="0" bev="0" fileid="9" />
                <SequencePoint vc="0" uspid="298" ordinal="1" offset="1" sl="88" sc="13" el="88" ec="29" bec="0" bev="0" fileid="9" />
                <SequencePoint vc="0" uspid="299" ordinal="2" offset="7" sl="89" sc="13" el="89" ec="82" bec="2" bev="0" fileid="9" />
                <SequencePoint vc="0" uspid="300" ordinal="3" offset="60" sl="90" sc="13" el="90" ec="38" bec="0" bev="0" fileid="9" />
                <SequencePoint vc="0" uspid="301" ordinal="4" offset="67" sl="91" sc="13" el="91" ec="87" bec="0" bev="0" fileid="9" />
                <SequencePoint vc="0" uspid="302" ordinal="5" offset="79" sl="92" sc="13" el="92" ec="31" bec="0" bev="0" fileid="9" />
                <SequencePoint vc="0" uspid="303" ordinal="6" offset="85" sl="93" sc="9" el="93" ec="10" bec="0" bev="0" fileid="9" />
              </SequencePoints>
              <BranchPoints>
                <BranchPoint vc="0" uspid="304" ordinal="0" offset="24" sl="89" path="0" offsetend="26" fileid="9" />
                <BranchPoint vc="0" uspid="305" ordinal="1" offset="24" sl="89" path="1" offsetend="49" fileid="9" />
              </BranchPoints>
              <MethodPoint xsi:type="SequencePoint" vc="0" uspid="297" ordinal="0" offset="0" sl="87" sc="9" el="87" ec="10" bec="0" bev="0" fileid="9" />
            </Method>
          </Methods>
        </Class>
        <Class>
          <Summary numSequencePoints="1" visitedSequencePoints="0" numBranchPoints="1" visitedBranchPoints="0" sequenceCoverage="0" branchCoverage="0" maxCyclomaticComplexity="1" minCyclomaticComplexity="1" maxCrapScore="2" minCrapScore="2" visitedClasses="0" numClasses="1" visitedMethods="0" numMethods="1" />
          <FullName>Controle_de_Tarefas.Telas.TelaContatos/&lt;&gt;c</FullName>
          <Methods>
            <Method visited="false" cyclomaticComplexity="1" nPathComplexity="0" sequenceCoverage="0" branchCoverage="0" crapScore="2" isConstructor="true" isStatic="true" isGetter="false" isSetter="false">
              <Summary numSequencePoints="0" visitedSequencePoints="0" numBranchPoints="0" visitedBranchPoints="0" sequenceCoverage="0" branchCoverage="0" maxCyclomaticComplexity="1" minCyclomaticComplexity="1" maxCrapScore="2" minCrapScore="2" visitedClasses="0" numClasses="0" visitedMethods="0" numMethods="0" />
              <MetadataToken>100663398</MetadataToken>
              <Name>System.Void Controle_de_Tarefas.Telas.TelaContatos/&lt;&gt;c::.cctor()</Name>
              <SequencePoints />
              <BranchPoints />
              <MethodPoint vc="0" uspid="306" ordinal="0" offset="0" />
            </Method>
            <Method visited="false" cyclomaticComplexity="1" nPathComplexity="0" sequenceCoverage="0" branchCoverage="0" crapScore="2" isConstructor="true" isStatic="false" isGetter="false" isSetter="false">
              <Summary numSequencePoints="0" visitedSequencePoints="0" numBranchPoints="0" visitedBranchPoints="0" sequenceCoverage="0" branchCoverage="0" maxCyclomaticComplexity="1" minCyclomaticComplexity="1" maxCrapScore="2" minCrapScore="2" visitedClasses="0" numClasses="0" visitedMethods="0" numMethods="0" />
              <MetadataToken>100663399</MetadataToken>
              <Name>System.Void Controle_de_Tarefas.Telas.TelaContatos/&lt;&gt;c::.ctor()</Name>
              <SequencePoints />
              <BranchPoints />
              <MethodPoint vc="0" uspid="307" ordinal="0" offset="0" />
            </Method>
            <Method visited="false" cyclomaticComplexity="1" nPathComplexity="0" sequenceCoverage="0" branchCoverage="0" crapScore="2" isConstructor="false" isStatic="false" isGetter="false" isSetter="false">
              <Summary numSequencePoints="1" visitedSequencePoints="0" numBranchPoints="1" visitedBranchPoints="0" sequenceCoverage="0" branchCoverage="0" maxCyclomaticComplexity="1" minCyclomaticComplexity="1" maxCrapScore="2" minCrapScore="2" visitedClasses="0" numClasses="0" visitedMethods="0" numMethods="1" />
              <MetadataToken>100663400</MetadataToken>
              <Name>System.String Controle_de_Tarefas.Telas.TelaContatos/&lt;&gt;c::&lt;visualizar&gt;b__3_0(Controle_de_Tarefas.Dominio.Contato)</Name>
              <FileRef uid="9" />
              <SequencePoints>
                <SequencePoint vc="0" uspid="308" ordinal="0" offset="0" sl="89" sc="64" el="89" ec="71" bec="0" bev="0" fileid="9" />
              </SequencePoints>
              <BranchPoints />
[...]
          <FullName>Controle_de_Tarefas.Controladores.ControladorObjetivos</FullName>
          <Methods>
            <Method visited="true" cyclomaticComplexity="1" nPathComplexity="0" sequenceCoverage="100" branchCoverage="100" crapScore="1" isConstructor="false" isStatic="false" isGetter="true" isSetter="false">
              <Summary numSequencePoints="1" visitedSequencePoints="1" numBranchPoints="1" visitedBranchPoints="1" sequenceCoverage="100" branchCoverage="100" maxCyclomaticComplexity="1" minCyclomaticComplexity="1" maxCrapScore="1" minCrapScore="1" visitedClasses="0" numClasses="0" visitedMethods="1" numMethods="1" />
              <MetadataToken>100663388</MetadataToken>
              <Name>System.String Controle_de_Tarefas.Controladores.ControladorObjetivos::get_nomeTabela()</Name>
              <FileRef uid="24" />
              <SequencePoints>
                <SequencePoint vc="9" uspid="744" ordinal="0" offset="0" sl="10" sc="49" el="10" ec="62" bec="0" bev="0" fileid="24" />
              </SequencePoints>
              <BranchPoints />
              <MethodPoint xsi:type="SequencePoint" vc="9" uspid="744" ordinal="0" offset="0" sl="10" sc="49" el="10" ec="62" bec="0" bev="0" fileid="24" />
            </Method>
            <Method visited="false" cyclomaticComplexity="3" nPathComplexity="2" sequenceCoverage="0" branchCoverage="0" crapScore="12" isConstructor="false" isStatic="false" isGetter="false" isSetter="false">
              <Summary numSequencePoints="12" visitedSequencePoints="0" numBranchPoints="3" visitedBranchPoints="0" sequenceCoverage="0" branchCoverage="0" maxCyclomaticComplexity="3" minCyclomaticComplexity="3" maxCrapScore="12" minCrapScore="12" visitedClasses="0" numClasses="0" visitedMethods="0" numMethods="1" />
              <MetadataToken>100663389</MetadataToken>
              <Name>System.String Controle_de_Tarefas.Controladores.ControladorObjetivos::ToString(System.Int32)</Name>
              <FileRef uid="24" />
              <SequencePoints>
                <SequencePoint vc="0" uspid="745" ordinal="0" offset="0" sl="12" sc="9" el="12" ec="10" bec="0" bev="0" fileid="24" />
                <SequencePoint vc="0" uspid="746" ordinal="1" offset="1" sl="13" sc="13" el="13" ec="56" bec="0" bev="0" fileid="24" />
                <SequencePoint vc="0" uspid="747" ordinal="2" offset="9" sl="14" sc="13" el="14" ec="38" bec="2" bev="0" fileid="24" />
                <SequencePoint vc="0" uspid="748" ordinal="3" offset="22" sl="15" sc="17" el="15" ec="53" bec="0" bev="0" fileid="24" />
                <SequencePoint vc="0" uspid="749" ordinal="4" offset="30" sl="17" sc="13" el="17" ec="38" bec="0" bev="0" fileid="24" />
                <SequencePoint vc="0" uspid="750" ordinal="5" offset="36" sl="18" sc="13" el="18" ec="20" bec="0" bev="0" fileid="24" />
                <SequencePoint vc="0" uspid="751" ordinal="6" offset="37" sl="18" sc="38" el="18" ec="47" bec="0" bev="0" fileid="24" />
                <SequencePoint vc="0" uspid="752" ordinal="7" offset="47" sl="18" sc="22" el="18" ec="34" bec="0" bev="0" fileid="24" />
                <SequencePoint vc="0" uspid="753" ordinal="8" offset="56" sl="19" sc="17" el="19" ec="75" bec="0" bev="0" fileid="24" />
                <SequencePoint vc="0" uspid="754" ordinal="9" offset="85" sl="18" sc="35" el="18" ec="37" bec="0" bev="0" fileid="24" />
                <SequencePoint vc="0" uspid="755" ordinal="10" offset="111" sl="20" sc="13" el="20" ec="33" bec="0" bev="0" fileid="24" />
                <SequencePoint vc="0" uspid="756" ordinal="11" offset="115" sl="21" sc="9" el="21" ec="10" bec="0" bev="0" fileid="24" />
              </SequencePoints>
              <BranchPoints>
                <BranchPoint vc="0" uspid="757" ordinal="0" offset="20" sl="14" path="0" offsetend="22" fileid="24" />
                <BranchPoint vc="0" uspid="758" ordinal="1" offset="20" sl="14" path="1" offsetend="30" fileid="24" />
              </BranchPoints>
              <MethodPoint xsi:type="SequencePoint" vc="0" uspid="745" ordinal="0" offset="0" sl="12" sc="9" el="12" ec="10" bec="0" bev="0" fileid="24" />
            </Method>
            <Method visited="true" cyclomaticComplexity="1" nPathComplexity="0" sequenceCoverage="100" branchCoverage="100" crapScore="1" isConstructor="false" isStatic="false" isGetter="false" isSetter="false">
              <Summary numSequencePoints="3" visitedSequencePoints="3" numBranchPoints="1" visitedBranchPoints="1" sequenceCoverage="100" branchCoverage="100" maxCyclomaticComplexity="1" minCyclomaticComplexity="1" maxCrapScore="1" minCrapScore="1" visitedClasses="0" numClasses="0" visitedMethods="1" numMethods="1" />
              <MetadataToken>100663390</MetadataToken>
              <Name>System.Collections.Generic.List`1&lt;Controle_de_Tarefas.Dominio.Objetivo&gt; Controle_de_Tarefas.Controladores.ControladorObjetivos::objetivosTarefa(System.Int32)</Name>
              <FileRef uid="24" />
              <SequencePoints>
                <SequencePoint vc="6" uspid="761" ordinal="0" offset="13" sl="24" sc="9" el="24" ec="10" bec="0" bev="0" fileid="24" />
                <SequencePoint vc="6" uspid="762" ordinal="1" offset="14" sl="25" sc="13" el="25" ec="76" bec="0" bev="0" fileid="24" />
                <SequencePoint vc="6" uspid="763" ordinal="2" offset="45" sl="26" sc="9" el="26" ec="10" bec="0" bev="0" fileid="24" />
              </SequencePoints>
              <BranchPoints />
              <MethodPoint vc="6" uspid="764" ordinal="0" offset="0" />
            </Method>
            <Method visited="false" cyclomaticComplexity="2" nPathComplexity="2" sequenceCoverage="0" branchCoverage="0" crapScore="6" isConstructor="false" isStatic="false" isGetter="false" isSetter="false">
              <Summary numSequencePoints="3" visitedSequencePoints="0" numBranchPoints="3" visitedBranchPoints="0" sequenceCoverage="0" branchCoverage="0" maxCyclomaticComplexity="2" minCyclomaticComplexity="2" maxCrapScore="6" minCrapScore="6" visitedClasses="0" numClasses="0" visitedMethods="0" numMethods="1" />
              <MetadataToken>100663391</MetadataToken>
              <Name>System.Collections.Generic.List`1&lt;Controle_de_Tarefas.Dominio.Objetivo&gt; Controle_de_Tarefas.Controladores.ControladorObjetivos::objetivosIncompletos(System.Int32)</Name>
              <FileRef uid="24" />
              <SequencePoints>
                <SequencePoint vc="0" uspid="765" ordinal="0" offset="0" sl="29" sc="9" el="29" ec="10" bec="0" bev="0" fileid="24" />
                <SequencePoint vc="0" uspid="766" ordinal="1" offset="1" sl="30" sc="13" el="30" ec="75" bec="2" bev="0" fileid="24" />
                <SequencePoint vc="0" uspid="767" ordinal="2" offset="47" sl="31" sc="9" el="31" ec="10" bec="0" bev="0" fileid="24" />
              </SequencePoints>
              <BranchPoints>
                <BranchPoint vc="0" uspid="768" ordinal="0" offset="14" sl="30" path="0" offsetend="16" fileid="24" />
                <BranchPoint vc="0" uspid="769" ordinal="1" offset="14" sl="30" path="1" offsetend="39" fileid="24" />
              </BranchPoints>
              <MethodPoint xsi:type="SequencePoint" vc="0" uspid="765" ordinal="0" offset="0" sl="29" sc="9" el="29" ec="10" bec="0" bev="0" fileid="24" />
            </Method>
            <Method visited="true" cyclomaticComplexity="2" nPathComplexity="2" sequenceCoverage="100" branchCoverage="100" crapScore="2" isConstructor="false" isStatic="false" isGetter="false" isSetter="false">
              <Summary numSequencePoints="3" visitedSequencePoints="3" numBranchPoints="3" visitedBranchPoints="3" sequenceCoverage="100" branchCoverage="100" maxCyclomaticComplexity="2" minCyclomaticComplexity="2" maxCrapScore="2" minCrapScore="2" visitedClasses="0" numClasses="0" visitedMethods="1" numMethods="1" />
              <MetadataToken>100663392</MetadataToken>
              <Name>System.Collections.Generic.List`1&lt;Controle_de_Tarefas.Dominio.Objetivo&gt; Controle_de_Tarefas.Controladores.ControladorObjetivos::objetivosCompletos(System.Int32)</Name>
              <FileRef uid="24" />
              <SequencePoints>
                <SequencePoint vc="3" uspid="770" ordinal="0" offset="0" sl="33" sc="9" el="33" ec="10" bec="0" bev="0" fileid="24" />
                <SequencePoint vc="3" uspid="771" ordinal="1" offset="1" sl="34" sc="13" el="34" ec="74" bec="2" bev="2" fileid="24" />
                <SequencePoint vc="3" uspid="772" ordinal="2" offset="47" sl="35" sc="9" el="35" ec="10" bec="0" bev="0" fileid="24" />
              </SequencePoints>
              <BranchPoints>
                <BranchPoint vc="1" uspid="773" ordinal="0" offset="14" sl="34" path="0" offsetend="16" fileid="24" />
                <BranchPoint vc="2" uspid="774" ordinal="1" offset="14" sl="34" path="1" offsetend="39" fileid="24" />
              </BranchPoints>
              <MethodPoint xsi:type="SequencePoint" vc="3" uspid="770" ordinal="0" offset="0" sl="33" sc="9" el="33" ec="10" bec="0" bev="0" fileid="24" />
            </Method>
            <Method visited="false" cyclomaticComplexity="1" nPathComplexity="0" sequenceCoverage="0" branchCoverage="0" crapScore="2" isConstructor="true" isStatic="false" isGetter="false" isSetter="false">
              <Summary numSequencePoints="0" visitedSequencePoints="0" numBranchPoints="0" visitedBranchPoints="0" sequenceCoverage="0" branchCoverage="0" maxCyclomaticComplexity="1" minCyclomaticComplexity="1" maxCrapScore="2" minCrapScore="2" visitedClasses="0" numClasses="0" visitedMethods="0" numMethods="0" />
              <MetadataToken>100663393</MetadataToken>
              <Name>System.Void Controle_de_Tarefas.Controladores.ControladorObjetivos::.ctor()</Name>
              <SequencePoints />
              <BranchPoints />
              <MethodPoint vc="0" uspid="775" ordinal="0" offset="0" />
            </Method>
          </Methods>
        </Class>
        <Class>
          <Summary numSequencePoints="1" visitedSequencePoints="1" numBranchPoints="1" visitedBranchPoints="1" sequenceCoverage="100" branchCoverage="100" maxCyclomaticComplexity="1" minCyclomaticComplexity="1" maxCrapScore="2" minCrapScore="1" visitedClasses="1" numClasses="1" visitedMethods="1" numMethods="1" />
          <FullName>Controle_de_Tarefas.Controladores.ControladorObjetivos/&lt;&gt;c__DisplayClass3_0</FullName>
          <Methods>
            <Method visited="false" cyclomaticComplexity="1" nPathComplexity="0" sequenceCoverage="0" branchCoverage="0" crapScore="2" isConstructor="true" isStatic="false" isGetter="false" isSetter="false">
              <Summary numSequencePoints="0" visitedSequencePoints="0" numBranchPoints="0" visitedBranchPoints="0" sequenceCoverage="0" branchCoverage="0" maxCyclomaticComplexity="1" minCyclomaticComplexity="1" maxCrapScore="2" minCrapScore="2" visitedClasses="0" numClasses="0" visitedMethods="0" numMethods="0" />
              <MetadataToken>100663417</MetadataToken>
              <Name>System.Void Controle_de_Tarefas.Controladores.ControladorObjetivos/&lt;&gt;c__DisplayClass3_0::.ctor()</Name>
              <SequencePoints />
              <BranchPoints />
              <MethodPoint vc="0" uspid="776" ordinal="0" offset="0" />
            </Method>
            <Method visited="true" cyclomaticComplexity="1" nPathComplexity="0" sequenceCoverage="100" branchCoverage="100" crapScore="1" isConstructor="false" isStatic="false" isGetter="false" isSetter="false">
              <Summary numSequencePoints="1" visitedSequencePoints="1" numBranchPoints="1" visitedBranchPoints="1" sequenceCoverage="100" branchCoverage="100" maxCyclomaticComplexity="1" minCyclomaticComplexity="1" maxCrapScore="1" minCrapScore="1" visitedClasses="0" numClasses="0" visitedMethods="1" numMethods="1" />
              <MetadataToken>100663418</MetadataToken>
              <Name>System.Boolean Controle_de_Tarefas.Controladores.ControladorObjetivos/&lt;&gt;c__DisplayClass3_0::&lt;objetivosTarefa&gt;b__0(Controle_de_Tarefas.Dominio.Objetivo)</Name>
              <FileRef uid="24" />
              <SequencePoints>
                <SequencePoint vc="6" uspid="777" ordinal="0" offset="0" sl="25" sc="41" el="25" ec="65" bec="0" bev="0" fileid="24" />
              </SequencePoints>
              <BranchPoints />
              <MethodPoint xsi:type="SequencePoint" vc="6" uspid="777" ordinal="0" offset="0" sl="25" sc="41" el="25" ec="65" bec="0" bev="0" fileid="24" />
            </Method>
          </Methods>
        </Class>
        <Class>
          <Summary numSequencePoints="2" visitedSequencePoints="1" numBranchPoints="2" visitedBranchPoints="1" sequenceCoverage="50" branchCoverage="50" maxCyclomaticComplexity="1" minCyclomaticComplexity="1" maxCrapScore="2" minCrapScore="1" visitedClasses="1" numClasses="1" visitedMethods="1" numMethods="2" />
          <FullName>Controle_de_Tarefas.Controladores.ControladorObjetivos/&lt;&gt;c</FullName>
          <Methods>
            <Method visited="false" cyclomaticComplexity="1" nPathComplexity="0" sequenceCoverage="0" branchCoverage="0" crapScore="2" isConstructor="true" isStatic="true" isGetter="false" isSetter="false">
              <Summary numSequencePoints="0" visitedSequencePoints="0" numBranchPoints="0" visitedBranchPoints="0" sequenceCoverage="0" branchCoverage="0" maxCyclomaticComplexity="1" minCyclomaticComplexity="1" maxCrapScore="2" minCrapScore="2" visitedClasses="0" numClasses="0" visitedMethods="0" numMethods="0" />
              <MetadataToken>100663419</MetadataToken>
              <Name>System.Void Controle_de_Tarefas.Controladores.ControladorObjetivos/&lt;&gt;c::.cctor()</Name>
              <SequencePoints />
              <BranchPoints />
              <MethodPoint vc="0" uspid="778" ordinal="0" offset="0" />
            </Method>
            <Method visited="false" cyclomaticComplexity="1" nPathComplexity="0" sequenceCoverage="0" branchCoverage="0" crapScore="2" isConstructor="true" isStatic="false" isGetter="false" isSetter="false">
              <Summary numSequencePoints="0" visitedSequencePoints="0" numBranchPoints="0" visitedBranchPoints="0" sequenceCoverage="0" branchCoverage="0" maxCyclomaticComplexity="1" minCyclomaticComplexity="1" maxCrapScore="2" minCrapScore="2" visitedClasses="0" numClasses="0" visitedMethods="0" numMethods="0" />
              <MetadataToken>100663420</MetadataToken>
              <Name>System.Void Controle_de_Tarefas.Controladores.ControladorObjetivos/&lt;&gt;c::.ctor()</Name>
              <SequencePoints />
              <BranchPoints />
              <MethodPoint vc="0" uspid="779" ordinal="0" offset="0" />
            </Method>
            <Method visited="false" cyclomaticComplexity="1" nPathComplexity="0" sequenceCoverage="0" branchCoverage="0" crapScore="2" isConstructor="false" isStatic="false" isGetter="false" isSetter="false">
              <Summary numSequencePoints="1" visitedSequencePoints="0" numBranchPoints="1" visitedBranchPoints="0" sequenceCoverage="0" branchCoverage="0" maxCyclomaticComplexity="1" minCyclomaticComplexity="1" maxCrapScore="2" minCrapScore="2" visitedClasses="0" numClasses="0" visitedMethods="0" numMethods="1" />
              <MetadataToken>100663421</MetadataToken>
              <Name>System.Boolean Controle_de_Tarefas.Controladores.ControladorObjetivos/&lt;&gt;c::&lt;objetivosIncompletos&gt;b__4_0(Controle_de_Tarefas.Dominio.Objetivo)</Name>
              <FileRef uid="24" />
              <SequencePoints>
                <SequencePoint vc="0" uspid="780" ordinal="0" offset="0" sl="30" sc="60" el="30" ec="73" bec="0" bev="0" fileid="24" />
              </SequencePoints>
              <BranchPoints />
              <MethodPoint xsi:type="SequencePoint" vc="0" uspid="780" ordinal="0" offset="0" sl="30" sc="60" el="30" ec="73" bec="0" bev="0" fileid="24" />
            </Method>
            <Method visited="true" cyclomaticComplexity="1" nPathComplexity="0" sequenceCoverage="100" branchCoverage="100" crapScore="1" isConstructor="false" isStatic="false" isGetter="false" isSetter="false">
              <Summary numSequencePoints="1" visitedSequencePoints="1" numBranchPoints="1" visitedBranchPoints="1" sequenceCoverage="100" branchCoverage="100" maxCyclomaticComplexity="1" minCyclomaticComplexity="1" maxCrapScore="1" minCrapScore="1" visitedClasses="0" numClasses="0" visitedMethods="1" numMethods="1" />
              <MetadataToken>100663422</MetadataToken>
              <Name>System.Boolean Controle_de_Tarefas.Controladores.ControladorObjetivos/&lt;&gt;c::&lt;objetivosCompletos&gt;b__5_0(Controle_de_Tarefas.Dominio.Objetivo)</Name>
              <FileRef uid="24" />
              <SequencePoints>
                <SequencePoint vc="3" uspid="781" ordinal="0" offset="0" sl="34" sc="60" el="34" ec="72" bec="0" bev="0" fileid="24" />
              </SequencePoints>
              <BranchPoints />
              <MethodPoint xsi:type="SequencePoint" vc="3" uspid="781" ordinal="0" offset="0" sl="34" sc="60" el="34" ec="72" bec="0" bev="0" fileid="24" />
            </Method>
          </Methods>
        </Class>
        <Class>
          <Summary numSequencePoints="1" visitedSequencePoints="1" numBranchPoints="1" visitedBranchPoints="1" sequenceCoverage="100" branchCoverage="100" maxCyclomaticComplexity="1" minCyclomaticComplexity="1" maxCrapScore="2" minCrapScore="1" visitedClasses="1" numClasses="1" visitedMethods="1" numMethods="1" />
          <FullName>Controle_de_Tarefas.Controladores.ControladorContatos</FullName>
          <Methods>
            <Method visited="true" cyclomaticComplexity="1" nPathComplexity="0" sequenceCoverage="100" branchCoverage="100" crapScore="1" isConstructor="false" isStatic="false" isGetter="true" isSetter="false">
              <Summary numSequencePoints="1" visitedSequencePoints="1" numBranchPoints="1" visitedBranchPoints="1" sequenceCoverage="100" branchCoverage="100" maxCyclomaticComplexity="1" minCyclomaticComplexity="1" maxCrapScore="1" minCrapScore="1" visitedClasses="0" numClasses="0" visitedMethods="1" numMethods="1" />
              <MetadataToken>100663394</MetadataToken>
              <Name>System.String Controle_de_Tarefas.Controladores.ControladorContatos::get_nomeTabela()</Name>
              <FileRef uid="27" />
              <SequencePoints>
                <SequencePoint vc="9" uspid="782" ordinal="0" offset="0" sl="7" sc="49" el="7" ec="61" bec="0" bev="0" fileid="27" />
              </SequencePoints>
              <BranchPoints />
              <MethodPoint xsi:type="SequencePoint" vc="9" uspid="782" ordinal="0" offset="0" sl="7" sc="49" el="7" ec="61" bec="0" bev="0" fileid="27" />
            </Method>
            <Method visited="false" cyclomaticComplexity="1" nPathComplexity="0" sequenceCoverage="0" branchCoverage="0" crapScore="2" isConstructor="true" isStatic="false" isGetter="false" isSetter="false">
              <Summary numSequencePoints="0" visitedSequencePoints="0" numBranchPoints="0" visitedBranchPoints="0" sequenceCoverage="0" branchCoverage="0" maxCyclomaticComplexity="1" minCyclomaticComplexity="1" maxCrapScore="2" minCrapScore="2" visitedClasses="0" numClasses="0" visitedMethods="0" numMethods="0" />
              <MetadataToken>100663395</MetadataToken>
              <Name>System.Void Controle_de_Tarefas.Controladores.ControladorContatos::.ctor()</Name>
              <SequencePoints />
              <BranchPoints />
              <MethodPoint vc="0" uspid="783" ordinal="0" offset="0" />
            </Method>
          </Methods>
        </Class>
      </Classes>
    </Module>
  </Modules>
</CoverageSession>