<?xml version="1.0" encoding="utf-8"?>
<CoverageSession xmlns:xsd="http://www.w3.org/2001/XMLSchema" xmlns:xsi="http://www.w3.org/2001/XMLSchema-instance" Version="4.7.922.0">
  <Summary numSequencePoints="951" visitedSequencePoints="408" numBranchPoints="338" visitedBranchPoints="123" sequenceCoverage="42.90" branchCoverage="36.39" maxCyclomaticComplexity="10" minCyclomaticComplexity="1" maxCrapScore="110" minCrapScore="1" visitedClasses="15" numClasses="27" visitedMethods="105" numMethods="166" />
  <Modules>
    <Module hash="14-1D-B8-03-7D-5D-97-D7-C3-22-3E-44-1A-AB-5A-02-6A-BA-6B-42">
      <Summary numSequencePoints="128" visitedSequencePoints="128" numBranchPoints="23" visitedBranchPoints="23" sequenceCoverage="100" branchCoverage="100" maxCyclomaticComplexity="1" minCyclomaticComplexity="1" maxCrapScore="1" minCrapScore="1" visitedClasses="3" numClasses="3" visitedMethods="23" numMethods="23" />
      <ModulePath>C:\Users\JX\Documents\GitHub\Controle de Tarefas\UnitTestProject\bin\Debug\fine-code-coverage\build-output\UnitTestProject.dll</ModulePath>
      <ModuleTime>2021-06-28T21:40:04.8181079Z</ModuleTime>
      <ModuleName>UnitTestProject</ModuleName>
      <Files>
        <File uid="1" fullPath="C:\Users\JX\Documents\GitHub\Controle de Tarefas\UnitTestProject\TestesCompromissos.cs" />
        <File uid="2" fullPath="C:\Users\JX\Documents\GitHub\Controle de Tarefas\UnitTestProject\TestesContatos.cs" />
        <File uid="3" fullPath="C:\Users\JX\Documents\GitHub\Controle de Tarefas\UnitTestProject\TestesTarefas.cs" />
      </Files>
      <Classes>
        <Class>
          <Summary numSequencePoints="37" visitedSequencePoints="37" numBranchPoints="8" visitedBranchPoints="8" sequenceCoverage="100" branchCoverage="100" maxCyclomaticComplexity="1" minCyclomaticComplexity="1" maxCrapScore="1" minCrapScore="1" visitedClasses="1" numClasses="1" visitedMethods="8" numMethods="8" />
          <FullName>UnitTestProject.TestesCompromissos</FullName>
          <Methods>
            <Method visited="true" cyclomaticComplexity="1" nPathComplexity="0" sequenceCoverage="100" branchCoverage="100" crapScore="1" isConstructor="false" isStatic="false" isGetter="false" isSetter="false">
              <Summary numSequencePoints="3" visitedSequencePoints="3" numBranchPoints="1" visitedBranchPoints="1" sequenceCoverage="100" branchCoverage="100" maxCyclomaticComplexity="1" minCyclomaticComplexity="1" maxCrapScore="1" minCrapScore="1" visitedClasses="0" numClasses="0" visitedMethods="1" numMethods="1" />
              <MetadataToken>100663297</MetadataToken>
              <Name>System.Void UnitTestProject.TestesCompromissos::inserirCompromisso()</Name>
              <FileRef uid="1" />
              <SequencePoints>
                <SequencePoint vc="4" uspid="1" ordinal="0" offset="0" sl="16" sc="35" el="16" ec="36" bec="0" bev="0" fileid="1" />
                <SequencePoint vc="4" uspid="2" ordinal="1" offset="1" sl="16" sc="37" el="16" ec="57" bec="0" bev="0" fileid="1" />
                <SequencePoint vc="4" uspid="3" ordinal="2" offset="19" sl="16" sc="58" el="16" ec="59" bec="0" bev="0" fileid="1" />
              </SequencePoints>
              <BranchPoints />
              <MethodPoint xsi:type="SequencePoint" vc="4" uspid="1" ordinal="0" offset="0" sl="16" sc="35" el="16" ec="36" bec="0" bev="0" fileid="1" />
            </Method>
            <Method visited="true" cyclomaticComplexity="1" nPathComplexity="0" sequenceCoverage="100" branchCoverage="100" crapScore="1" isConstructor="false" isStatic="false" isGetter="false" isSetter="false">
              <Summary numSequencePoints="3" visitedSequencePoints="3" numBranchPoints="1" visitedBranchPoints="1" sequenceCoverage="100" branchCoverage="100" maxCyclomaticComplexity="1" minCyclomaticComplexity="1" maxCrapScore="1" minCrapScore="1" visitedClasses="0" numClasses="0" visitedMethods="1" numMethods="1" />
              <MetadataToken>100663298</MetadataToken>
              <Name>System.Void UnitTestProject.TestesCompromissos::excluirCompromisso()</Name>
              <FileRef uid="1" />
              <SequencePoints>
                <SequencePoint vc="4" uspid="4" ordinal="0" offset="0" sl="17" sc="35" el="17" ec="36" bec="0" bev="0" fileid="1" />
                <SequencePoint vc="4" uspid="5" ordinal="1" offset="1" sl="17" sc="37" el="17" ec="60" bec="0" bev="0" fileid="1" />
                <SequencePoint vc="4" uspid="6" ordinal="2" offset="24" sl="17" sc="61" el="17" ec="62" bec="0" bev="0" fileid="1" />
              </SequencePoints>
              <BranchPoints />
              <MethodPoint xsi:type="SequencePoint" vc="4" uspid="4" ordinal="0" offset="0" sl="17" sc="35" el="17" ec="36" bec="0" bev="0" fileid="1" />
            </Method>
            <Method visited="true" cyclomaticComplexity="1" nPathComplexity="0" sequenceCoverage="100" branchCoverage="100" crapScore="1" isConstructor="false" isStatic="false" isGetter="false" isSetter="false">
              <Summary numSequencePoints="5" visitedSequencePoints="5" numBranchPoints="1" visitedBranchPoints="1" sequenceCoverage="100" branchCoverage="100" maxCyclomaticComplexity="1" minCyclomaticComplexity="1" maxCrapScore="1" minCrapScore="1" visitedClasses="0" numClasses="0" visitedMethods="1" numMethods="1" />
              <MetadataToken>100663299</MetadataToken>
              <Name>System.Void UnitTestProject.TestesCompromissos::adicionarCompromisso()</Name>
              <FileRef uid="1" />
              <SequencePoints>
                <SequencePoint vc="1" uspid="7" ordinal="0" offset="0" sl="21" sc="9" el="21" ec="10" bec="0" bev="0" fileid="1" />
                <SequencePoint vc="1" uspid="8" ordinal="1" offset="1" sl="22" sc="13" el="22" ec="34" bec="0" bev="0" fileid="1" />
                <SequencePoint vc="1" uspid="9" ordinal="2" offset="8" sl="23" sc="13" el="23" ec="41" bec="0" bev="0" fileid="1" />
                <SequencePoint vc="1" uspid="10" ordinal="3" offset="28" sl="24" sc="13" el="24" ec="34" bec="0" bev="0" fileid="1" />
                <SequencePoint vc="1" uspid="11" ordinal="4" offset="35" sl="25" sc="9" el="25" ec="10" bec="0" bev="0" fileid="1" />
              </SequencePoints>
              <BranchPoints />
              <MethodPoint xsi:type="SequencePoint" vc="1" uspid="7" ordinal="0" offset="0" sl="21" sc="9" el="21" ec="10" bec="0" bev="0" fileid="1" />
            </Method>
            <Method visited="true" cyclomaticComplexity="1" nPathComplexity="0" sequenceCoverage="100" branchCoverage="100" crapScore="1" isConstructor="false" isStatic="false" isGetter="false" isSetter="false">
              <Summary numSequencePoints="11" visitedSequencePoints="11" numBranchPoints="1" visitedBranchPoints="1" sequenceCoverage="100" branchCoverage="100" maxCyclomaticComplexity="1" minCyclomaticComplexity="1" maxCrapScore="1" minCrapScore="1" visitedClasses="0" numClasses="0" visitedMethods="1" numMethods="1" />
              <MetadataToken>100663300</MetadataToken>
              <Name>System.Void UnitTestProject.TestesCompromissos::editarCompromisso()</Name>
              <FileRef uid="1" />
              <SequencePoints>
                <SequencePoint vc="1" uspid="12" ordinal="0" offset="0" sl="28" sc="9" el="28" ec="10" bec="0" bev="0" fileid="1" />
                <SequencePoint vc="1" uspid="13" ordinal="1" offset="1" sl="29" sc="13" el="29" ec="34" bec="0" bev="0" fileid="1" />
                <SequencePoint vc="1" uspid="14" ordinal="2" offset="8" sl="30" sc="13" el="30" ec="152" bec="0" bev="0" fileid="1" />
                <SequencePoint vc="1" uspid="15" ordinal="3" offset="62" sl="31" sc="13" el="31" ec="37" bec="0" bev="0" fileid="1" />
                <SequencePoint vc="1" uspid="16" ordinal="4" offset="81" sl="33" sc="13" el="33" ec="51" bec="0" bev="0" fileid="1" />
                <SequencePoint vc="1" uspid="17" ordinal="5" offset="104" sl="34" sc="13" el="34" ec="58" bec="0" bev="0" fileid="1" />
                <SequencePoint vc="1" uspid="18" ordinal="6" offset="127" sl="35" sc="13" el="35" ec="66" bec="0" bev="0" fileid="1" />
                <SequencePoint vc="1" uspid="19" ordinal="7" offset="150" sl="36" sc="13" el="36" ec="48" bec="0" bev="0" fileid="1" />
                <SequencePoint vc="1" uspid="20" ordinal="8" offset="173" sl="37" sc="13" el="37" ec="42" bec="0" bev="0" fileid="1" />
                <SequencePoint vc="1" uspid="21" ordinal="9" offset="186" sl="38" sc="13" el="38" ec="34" bec="0" bev="0" fileid="1" />
                <SequencePoint vc="1" uspid="22" ordinal="10" offset="193" sl="39" sc="9" el="39" ec="10" bec="0" bev="0" fileid="1" />
              </SequencePoints>
              <BranchPoints />
              <MethodPoint xsi:type="SequencePoint" vc="1" uspid="12" ordinal="0" offset="0" sl="28" sc="9" el="28" ec="10" bec="0" bev="0" fileid="1" />
            </Method>
            <Method visited="true" cyclomaticComplexity="1" nPathComplexity="0" sequenceCoverage="100" branchCoverage="100" crapScore="1" isConstructor="false" isStatic="false" isGetter="false" isSetter="false">
              <Summary numSequencePoints="5" visitedSequencePoints="5" numBranchPoints="1" visitedBranchPoints="1" sequenceCoverage="100" branchCoverage="100" maxCyclomaticComplexity="1" minCyclomaticComplexity="1" maxCrapScore="1" minCrapScore="1" visitedClasses="0" numClasses="0" visitedMethods="1" numMethods="1" />
              <MetadataToken>100663301</MetadataToken>
              <Name>System.Void UnitTestProject.TestesCompromissos::testeExcluirCompromisso()</Name>
              <FileRef uid="1" />
              <SequencePoints>
                <SequencePoint vc="1" uspid="23" ordinal="0" offset="0" sl="42" sc="9" el="42" ec="10" bec="0" bev="0" fileid="1" />
                <SequencePoint vc="1" uspid="24" ordinal="1" offset="1" sl="43" sc="13" el="43" ec="34" bec="0" bev="0" fileid="1" />
                <SequencePoint vc="1" uspid="25" ordinal="2" offset="8" sl="44" sc="13" el="44" ec="34" bec="0" bev="0" fileid="1" />
                <SequencePoint vc="1" uspid="26" ordinal="3" offset="15" sl="45" sc="13" el="45" ec="59" bec="0" bev="0" fileid="1" />
                <SequencePoint vc="1" uspid="27" ordinal="4" offset="44" sl="46" sc="9" el="46" ec="10" bec="0" bev="0" fileid="1" />
              </SequencePoints>
              <BranchPoints />
              <MethodPoint xsi:type="SequencePoint" vc="1" uspid="23" ordinal="0" offset="0" sl="42" sc="9" el="42" ec="10" bec="0" bev="0" fileid="1" />
            </Method>
            <Method visited="true" cyclomaticComplexity="1" nPathComplexity="0" sequenceCoverage="100" branchCoverage="100" crapScore="1" isConstructor="false" isStatic="false" isGetter="false" isSetter="false">
              <Summary numSequencePoints="7" visitedSequencePoints="7" numBranchPoints="1" visitedBranchPoints="1" sequenceCoverage="100" branchCoverage="100" maxCyclomaticComplexity="1" minCyclomaticComplexity="1" maxCrapScore="1" minCrapScore="1" visitedClasses="0" numClasses="0" visitedMethods="1" numMethods="1" />
              <MetadataToken>100663302</MetadataToken>
              <Name>System.Void UnitTestProject.TestesCompromissos::testeSelecionarCompromissoSemContato()</Name>
              <FileRef uid="1" />
              <SequencePoints>
                <SequencePoint vc="1" uspid="28" ordinal="0" offset="0" sl="49" sc="9" el="49" ec="10" bec="0" bev="0" fileid="1" />
                <SequencePoint vc="1" uspid="29" ordinal="1" offset="1" sl="50" sc="13" el="50" ec="33" bec="0" bev="0" fileid="1" />
                <SequencePoint vc="1" uspid="30" ordinal="2" offset="13" sl="51" sc="13" el="51" ec="34" bec="0" bev="0" fileid="1" />
                <SequencePoint vc="1" uspid="31" ordinal="3" offset="20" sl="52" sc="13" el="52" ec="65" bec="0" bev="0" fileid="1" />
                <SequencePoint vc="1" uspid="32" ordinal="4" offset="64" sl="53" sc="13" el="53" ec="75" bec="0" bev="0" fileid="1" />
                <SequencePoint vc="1" uspid="33" ordinal="5" offset="108" sl="54" sc="13" el="54" ec="34" bec="0" bev="0" fileid="1" />
                <SequencePoint vc="1" uspid="34" ordinal="6" offset="115" sl="55" sc="9" el="55" ec="10" bec="0" bev="0" fileid="1" />
              </SequencePoints>
              <BranchPoints />
              <MethodPoint xsi:type="SequencePoint" vc="1" uspid="28" ordinal="0" offset="0" sl="49" sc="9" el="49" ec="10" bec="0" bev="0" fileid="1" />
            </Method>
            <Method visited="true" cyclomaticComplexity="1" nPathComplexity="0" sequenceCoverage="100" branchCoverage="100" crapScore="1" isConstructor="true" isStatic="false" isGetter="false" isSetter="false">
              <Summary numSequencePoints="2" visitedSequencePoints="2" numBranchPoints="1" visitedBranchPoints="1" sequenceCoverage="100" branchCoverage="100" maxCyclomaticComplexity="1" minCyclomaticComplexity="1" maxCrapScore="1" minCrapScore="1" visitedClasses="0" numClasses="0" visitedMethods="1" numMethods="1" />
              <MetadataToken>100663303</MetadataToken>
              <Name>System.Void UnitTestProject.TestesCompromissos::.ctor()</Name>
              <FileRef uid="1" />
              <SequencePoints>
                <SequencePoint vc="4" uspid="35" ordinal="0" offset="0" sl="12" sc="9" el="12" ec="71" bec="0" bev="0" fileid="1" />
                <SequencePoint vc="4" uspid="36" ordinal="1" offset="11" sl="14" sc="9" el="14" ec="152" bec="0" bev="0" fileid="1" />
              </SequencePoints>
              <BranchPoints />
              <MethodPoint xsi:type="SequencePoint" vc="4" uspid="35" ordinal="0" offset="0" sl="12" sc="9" el="12" ec="71" bec="0" bev="0" fileid="1" />
            </Method>
            <Method visited="true" cyclomaticComplexity="1" nPathComplexity="0" sequenceCoverage="100" branchCoverage="100" crapScore="1" isConstructor="true" isStatic="true" isGetter="false" isSetter="false">
              <Summary numSequencePoints="1" visitedSequencePoints="1" numBranchPoints="1" visitedBranchPoints="1" sequenceCoverage="100" branchCoverage="100" maxCyclomaticComplexity="1" minCyclomaticComplexity="1" maxCrapScore="1" minCrapScore="1" visitedClasses="0" numClasses="0" visitedMethods="1" numMethods="1" />
              <MetadataToken>100663304</MetadataToken>
              <Name>System.Void UnitTestProject.TestesCompromissos::.cctor()</Name>
              <FileRef uid="1" />
              <SequencePoints>
                <SequencePoint vc="1" uspid="37" ordinal="0" offset="0" sl="13" sc="9" el="13" ec="104" bec="0" bev="0" fileid="1" />
              </SequencePoints>
              <BranchPoints />
              <MethodPoint xsi:type="SequencePoint" vc="1" uspid="37" ordinal="0" offset="0" sl="13" sc="9" el="13" ec="104" bec="0" bev="0" fileid="1" />
            </Method>
          </Methods>
        </Class>
        <Class>
          <Summary numSequencePoints="31" visitedSequencePoints="31" numBranchPoints="6" visitedBranchPoints="6" sequenceCoverage="100" branchCoverage="100" maxCyclomaticComplexity="1" minCyclomaticComplexity="1" maxCrapScore="1" minCrapScore="1" visitedClasses="1" numClasses="1" visitedMethods="6" numMethods="6" />
          <FullName>UnitTestProject.TestesContatos</FullName>
          <Methods>
            <Method visited="true" cyclomaticComplexity="1" nPathComplexity="0" sequenceCoverage="100" branchCoverage="100" crapScore="1" isConstructor="false" isStatic="false" isGetter="false" isSetter="false">
              <Summary numSequencePoints="3" visitedSequencePoints="3" numBranchPoints="1" visitedBranchPoints="1" sequenceCoverage="100" branchCoverage="100" maxCyclomaticComplexity="1" minCyclomaticComplexity="1" maxCrapScore="1" minCrapScore="1" visitedClasses="0" numClasses="0" visitedMethods="1" numMethods="1" />
              <MetadataToken>100663305</MetadataToken>
              <Name>System.Void UnitTestProject.TestesContatos::inserirContato()</Name>
              <FileRef uid="2" />
              <SequencePoints>
                <SequencePoint vc="3" uspid="38" ordinal="0" offset="0" sl="13" sc="31" el="13" ec="32" bec="0" bev="0" fileid="2" />
                <SequencePoint vc="3" uspid="39" ordinal="1" offset="1" sl="13" sc="33" el="13" ec="47" bec="0" bev="0" fileid="2" />
                <SequencePoint vc="3" uspid="40" ordinal="2" offset="19" sl="13" sc="48" el="13" ec="49" bec="0" bev="0" fileid="2" />
              </SequencePoints>
              <BranchPoints />
              <MethodPoint xsi:type="SequencePoint" vc="3" uspid="38" ordinal="0" offset="0" sl="13" sc="31" el="13" ec="32" bec="0" bev="0" fileid="2" />
            </Method>
            <Method visited="true" cyclomaticComplexity="1" nPathComplexity="0" sequenceCoverage="100" branchCoverage="100" crapScore="1" isConstructor="false" isStatic="false" isGetter="false" isSetter="false">
              <Summary numSequencePoints="3" visitedSequencePoints="3" numBranchPoints="1" visitedBranchPoints="1" sequenceCoverage="100" branchCoverage="100" maxCyclomaticComplexity="1" minCyclomaticComplexity="1" maxCrapScore="1" minCrapScore="1" visitedClasses="0" numClasses="0" visitedMethods="1" numMethods="1" />
              <MetadataToken>100663306</MetadataToken>
              <Name>System.Void UnitTestProject.TestesContatos::excluirContato()</Name>
              <FileRef uid="2" />
              <SequencePoints>
                <SequencePoint vc="3" uspid="41" ordinal="0" offset="0" sl="14" sc="31" el="14" ec="32" bec="0" bev="0" fileid="2" />
                <SequencePoint vc="3" uspid="42" ordinal="1" offset="1" sl="14" sc="33" el="14" ec="50" bec="0" bev="0" fileid="2" />
                <SequencePoint vc="3" uspid="43" ordinal="2" offset="24" sl="14" sc="51" el="14" ec="52" bec="0" bev="0" fileid="2" />
              </SequencePoints>
              <BranchPoints />
              <MethodPoint xsi:type="SequencePoint" vc="3" uspid="41" ordinal="0" offset="0" sl="14" sc="31" el="14" ec="32" bec="0" bev="0" fileid="2" />
            </Method>
            <Method visited="true" cyclomaticComplexity="1" nPathComplexity="0" sequenceCoverage="100" branchCoverage="100" crapScore="1" isConstructor="false" isStatic="false" isGetter="false" isSetter="false">
              <Summary numSequencePoints="5" visitedSequencePoints="5" numBranchPoints="1" visitedBranchPoints="1" sequenceCoverage="100" branchCoverage="100" maxCyclomaticComplexity="1" minCyclomaticComplexity="1" maxCrapScore="1" minCrapScore="1" visitedClasses="0" numClasses="0" visitedMethods="1" numMethods="1" />
              <MetadataToken>100663307</MetadataToken>
              <Name>System.Void UnitTestProject.TestesContatos::adicionarContato()</Name>
              <FileRef uid="2" />
              <SequencePoints>
                <SequencePoint vc="1" uspid="44" ordinal="0" offset="0" sl="18" sc="9" el="18" ec="10" bec="0" bev="0" fileid="2" />
                <SequencePoint vc="1" uspid="45" ordinal="1" offset="1" sl="19" sc="13" el="19" ec="30" bec="0" bev="0" fileid="2" />
                <SequencePoint vc="1" uspid="46" ordinal="2" offset="8" sl="20" sc="13" el="20" ec="38" bec="0" bev="0" fileid="2" />
                <SequencePoint vc="1" uspid="47" ordinal="3" offset="28" sl="21" sc="13" el="21" ec="30" bec="0" bev="0" fileid="2" />
                <SequencePoint vc="1" uspid="48" ordinal="4" offset="35" sl="22" sc="9" el="22" ec="10" bec="0" bev="0" fileid="2" />
              </SequencePoints>
              <BranchPoints />
              <MethodPoint xsi:type="SequencePoint" vc="1" uspid="44" ordinal="0" offset="0" sl="18" sc="9" el="18" ec="10" bec="0" bev="0" fileid="2" />
            </Method>
            <Method visited="true" cyclomaticComplexity="1" nPathComplexity="0" sequenceCoverage="100" branchCoverage="100" crapScore="1" isConstructor="false" isStatic="false" isGetter="false" isSetter="false">
              <Summary numSequencePoints="13" visitedSequencePoints="13" numBranchPoints="1" visitedBranchPoints="1" sequenceCoverage="100" branchCoverage="100" maxCyclomaticComplexity="1" minCyclomaticComplexity="1" maxCrapScore="1" minCrapScore="1" visitedClasses="0" numClasses="0" visitedMethods="1" numMethods="1" />
              <MetadataToken>100663308</MetadataToken>
              <Name>System.Void UnitTestProject.TestesContatos::editarContato()</Name>
              <FileRef uid="2" />
              <SequencePoints>
                <SequencePoint vc="1" uspid="49" ordinal="0" offset="0" sl="25" sc="9" el="25" ec="10" bec="0" bev="0" fileid="2" />
                <SequencePoint vc="1" uspid="50" ordinal="1" offset="1" sl="26" sc="13" el="26" ec="30" bec="0" bev="0" fileid="2" />
                <SequencePoint vc="1" uspid="51" ordinal="2" offset="8" sl="27" sc="13" el="27" ec="108" bec="0" bev="0" fileid="2" />
                <SequencePoint vc="1" uspid="52" ordinal="3" offset="39" sl="28" sc="13" el="28" ec="32" bec="0" bev="0" fileid="2" />
                <SequencePoint vc="1" uspid="53" ordinal="4" offset="68" sl="30" sc="13" el="30" ec="46" bec="0" bev="0" fileid="2" />
                <SequencePoint vc="1" uspid="54" ordinal="5" offset="91" sl="31" sc="13" el="31" ec="54" bec="0" bev="0" fileid="2" />
                <SequencePoint vc="1" uspid="55" ordinal="6" offset="114" sl="32" sc="13" el="32" ec="48" bec="0" bev="0" fileid="2" />
                <SequencePoint vc="1" uspid="56" ordinal="7" offset="137" sl="33" sc="13" el="33" ec="52" bec="0" bev="0" fileid="2" />
                <SequencePoint vc="1" uspid="57" ordinal="8" offset="160" sl="34" sc="13" el="34" ec="51" bec="0" bev="0" fileid="2" />
                <SequencePoint vc="1" uspid="58" ordinal="9" offset="183" sl="35" sc="13" el="35" ec="45" bec="0" bev="0" fileid="2" />
                <SequencePoint vc="1" uspid="59" ordinal="10" offset="206" sl="36" sc="13" el="36" ec="39" bec="0" bev="0" fileid="2" />
                <SequencePoint vc="1" uspid="60" ordinal="11" offset="219" sl="37" sc="13" el="37" ec="30" bec="0" bev="0" fileid="2" />
                <SequencePoint vc="1" uspid="61" ordinal="12" offset="226" sl="38" sc="9" el="38" ec="10" bec="0" bev="0" fileid="2" />
              </SequencePoints>
              <BranchPoints />
              <MethodPoint xsi:type="SequencePoint" vc="1" uspid="49" ordinal="0" offset="0" sl="25" sc="9" el="25" ec="10" bec="0" bev="0" fileid="2" />
            </Method>
            <Method visited="true" cyclomaticComplexity="1" nPathComplexity="0" sequenceCoverage="100" branchCoverage="100" crapScore="1" isConstructor="false" isStatic="false" isGetter="false" isSetter="false">
              <Summary numSequencePoints="5" visitedSequencePoints="5" numBranchPoints="1" visitedBranchPoints="1" sequenceCoverage="100" branchCoverage="100" maxCyclomaticComplexity="1" minCyclomaticComplexity="1" maxCrapScore="1" minCrapScore="1" visitedClasses="0" numClasses="0" visitedMethods="1" numMethods="1" />
              <MetadataToken>100663309</MetadataToken>
              <Name>System.Void UnitTestProject.TestesContatos::ExcluirContato()</Name>
              <FileRef uid="2" />
              <SequencePoints>
                <SequencePoint vc="1" uspid="62" ordinal="0" offset="0" sl="41" sc="9" el="41" ec="10" bec="0" bev="0" fileid="2" />
                <SequencePoint vc="1" uspid="63" ordinal="1" offset="1" sl="42" sc="13" el="42" ec="30" bec="0" bev="0" fileid="2" />
                <SequencePoint vc="1" uspid="64" ordinal="2" offset="8" sl="43" sc="13" el="43" ec="30" bec="0" bev="0" fileid="2" />
                <SequencePoint vc="1" uspid="65" ordinal="3" offset="15" sl="44" sc="13" el="44" ec="53" bec="0" bev="0" fileid="2" />
                <SequencePoint vc="1" uspid="66" ordinal="4" offset="44" sl="45" sc="9" el="45" ec="10" bec="0" bev="0" fileid="2" />
              </SequencePoints>
              <BranchPoints />
              <MethodPoint xsi:type="SequencePoint" vc="1" uspid="62" ordinal="0" offset="0" sl="41" sc="9" el="41" ec="10" bec="0" bev="0" fileid="2" />
            </Method>
            <Method visited="true" cyclomaticComplexity="1" nPathComplexity="0" sequenceCoverage="100" branchCoverage="100" crapScore="1" isConstructor="true" isStatic="false" isGetter="false" isSetter="false">
              <Summary numSequencePoints="2" visitedSequencePoints="2" numBranchPoints="1" visitedBranchPoints="1" sequenceCoverage="100" branchCoverage="100" maxCyclomaticComplexity="1" minCyclomaticComplexity="1" maxCrapScore="1" minCrapScore="1" visitedClasses="0" numClasses="0" visitedMethods="1" numMethods="1" />
              <MetadataToken>100663310</MetadataToken>
              <Name>System.Void UnitTestProject.TestesContatos::.ctor()</Name>
              <FileRef uid="2" />
              <SequencePoints>
                <SequencePoint vc="3" uspid="67" ordinal="0" offset="0" sl="10" sc="9" el="10" ec="60" bec="0" bev="0" fileid="2" />
                <SequencePoint vc="3" uspid="68" ordinal="1" offset="11" sl="11" sc="9" el="11" ec="97" bec="0" bev="0" fileid="2" />
              </SequencePoints>
              <BranchPoints />
              <MethodPoint xsi:type="SequencePoint" vc="3" uspid="67" ordinal="0" offset="0" sl="10" sc="9" el="10" ec="60" bec="0" bev="0" fileid="2" />
            </Method>
          </Methods>
        </Class>
        <Class>
          <Summary numSequencePoints="60" visitedSequencePoints="60" numBranchPoints="9" visitedBranchPoints="9" sequenceCoverage="100" branchCoverage="100" maxCyclomaticComplexity="1" minCyclomaticComplexity="1" maxCrapScore="1" minCrapScore="1" visitedClasses="1" numClasses="1" visitedMethods="9" numMethods="9" />
          <FullName>UnitTestProject.TestesTarefas</FullName>
          <Methods>
            <Method visited="true" cyclomaticComplexity="1" nPathComplexity="0" sequenceCoverage="100" branchCoverage="100" crapScore="1" isConstructor="false" isStatic="false" isGetter="false" isSetter="false">
              <Summary numSequencePoints="3" visitedSequencePoints="3" numBranchPoints="1" visitedBranchPoints="1" sequenceCoverage="100" branchCoverage="100" maxCyclomaticComplexity="1" minCyclomaticComplexity="1" maxCrapScore="1" minCrapScore="1" visitedClasses="0" numClasses="0" visitedMethods="1" numMethods="1" />
              <MetadataToken>100663311</MetadataToken>
              <Name>System.Void UnitTestProject.TestesTarefas::inserirTarefa()</Name>
              <FileRef uid="3" />
              <SequencePoints>
                <SequencePoint vc="6" uspid="69" ordinal="0" offset="0" sl="14" sc="30" el="14" ec="31" bec="0" bev="0" fileid="3" />
                <SequencePoint vc="6" uspid="70" ordinal="1" offset="1" sl="14" sc="32" el="14" ec="46" bec="0" bev="0" fileid="3" />
                <SequencePoint vc="6" uspid="71" ordinal="2" offset="19" sl="14" sc="47" el="14" ec="48" bec="0" bev="0" fileid="3" />
              </SequencePoints>
              <BranchPoints />
              <MethodPoint xsi:type="SequencePoint" vc="6" uspid="69" ordinal="0" offset="0" sl="14" sc="30" el="14" ec="31" bec="0" bev="0" fileid="3" />
            </Method>
            <Method visited="true" cyclomaticComplexity="1" nPathComplexity="0" sequenceCoverage="100" branchCoverage="100" crapScore="1" isConstructor="false" isStatic="false" isGetter="false" isSetter="false">
              <Summary numSequencePoints="3" visitedSequencePoints="3" numBranchPoints="1" visitedBranchPoints="1" sequenceCoverage="100" branchCoverage="100" maxCyclomaticComplexity="1" minCyclomaticComplexity="1" maxCrapScore="1" minCrapScore="1" visitedClasses="0" numClasses="0" visitedMethods="1" numMethods="1" />
              <MetadataToken>100663312</MetadataToken>
              <Name>System.Void UnitTestProject.TestesTarefas::excluirTarefa()</Name>
              <FileRef uid="3" />
              <SequencePoints>
                <SequencePoint vc="6" uspid="72" ordinal="0" offset="0" sl="15" sc="30" el="15" ec="31" bec="0" bev="0" fileid="3" />
                <SequencePoint vc="6" uspid="73" ordinal="1" offset="1" sl="15" sc="32" el="15" ec="49" bec="0" bev="0" fileid="3" />
                <SequencePoint vc="6" uspid="74" ordinal="2" offset="24" sl="15" sc="50" el="15" ec="51" bec="0" bev="0" fileid="3" />
              </SequencePoints>
              <BranchPoints />
              <MethodPoint xsi:type="SequencePoint" vc="6" uspid="72" ordinal="0" offset="0" sl="15" sc="30" el="15" ec="31" bec="0" bev="0" fileid="3" />
            </Method>
            <Method visited="true" cyclomaticComplexity="1" nPathComplexity="0" sequenceCoverage="100" branchCoverage="100" crapScore="1" isConstructor="false" isStatic="false" isGetter="false" isSetter="false">
              <Summary numSequencePoints="5" visitedSequencePoints="5" numBranchPoints="1" visitedBranchPoints="1" sequenceCoverage="100" branchCoverage="100" maxCyclomaticComplexity="1" minCyclomaticComplexity="1" maxCrapScore="1" minCrapScore="1" visitedClasses="0" numClasses="0" visitedMethods="1" numMethods="1" />
              <MetadataToken>100663313</MetadataToken>
              <Name>System.Void UnitTestProject.TestesTarefas::adicionarTarefa()</Name>
              <FileRef uid="3" />
              <SequencePoints>
                <SequencePoint vc="1" uspid="75" ordinal="0" offset="0" sl="19" sc="9" el="19" ec="10" bec="0" bev="0" fileid="3" />
                <SequencePoint vc="1" uspid="76" ordinal="1" offset="1" sl="20" sc="13" el="20" ec="29" bec="0" bev="0" fileid="3" />
                <SequencePoint vc="1" uspid="77" ordinal="2" offset="8" sl="21" sc="13" el="21" ec="38" bec="0" bev="0" fileid="3" />
                <SequencePoint vc="1" uspid="78" ordinal="3" offset="28" sl="22" sc="13" el="22" ec="29" bec="0" bev="0" fileid="3" />
                <SequencePoint vc="1" uspid="79" ordinal="4" offset="35" sl="23" sc="9" el="23" ec="10" bec="0" bev="0" fileid="3" />
              </SequencePoints>
              <BranchPoints />
              <MethodPoint xsi:type="SequencePoint" vc="1" uspid="75" ordinal="0" offset="0" sl="19" sc="9" el="19" ec="10" bec="0" bev="0" fileid="3" />
            </Method>
            <Method visited="true" cyclomaticComplexity="1" nPathComplexity="0" sequenceCoverage="100" branchCoverage="100" crapScore="1" isConstructor="false" isStatic="false" isGetter="false" isSetter="false">
              <Summary numSequencePoints="12" visitedSequencePoints="12" numBranchPoints="1" visitedBranchPoints="1" sequenceCoverage="100" branchCoverage="100" maxCyclomaticComplexity="1" minCyclomaticComplexity="1" maxCrapScore="1" minCrapScore="1" visitedClasses="0" numClasses="0" visitedMethods="1" numMethods="1" />
              <MetadataToken>100663314</MetadataToken>
              <Name>System.Void UnitTestProject.TestesTarefas::editarTarefa()</Name>
              <FileRef uid="3" />
              <SequencePoints>
                <SequencePoint vc="1" uspid="80" ordinal="0" offset="0" sl="26" sc="9" el="26" ec="10" bec="0" bev="0" fileid="3" />
                <SequencePoint vc="1" uspid="81" ordinal="1" offset="1" sl="27" sc="13" el="27" ec="29" bec="0" bev="0" fileid="3" />
                <SequencePoint vc="1" uspid="82" ordinal="2" offset="8" sl="28" sc="13" el="28" ec="58" bec="0" bev="0" fileid="3" />
                <SequencePoint vc="1" uspid="83" ordinal="3" offset="21" sl="29" sc="13" el="29" ec="26" bec="0" bev="0" fileid="3" />
                <SequencePoint vc="1" uspid="84" ordinal="4" offset="34" sl="30" sc="13" el="30" ec="32" bec="0" bev="0" fileid="3" />
                <SequencePoint vc="1" uspid="85" ordinal="5" offset="63" sl="32" sc="13" el="32" ec="58" bec="0" bev="0" fileid="3" />
                <SequencePoint vc="1" uspid="86" ordinal="6" offset="86" sl="33" sc="13" el="33" ec="50" bec="0" bev="0" fileid="3" />
                <SequencePoint vc="1" uspid="87" ordinal="7" offset="109" sl="34" sc="13" el="34" ec="80" bec="0" bev="0" fileid="3" />
                <SequencePoint vc="1" uspid="88" ordinal="8" offset="148" sl="35" sc="13" el="35" ec="45" bec="0" bev="0" fileid="3" />
                <SequencePoint vc="1" uspid="89" ordinal="9" offset="171" sl="36" sc="13" el="36" ec="39" bec="0" bev="0" fileid="3" />
                <SequencePoint vc="1" uspid="90" ordinal="10" offset="184" sl="37" sc="13" el="37" ec="29" bec="0" bev="0" fileid="3" />
                <SequencePoint vc="1" uspid="91" ordinal="11" offset="191" sl="38" sc="9" el="38" ec="10" bec="0" bev="0" fileid="3" />
              </SequencePoints>
              <BranchPoints />
              <MethodPoint xsi:type="SequencePoint" vc="1" uspid="80" ordinal="0" offset="0" sl="26" sc="9" el="26" ec="10" bec="0" bev="0" fileid="3" />
            </Method>
            <Method visited="true" cyclomaticComplexity="1" nPathComplexity="0" sequenceCoverage="100" branchCoverage="100" crapScore="1" isConstructor="false" isStatic="false" isGetter="false" isSetter="false">
              <Summary numSequencePoints="10" visitedSequencePoints="10" numBranchPoints="1" visitedBranchPoints="1" sequenceCoverage="100" branchCoverage="100" maxCyclomaticComplexity="1" minCyclomaticComplexity="1" maxCrapScore="1" minCrapScore="1" visitedClasses="0" numClasses="0" visitedMethods="1" numMethods="1" />
              <MetadataToken>100663315</MetadataToken>
              <Name>System.Void UnitTestProject.TestesTarefas::PorcentagemConclusao100AoConcluir()</Name>
              <FileRef uid="3" />
              <SequencePoints>
                <SequencePoint vc="1" uspid="92" ordinal="0" offset="0" sl="41" sc="9" el="41" ec="10" bec="0" bev="0" fileid="3" />
                <SequencePoint vc="1" uspid="93" ordinal="1" offset="1" sl="42" sc="13" el="42" ec="29" bec="0" bev="0" fileid="3" />
                <SequencePoint vc="1" uspid="94" ordinal="2" offset="8" sl="44" sc="13" el="44" ec="65" bec="0" bev="0" fileid="3" />
                <SequencePoint vc="1" uspid="95" ordinal="3" offset="30" sl="45" sc="13" el="45" ec="26" bec="0" bev="0" fileid="3" />
                <SequencePoint vc="1" uspid="96" ordinal="4" offset="37" sl="46" sc="13" el="46" ec="27" bec="0" bev="0" fileid="3" />
                <SequencePoint vc="1" uspid="97" ordinal="5" offset="50" sl="48" sc="13" el="48" ec="31" bec="0" bev="0" fileid="3" />
                <SequencePoint vc="1" uspid="98" ordinal="6" offset="62" sl="50" sc="13" el="50" ec="32" bec="0" bev="0" fileid="3" />
                <SequencePoint vc="1" uspid="99" ordinal="7" offset="91" sl="52" sc="13" el="52" ec="59" bec="0" bev="0" fileid="3" />
                <SequencePoint vc="1" uspid="100" ordinal="8" offset="110" sl="53" sc="13" el="53" ec="29" bec="0" bev="0" fileid="3" />
                <SequencePoint vc="1" uspid="101" ordinal="9" offset="117" sl="54" sc="9" el="54" ec="10" bec="0" bev="0" fileid="3" />
              </SequencePoints>
              <BranchPoints />
              <MethodPoint xsi:type="SequencePoint" vc="1" uspid="92" ordinal="0" offset="0" sl="41" sc="9" el="41" ec="10" bec="0" bev="0" fileid="3" />
            </Method>
            <Method visited="true" cyclomaticComplexity="1" nPathComplexity="0" sequenceCoverage="100" branchCoverage="100" crapScore="1" isConstructor="false" isStatic="false" isGetter="false" isSetter="false">
              <Summary numSequencePoints="9" visitedSequencePoints="9" numBranchPoints="1" visitedBranchPoints="1" sequenceCoverage="100" branchCoverage="100" maxCyclomaticComplexity="1" minCyclomaticComplexity="1" maxCrapScore="1" minCrapScore="1" visitedClasses="0" numClasses="0" visitedMethods="1" numMethods="1" />
              <MetadataToken>100663316</MetadataToken>
              <Name>System.Void UnitTestProject.TestesTarefas::mudarPorcentagemConclusao()</Name>
              <FileRef uid="3" />
              <SequencePoints>
                <SequencePoint vc="1" uspid="102" ordinal="0" offset="0" sl="57" sc="9" el="57" ec="10" bec="0" bev="0" fileid="3" />
                <SequencePoint vc="1" uspid="103" ordinal="1" offset="1" sl="58" sc="13" el="58" ec="29" bec="0" bev="0" fileid="3" />
                <SequencePoint vc="1" uspid="104" ordinal="2" offset="8" sl="59" sc="13" el="59" ec="62" bec="0" bev="0" fileid="3" />
                <SequencePoint vc="1" uspid="105" ordinal="3" offset="30" sl="60" sc="13" el="60" ec="27" bec="0" bev="0" fileid="3" />
                <SequencePoint vc="1" uspid="106" ordinal="4" offset="43" sl="62" sc="13" el="62" ec="29" bec="0" bev="0" fileid="3" />
                <SequencePoint vc="1" uspid="107" ordinal="5" offset="55" sl="64" sc="13" el="64" ec="32" bec="0" bev="0" fileid="3" />
                <SequencePoint vc="1" uspid="108" ordinal="6" offset="84" sl="66" sc="13" el="66" ec="59" bec="0" bev="0" fileid="3" />
                <SequencePoint vc="1" uspid="109" ordinal="7" offset="108" sl="67" sc="13" el="67" ec="29" bec="0" bev="0" fileid="3" />
                <SequencePoint vc="1" uspid="110" ordinal="8" offset="115" sl="68" sc="9" el="68" ec="10" bec="0" bev="0" fileid="3" />
              </SequencePoints>
              <BranchPoints />
              <MethodPoint xsi:type="SequencePoint" vc="1" uspid="102" ordinal="0" offset="0" sl="57" sc="9" el="57" ec="10" bec="0" bev="0" fileid="3" />
            </Method>
            <Method visited="true" cyclomaticComplexity="1" nPathComplexity="0" sequenceCoverage="100" branchCoverage="100" crapScore="1" isConstructor="false" isStatic="false" isGetter="false" isSetter="false">
              <Summary numSequencePoints="10" visitedSequencePoints="10" numBranchPoints="1" visitedBranchPoints="1" sequenceCoverage="100" branchCoverage="100" maxCyclomaticComplexity="1" minCyclomaticComplexity="1" maxCrapScore="1" minCrapScore="1" visitedClasses="0" numClasses="0" visitedMethods="1" numMethods="1" />
              <MetadataToken>100663317</MetadataToken>
              <Name>System.Void UnitTestProject.TestesTarefas::DataConclusaoValidaAoConcluir()</Name>
              <FileRef uid="3" />
              <SequencePoints>
                <SequencePoint vc="1" uspid="111" ordinal="0" offset="0" sl="71" sc="9" el="71" ec="10" bec="0" bev="0" fileid="3" />
                <SequencePoint vc="1" uspid="112" ordinal="1" offset="1" sl="72" sc="13" el="72" ec="29" bec="0" bev="0" fileid="3" />
                <SequencePoint vc="1" uspid="113" ordinal="2" offset="8" sl="74" sc="13" el="74" ec="65" bec="0" bev="0" fileid="3" />
                <SequencePoint vc="1" uspid="114" ordinal="3" offset="30" sl="75" sc="13" el="75" ec="26" bec="0" bev="0" fileid="3" />
                <SequencePoint vc="1" uspid="115" ordinal="4" offset="37" sl="76" sc="13" el="76" ec="27" bec="0" bev="0" fileid="3" />
                <SequencePoint vc="1" uspid="116" ordinal="5" offset="50" sl="78" sc="13" el="78" ec="31" bec="0" bev="0" fileid="3" />
                <SequencePoint vc="1" uspid="117" ordinal="6" offset="62" sl="80" sc="13" el="80" ec="32" bec="0" bev="0" fileid="3" />
                <SequencePoint vc="1" uspid="118" ordinal="7" offset="91" sl="82" sc="13" el="82" ec="74" bec="0" bev="0" fileid="3" />
                <SequencePoint vc="1" uspid="119" ordinal="8" offset="120" sl="83" sc="13" el="83" ec="29" bec="0" bev="0" fileid="3" />
                <SequencePoint vc="1" uspid="120" ordinal="9" offset="127" sl="84" sc="9" el="84" ec="10" bec="0" bev="0" fileid="3" />
              </SequencePoints>
              <BranchPoints />
              <MethodPoint xsi:type="SequencePoint" vc="1" uspid="111" ordinal="0" offset="0" sl="71" sc="9" el="71" ec="10" bec="0" bev="0" fileid="3" />
            </Method>
            <Method visited="true" cyclomaticComplexity="1" nPathComplexity="0" sequenceCoverage="100" branchCoverage="100" crapScore="1" isConstructor="false" isStatic="false" isGetter="false" isSetter="false">
              <Summary numSequencePoints="5" visitedSequencePoints="5" numBranchPoints="1" visitedBranchPoints="1" sequenceCoverage="100" branchCoverage="100" maxCyclomaticComplexity="1" minCyclomaticComplexity="1" maxCrapScore="1" minCrapScore="1" visitedClasses="0" numClasses="0" visitedMethods="1" numMethods="1" />
              <MetadataToken>100663318</MetadataToken>
              <Name>System.Void UnitTestProject.TestesTarefas::testeExcluirTarefa()</Name>
              <FileRef uid="3" />
              <SequencePoints>
                <SequencePoint vc="1" uspid="121" ordinal="0" offset="0" sl="87" sc="9" el="87" ec="10" bec="0" bev="0" fileid="3" />
                <SequencePoint vc="1" uspid="122" ordinal="1" offset="1" sl="88" sc="13" el="88" ec="29" bec="0" bev="0" fileid="3" />
                <SequencePoint vc="1" uspid="123" ordinal="2" offset="8" sl="89" sc="13" el="89" ec="29" bec="0" bev="0" fileid="3" />
                <SequencePoint vc="1" uspid="124" ordinal="3" offset="15" sl="90" sc="13" el="90" ec="53" bec="0" bev="0" fileid="3" />
                <SequencePoint vc="1" uspid="125" ordinal="4" offset="44" sl="91" sc="9" el="91" ec="10" bec="0" bev="0" fileid="3" />
              </SequencePoints>
              <BranchPoints />
              <MethodPoint xsi:type="SequencePoint" vc="1" uspid="121" ordinal="0" offset="0" sl="87" sc="9" el="87" ec="10" bec="0" bev="0" fileid="3" />
            </Method>
            <Method visited="true" cyclomaticComplexity="1" nPathComplexity="0" sequenceCoverage="100" branchCoverage="100" crapScore="1" isConstructor="true" isStatic="false" isGetter="false" isSetter="false">
              <Summary numSequencePoints="3" visitedSequencePoints="3" numBranchPoints="1" visitedBranchPoints="1" sequenceCoverage="100" branchCoverage="100" maxCyclomaticComplexity="1" minCyclomaticComplexity="1" maxCrapScore="1" minCrapScore="1" visitedClasses="0" numClasses="0" visitedMethods="1" numMethods="1" />
              <MetadataToken>100663319</MetadataToken>
              <Name>System.Void UnitTestProject.TestesTarefas::.ctor()</Name>
              <FileRef uid="3" />
              <SequencePoints>
                <SequencePoint vc="6" uspid="126" ordinal="0" offset="0" sl="11" sc="9" el="11" ec="58" bec="0" bev="0" fileid="3" />
                <SequencePoint vc="6" uspid="127" ordinal="1" offset="11" sl="12" sc="9" el="12" ec="62" bec="0" bev="0" fileid="3" />
                <SequencePoint vc="6" uspid="128" ordinal="2" offset="22" sl="13" sc="9" el="13" ec="52" bec="0" bev="0" fileid="3" />
              </SequencePoints>
              <BranchPoints />
              <MethodPoint xsi:type="SequencePoint" vc="6" uspid="126" ordinal="0" offset="0" sl="11" sc="9" el="11" ec="58" bec="0" bev="0" fileid="3" />
            </Method>
          </Methods>
        </Class>
      </Classes>
    </Module>
    <Module hash="DC-3A-99-B6-13-02-3A-FC-CA-D2-F5-18-D2-29-21-2B-28-88-96-C3">
      <Summary numSequencePoints="823" visitedSequencePoints="280" numBranchPoints="315" visitedBranchPoints="100" sequenceCoverage="34.02" branchCoverage="31.75" maxCyclomaticComplexity="10" minCyclomaticComplexity="1" maxCrapScore="110" minCrapScore="1" visitedClasses="12" numClasses="24" visitedMethods="82" numMethods="143" />
      <ModulePath>C:\Users\JX\Documents\GitHub\Controle de Tarefas\UnitTestProject\bin\Debug\fine-code-coverage\build-output\Controle de Tarefas.exe</ModulePath>
      <ModuleTime>2021-06-28T21:37:31.3750707Z</ModuleTime>
      <ModuleName>Controle de Tarefas</ModuleName>
      <Files>
        <File uid="7" fullPath="C:\Users\JX\Documents\GitHub\Controle de Tarefas\Controle de Tarefas\Program.cs" />
        <File uid="8" fullPath="C:\Users\JX\Documents\GitHub\Controle de Tarefas\Controle de Tarefas\Telas\Tela.cs" />
        <File uid="11" fullPath="C:\Users\JX\Documents\GitHub\Controle de Tarefas\Controle de Tarefas\Telas\TelaCompromissos.cs" />
        <File uid="12" fullPath="C:\Users\JX\Documents\GitHub\Controle de Tarefas\Controle de Tarefas\Telas\TelaContatos.cs" />
        <File uid="13" fullPath="C:\Users\JX\Documents\GitHub\Controle de Tarefas\Controle de Tarefas\Telas\TelaObjetivos.cs" />
        <File uid="14" fullPath="C:\Users\JX\Documents\GitHub\Controle de Tarefas\Controle de Tarefas\Telas\TelaPrincipal.cs" />
        <File uid="15" fullPath="C:\Users\JX\Documents\GitHub\Controle de Tarefas\Controle de Tarefas\Telas\TelaTarefas.cs" />
        <File uid="16" fullPath="C:\Users\JX\Documents\GitHub\Controle de Tarefas\Controle de Tarefas\Domínio\Compromisso.cs" />
        <File uid="17" fullPath="C:\Users\JX\Documents\GitHub\Controle de Tarefas\Controle de Tarefas\Domínio\Entidade.cs" />
        <File uid="18" fullPath="C:\Users\JX\Documents\GitHub\Controle de Tarefas\Controle de Tarefas\Domínio\Objetivo.cs" />
        <File uid="19" fullPath="C:\Users\JX\Documents\GitHub\Controle de Tarefas\Controle de Tarefas\Domínio\Tarefa.cs" />
        <File uid="20" fullPath="C:\Users\JX\Documents\GitHub\Controle de Tarefas\Controle de Tarefas\Domínio\Contato.cs" />
        <File uid="21" fullPath="C:\Users\JX\Documents\GitHub\Controle de Tarefas\Controle de Tarefas\Controlador\Controlador.cs" />
        <File uid="22" fullPath="C:\Users\JX\Documents\GitHub\Controle de Tarefas\Controle de Tarefas\Controlador\ControladorCompromissos.cs" />
        <File uid="24" fullPath="C:\Users\JX\Documents\GitHub\Controle de Tarefas\Controle de Tarefas\Controlador\ControladorTarefas.cs" />
        <File uid="25" fullPath="C:\Users\JX\Documents\GitHub\Controle de Tarefas\Controle de Tarefas\Controlador\ControladorObjetivos.cs" />
        <File uid="28" fullPath="C:\Users\JX\Documents\GitHub\Controle de Tarefas\Controle de Tarefas\Controlador\Db.cs" />
        <File uid="29" fullPath="C:\Users\JX\Documents\GitHub\Controle de Tarefas\Controle de Tarefas\Controlador\ControladorContatos.cs" />
      </Files>
      <Classes>
        <Class>
          <Summary numSequencePoints="4" visitedSequencePoints="0" numBranchPoints="1" visitedBranchPoints="0" sequenceCoverage="0" branchCoverage="0" maxCyclomaticComplexity="1" minCyclomaticComplexity="1" maxCrapScore="2" minCrapScore="2" visitedClasses="0" numClasses="1" visitedMethods="0" numMethods="1" />
          <FullName>Controle_de_Tarefas.Program</FullName>
          <Methods>
            <Method visited="false" cyclomaticComplexity="1" nPathComplexity="0" sequenceCoverage="0" branchCoverage="0" crapScore="2" isConstructor="false" isStatic="true" isGetter="false" isSetter="false">
              <Summary numSequencePoints="4" visitedSequencePoints="0" numBranchPoints="1" visitedBranchPoints="0" sequenceCoverage="0" branchCoverage="0" maxCyclomaticComplexity="1" minCyclomaticComplexity="1" maxCrapScore="2" minCrapScore="2" visitedClasses="0" numClasses="0" visitedMethods="0" numMethods="1" />
              <MetadataToken>100663297</MetadataToken>
              <Name>System.Void Controle_de_Tarefas.Program::Main(System.String[])</Name>
              <FileRef uid="7" />
              <SequencePoints>
                <SequencePoint vc="0" uspid="129" ordinal="0" offset="0" sl="8" sc="9" el="8" ec="10" bec="0" bev="0" fileid="7" />
                <SequencePoint vc="0" uspid="130" ordinal="1" offset="1" sl="9" sc="13" el="9" ec="52" bec="0" bev="0" fileid="7" />
                <SequencePoint vc="0" uspid="131" ordinal="2" offset="9" sl="11" sc="17" el="11" ec="27" bec="0" bev="0" fileid="7" />
                <SequencePoint vc="0" uspid="132" ordinal="3" offset="16" sl="10" sc="13" el="10" ec="25" bec="0" bev="0" fileid="7" />
              </SequencePoints>
              <BranchPoints />
              <MethodPoint xsi:type="SequencePoint" vc="0" uspid="129" ordinal="0" offset="0" sl="8" sc="9" el="8" ec="10" bec="0" bev="0" fileid="7" />
            </Method>
            <Method visited="false" cyclomaticComplexity="1" nPathComplexity="0" sequenceCoverage="0" branchCoverage="0" crapScore="2" isConstructor="true" isStatic="false" isGetter="false" isSetter="false">
              <Summary numSequencePoints="0" visitedSequencePoints="0" numBranchPoints="0" visitedBranchPoints="0" sequenceCoverage="0" branchCoverage="0" maxCyclomaticComplexity="1" minCyclomaticComplexity="1" maxCrapScore="2" minCrapScore="2" visitedClasses="0" numClasses="0" visitedMethods="0" numMethods="0" />
              <MetadataToken>100663298</MetadataToken>
              <Name>System.Void Controle_de_Tarefas.Program::.ctor()</Name>
              <SequencePoints />
              <BranchPoints />
              <MethodPoint vc="0" uspid="133" ordinal="0" offset="0" />
            </Method>
          </Methods>
        </Class>
        <Class>
          <Summary numSequencePoints="52" visitedSequencePoints="0" numBranchPoints="21" visitedBranchPoints="0" sequenceCoverage="0" branchCoverage="0" maxCyclomaticComplexity="4" minCyclomaticComplexity="1" maxCrapScore="20" minCrapScore="2" visitedClasses="0" numClasses="1" visitedMethods="0" numMethods="9" />
          <FullName>Controle_de_Tarefas.Telas.Tela`1</FullName>
          <Methods>
            <Method visited="false" cyclomaticComplexity="1" nPathComplexity="0" sequenceCoverage="0" branchCoverage="0" crapScore="2" isConstructor="true" isStatic="false" isGetter="false" isSetter="false">
              <Summary numSequencePoints="4" visitedSequencePoints="0" numBranchPoints="1" visitedBranchPoints="0" sequenceCoverage="0" branchCoverage="0" maxCyclomaticComplexity="1" minCyclomaticComplexity="1" maxCrapScore="2" minCrapScore="2" visitedClasses="0" numClasses="0" visitedMethods="0" numMethods="1" />
              <MetadataToken>100663300</MetadataToken>
              <Name>System.Void Controle_de_Tarefas.Telas.Tela`1::.ctor(Controle_de_Tarefas.Controladores.Controlador`1&lt;T&gt;)</Name>
              <FileRef uid="8" />
              <SequencePoints>
                <SequencePoint vc="0" uspid="134" ordinal="0" offset="0" sl="14" sc="9" el="14" ec="51" bec="0" bev="0" fileid="8" />
                <SequencePoint vc="0" uspid="135" ordinal="1" offset="7" sl="15" sc="9" el="15" ec="10" bec="0" bev="0" fileid="8" />
                <SequencePoint vc="0" uspid="136" ordinal="2" offset="8" sl="16" sc="13" el="16" ec="44" bec="0" bev="0" fileid="8" />
                <SequencePoint vc="0" uspid="137" ordinal="3" offset="15" sl="17" sc="9" el="17" ec="10" bec="0" bev="0" fileid="8" />
              </SequencePoints>
              <BranchPoints />
              <MethodPoint xsi:type="SequencePoint" vc="0" uspid="134" ordinal="0" offset="0" sl="14" sc="9" el="14" ec="51" bec="0" bev="0" fileid="8" />
            </Method>
            <Method visited="false" cyclomaticComplexity="1" nPathComplexity="0" sequenceCoverage="0" branchCoverage="0" crapScore="2" isConstructor="false" isStatic="false" isGetter="false" isSetter="false">
              <Summary numSequencePoints="3" visitedSequencePoints="0" numBranchPoints="1" visitedBranchPoints="0" sequenceCoverage="0" branchCoverage="0" maxCyclomaticComplexity="1" minCyclomaticComplexity="1" maxCrapScore="2" minCrapScore="2" visitedClasses="0" numClasses="0" visitedMethods="0" numMethods="1" />
              <MetadataToken>100663303</MetadataToken>
              <Name>System.String Controle_de_Tarefas.Telas.Tela`1::obterOpcao()</Name>
              <FileRef uid="8" />
              <SequencePoints>
                <SequencePoint vc="0" uspid="138" ordinal="0" offset="0" sl="22" sc="9" el="22" ec="10" bec="0" bev="0" fileid="8" />
                <SequencePoint vc="0" uspid="139" ordinal="1" offset="1" sl="23" sc="13" el="23" ec="54" bec="0" bev="0" fileid="8" />
                <SequencePoint vc="0" uspid="140" ordinal="2" offset="21" sl="24" sc="9" el="24" ec="10" bec="0" bev="0" fileid="8" />
              </SequencePoints>
              <BranchPoints />
              <MethodPoint xsi:type="SequencePoint" vc="0" uspid="138" ordinal="0" offset="0" sl="22" sc="9" el="22" ec="10" bec="0" bev="0" fileid="8" />
            </Method>
            <Method visited="false" cyclomaticComplexity="4" nPathComplexity="8" sequenceCoverage="0" branchCoverage="0" crapScore="20" isConstructor="false" isStatic="false" isGetter="false" isSetter="false">
              <Summary numSequencePoints="15" visitedSequencePoints="0" numBranchPoints="7" visitedBranchPoints="0" sequenceCoverage="0" branchCoverage="0" maxCyclomaticComplexity="4" minCyclomaticComplexity="4" maxCrapScore="20" minCrapScore="20" visitedClasses="0" numClasses="0" visitedMethods="0" numMethods="1" />
              <MetadataToken>100663304</MetadataToken>
              <Name>System.String Controle_de_Tarefas.Telas.Tela`1::obterOpcao(System.Collections.Generic.List`1&lt;T&gt;)</Name>
              <FileRef uid="8" />
              <SequencePoints>
                <SequencePoint vc="0" uspid="141" ordinal="0" offset="0" sl="26" sc="9" el="26" ec="10" bec="0" bev="0" fileid="8" />
                <SequencePoint vc="0" uspid="142" ordinal="1" offset="1" sl="27" sc="13" el="27" ec="29" bec="0" bev="0" fileid="8" />
                <SequencePoint vc="0" uspid="143" ordinal="2" offset="7" sl="28" sc="13" el="28" ec="39" bec="2" bev="0" fileid="8" />
                <SequencePoint vc="0" uspid="144" ordinal="3" offset="20" sl="29" sc="17" el="29" ec="28" bec="0" bev="0" fileid="8" />
                <SequencePoint vc="0" uspid="145" ordinal="4" offset="28" sl="31" sc="13" el="31" ec="122" bec="0" bev="0" fileid="8" />
                <SequencePoint vc="0" uspid="146" ordinal="5" offset="40" sl="32" sc="13" el="32" ec="66" bec="0" bev="0" fileid="8" />
                <SequencePoint vc="0" uspid="147" ordinal="6" offset="51" sl="34" sc="13" el="34" ec="30" bec="2" bev="0" fileid="8" />
                <SequencePoint vc="0" uspid="148" ordinal="7" offset="66" sl="34" sc="31" el="34" ec="44" bec="0" bev="0" fileid="8" />
                <SequencePoint vc="0" uspid="149" ordinal="8" offset="70" sl="36" sc="13" el="36" ec="44" bec="2" bev="0" fileid="8" />
                <SequencePoint vc="0" uspid="150" ordinal="9" offset="87" sl="37" sc="13" el="37" ec="14" bec="0" bev="0" fileid="8" />
                <SequencePoint vc="0" uspid="151" ordinal="10" offset="88" sl="38" sc="17" el="38" ec="81" bec="0" bev="0" fileid="8" />
                <SequencePoint vc="0" uspid="152" ordinal="11" offset="100" sl="39" sc="17" el="39" ec="42" bec="0" bev="0" fileid="8" />
                <SequencePoint vc="0" uspid="153" ordinal="12" offset="110" sl="41" sc="13" el="41" ec="84" bec="0" bev="0" fileid="8" />
                <SequencePoint vc="0" uspid="154" ordinal="13" offset="122" sl="42" sc="13" el="42" ec="26" bec="0" bev="0" fileid="8" />
                <SequencePoint vc="0" uspid="155" ordinal="14" offset="126" sl="43" sc="9" el="43" ec="10" bec="0" bev="0" fileid="8" />
              </SequencePoints>
              <BranchPoints>
                <BranchPoint vc="0" uspid="156" ordinal="0" offset="18" sl="28" path="0" offsetend="20" fileid="8" />
                <BranchPoint vc="0" uspid="157" ordinal="1" offset="18" sl="28" path="1" offsetend="28" fileid="8" />
                <BranchPoint vc="0" uspid="158" ordinal="2" offset="64" sl="34" path="0" offsetend="66" fileid="8" />
                <BranchPoint vc="0" uspid="159" ordinal="3" offset="64" sl="34" path="1" offsetend="70" fileid="8" />
                <BranchPoint vc="0" uspid="160" ordinal="4" offset="85" sl="36" path="0" offsetend="87" fileid="8" />
                <BranchPoint vc="0" uspid="161" ordinal="5" offset="85" sl="36" path="1" offsetend="110" fileid="8" />
              </BranchPoints>
              <MethodPoint xsi:type="SequencePoint" vc="0" uspid="141" ordinal="0" offset="0" sl="26" sc="9" el="26" ec="10" bec="0" bev="0" fileid="8" />
            </Method>
            <Method visited="false" cyclomaticComplexity="2" nPathComplexity="2" sequenceCoverage="0" branchCoverage="0" crapScore="6" isConstructor="false" isStatic="false" isGetter="false" isSetter="false">
              <Summary numSequencePoints="3" visitedSequencePoints="0" numBranchPoints="3" visitedBranchPoints="0" sequenceCoverage="0" branchCoverage="0" maxCyclomaticComplexity="2" minCyclomaticComplexity="2" maxCrapScore="6" minCrapScore="6" visitedClasses="0" numClasses="0" visitedMethods="0" numMethods="1" />
              <MetadataToken>100663305</MetadataToken>
              <Name>System.Boolean Controle_de_Tarefas.Telas.Tela`1::opcaoValida(System.String,System.Collections.Generic.List`1&lt;T&gt;)</Name>
              <FileRef uid="8" />
              <SequencePoints>
                <SequencePoint vc="0" uspid="162" ordinal="0" offset="6" sl="45" sc="9" el="45" ec="10" bec="0" bev="0" fileid="8" />
                <SequencePoint vc="0" uspid="163" ordinal="1" offset="7" sl="46" sc="13" el="46" ec="85" bec="2" bev="0" fileid="8" />
                <SequencePoint vc="0" uspid="164" ordinal="2" offset="45" sl="47" sc="9" el="47" ec="10" bec="0" bev="0" fileid="8" />
              </SequencePoints>
              <BranchPoints>
                <BranchPoint vc="0" uspid="165" ordinal="0" offset="19" sl="46" path="0" offsetend="21" fileid="8" />
                <BranchPoint vc="0" uspid="166" ordinal="1" offset="19" sl="46" path="1" offsetend="41" fileid="8" />
              </BranchPoints>
              <MethodPoint vc="0" uspid="167" ordinal="0" offset="0" />
            </Method>
            <Method visited="false" cyclomaticComplexity="1" nPathComplexity="0" sequenceCoverage="0" branchCoverage="0" crapScore="2" isConstructor="false" isStatic="false" isGetter="false" isSetter="false">
              <Summary numSequencePoints="3" visitedSequencePoints="0" numBranchPoints="1" visitedBranchPoints="0" sequenceCoverage="0" branchCoverage="0" maxCyclomaticComplexity="1" minCyclomaticComplexity="1" maxCrapScore="2" minCrapScore="2" visitedClasses="0" numClasses="0" visitedMethods="0" numMethods="1" />
              <MetadataToken>100663306</MetadataToken>
              <Name>System.Void Controle_de_Tarefas.Telas.Tela`1::visualizar()</Name>
              <FileRef uid="8" />
              <SequencePoints>
                <SequencePoint vc="0" uspid="168" ordinal="0" offset="0" sl="49" sc="9" el="49" ec="10" bec="0" bev="0" fileid="8" />
                <SequencePoint vc="0" uspid="169" ordinal="1" offset="1" sl="50" sc="13" el="50" ec="47" bec="0" bev="0" fileid="8" />
                <SequencePoint vc="0" uspid="170" ordinal="2" offset="19" sl="51" sc="9" el="51" ec="10" bec="0" bev="0" fileid="8" />
              </SequencePoints>
              <BranchPoints />
              <MethodPoint xsi:type="SequencePoint" vc="0" uspid="168" ordinal="0" offset="0" sl="49" sc="9" el="49" ec="10" bec="0" bev="0" fileid="8" />
            </Method>
            <Method visited="false" cyclomaticComplexity="1" nPathComplexity="0" sequenceCoverage="0" branchCoverage="0" crapScore="2" isConstructor="false" isStatic="false" isGetter="false" isSetter="false">
              <Summary numSequencePoints="6" visitedSequencePoints="0" numBranchPoints="1" visitedBranchPoints="0" sequenceCoverage="0" branchCoverage="0" maxCyclomaticComplexity="1" minCyclomaticComplexity="1" maxCrapScore="2" minCrapScore="2" visitedClasses="0" numClasses="0" visitedMethods="0" numMethods="1" />
              <MetadataToken>100663307</MetadataToken>
              <Name>System.Void Controle_de_Tarefas.Telas.Tela`1::visualizar(System.Collections.Generic.List`1&lt;T&gt;)</Name>
              <FileRef uid="8" />
              <SequencePoints>
                <SequencePoint vc="0" uspid="171" ordinal="0" offset="0" sl="53" sc="9" el="53" ec="10" bec="0" bev="0" fileid="8" />
                <SequencePoint vc="0" uspid="172" ordinal="1" offset="1" sl="54" sc="13" el="54" ec="29" bec="0" bev="0" fileid="8" />
                <SequencePoint vc="0" uspid="173" ordinal="2" offset="7" sl="55" sc="13" el="55" ec="38" bec="0" bev="0" fileid="8" />
                <SequencePoint vc="0" uspid="174" ordinal="3" offset="14" sl="56" sc="13" el="56" ec="87" bec="0" bev="0" fileid="8" />
                <SequencePoint vc="0" uspid="175" ordinal="4" offset="26" sl="57" sc="13" el="57" ec="31" bec="0" bev="0" fileid="8" />
                <SequencePoint vc="0" uspid="176" ordinal="5" offset="32" sl="58" sc="9" el="58" ec="10" bec="0" bev="0" fileid="8" />
              </SequencePoints>
              <BranchPoints />
              <MethodPoint xsi:type="SequencePoint" vc="0" uspid="171" ordinal="0" offset="0" sl="53" sc="9" el="53" ec="10" bec="0" bev="0" fileid="8" />
            </Method>
            <Method visited="false" cyclomaticComplexity="1" nPathComplexity="0" sequenceCoverage="0" branchCoverage="0" crapScore="2" isConstructor="false" isStatic="false" isGetter="false" isSetter="false">
              <Summary numSequencePoints="4" visitedSequencePoints="0" numBranchPoints="1" visitedBranchPoints="0" sequenceCoverage="0" branchCoverage="0" maxCyclomaticComplexity="1" minCyclomaticComplexity="1" maxCrapScore="2" minCrapScore="2" visitedClasses="0" numClasses="0" visitedMethods="0" numMethods="1" />
              <MetadataToken>100663308</MetadataToken>
              <Name>System.Void Controle_de_Tarefas.Telas.Tela`1::cadastrar()</Name>
              <FileRef uid="8" />
              <SequencePoints>
                <SequencePoint vc="0" uspid="177" ordinal="0" offset="0" sl="60" sc="9" el="60" ec="10" bec="0" bev="0" fileid="8" />
                <SequencePoint vc="0" uspid="178" ordinal="1" offset="1" sl="61" sc="13" el="61" ec="51" bec="0" bev="0" fileid="8" />
                <SequencePoint vc="0" uspid="179" ordinal="2" offset="19" sl="62" sc="13" el="62" ec="87" bec="0" bev="0" fileid="8" />
                <SequencePoint vc="0" uspid="180" ordinal="3" offset="31" sl="63" sc="9" el="63" ec="10" bec="0" bev="0" fileid="8" />
              </SequencePoints>
              <BranchPoints />
              <MethodPoint xsi:type="SequencePoint" vc="0" uspid="177" ordinal="0" offset="0" sl="60" sc="9" el="60" ec="10" bec="0" bev="0" fileid="8" />
            </Method>
            <Method visited="false" cyclomaticComplexity="2" nPathComplexity="2" sequenceCoverage="0" branchCoverage="0" crapScore="6" isConstructor="false" isStatic="false" isGetter="false" isSetter="false">
              <Summary numSequencePoints="7" visitedSequencePoints="0" numBranchPoints="3" visitedBranchPoints="0" sequenceCoverage="0" branchCoverage="0" maxCyclomaticComplexity="2" minCyclomaticComplexity="2" maxCrapScore="6" minCrapScore="6" visitedClasses="0" numClasses="0" visitedMethods="0" numMethods="1" />
              <MetadataToken>100663309</MetadataToken>
              <Name>System.Void Controle_de_Tarefas.Telas.Tela`1::editar()</Name>
              <FileRef uid="8" />
              <SequencePoints>
                <SequencePoint vc="0" uspid="181" ordinal="0" offset="0" sl="65" sc="9" el="65" ec="10" bec="0" bev="0" fileid="8" />
                <SequencePoint vc="0" uspid="182" ordinal="1" offset="1" sl="66" sc="13" el="66" ec="41" bec="0" bev="0" fileid="8" />
                <SequencePoint vc="0" uspid="183" ordinal="2" offset="8" sl="67" sc="13" el="67" ec="30" bec="2" bev="0" fileid="8" />
                <SequencePoint vc="0" uspid="184" ordinal="3" offset="23" sl="67" sc="31" el="67" ec="38" bec="0" bev="0" fileid="8" />
                <SequencePoint vc="0" uspid="185" ordinal="4" offset="25" sl="69" sc="13" el="69" ec="45" bec="0" bev="0" fileid="8" />
                <SequencePoint vc="0" uspid="186" ordinal="5" offset="32" sl="70" sc="13" el="70" ec="54" bec="0" bev="0" fileid="8" />
                <SequencePoint vc="0" uspid="187" ordinal="6" offset="51" sl="71" sc="9" el="71" ec="10" bec="0" bev="0" fileid="8" />
              </SequencePoints>
              <BranchPoints>
                <BranchPoint vc="0" uspid="188" ordinal="0" offset="21" sl="67" path="0" offsetchain="23" offsetend="51" fileid="8" />
                <BranchPoint vc="0" uspid="189" ordinal="1" offset="21" sl="67" path="1" offsetend="25" fileid="8" />
              </BranchPoints>
              <MethodPoint xsi:type="SequencePoint" vc="0" uspid="181" ordinal="0" offset="0" sl="65" sc="9" el="65" ec="10" bec="0" bev="0" fileid="8" />
            </Method>
            <Method visited="false" cyclomaticComplexity="2" nPathComplexity="2" sequenceCoverage="0" branchCoverage="0" crapScore="6" isConstructor="false" isStatic="false" isGetter="false" isSetter="false">
              <Summary numSequencePoints="7" visitedSequencePoints="0" numBranchPoints="3" visitedBranchPoints="0" sequenceCoverage="0" branchCoverage="0" maxCyclomaticComplexity="2" minCyclomaticComplexity="2" maxCrapScore="6" minCrapScore="6" visitedClasses="0" numClasses="0" visitedMethods="0" numMethods="1" />
              <MetadataToken>100663310</MetadataToken>
              <Name>System.Void Controle_de_Tarefas.Telas.Tela`1::excluir()</Name>
              <FileRef uid="8" />
              <SequencePoints>
                <SequencePoint vc="0" uspid="190" ordinal="0" offset="0" sl="73" sc="9" el="73" ec="10" bec="0" bev="0" fileid="8" />
                <SequencePoint vc="0" uspid="191" ordinal="1" offset="1" sl="74" sc="13" el="74" ec="41" bec="0" bev="0" fileid="8" />
                <SequencePoint vc="0" uspid="192" ordinal="2" offset="8" sl="75" sc="13" el="75" ec="30" bec="2" bev="0" fileid="8" />
                <SequencePoint vc="0" uspid="193" ordinal="3" offset="23" sl="75" sc="31" el="75" ec="38" bec="0" bev="0" fileid="8" />
                <SequencePoint vc="0" uspid="194" ordinal="4" offset="25" sl="77" sc="13" el="77" ec="45" bec="0" bev="0" fileid="8" />
                <SequencePoint vc="0" uspid="195" ordinal="5" offset="32" sl="78" sc="13" el="78" ec="37" bec="0" bev="0" fileid="8" />
                <SequencePoint vc="0" uspid="196" ordinal="6" offset="45" sl="79" sc="9" el="79" ec="10" bec="0" bev="0" fileid="8" />
              </SequencePoints>
              <BranchPoints>
                <BranchPoint vc="0" uspid="197" ordinal="0" offset="21" sl="75" path="0" offsetchain="23" offsetend="45" fileid="8" />
                <BranchPoint vc="0" uspid="198" ordinal="1" offset="21" sl="75" path="1" offsetend="25" fileid="8" />
              </BranchPoints>
              <MethodPoint xsi:type="SequencePoint" vc="0" uspid="190" ordinal="0" offset="0" sl="73" sc="9" el="73" ec="10" bec="0" bev="0" fileid="8" />
            </Method>
          </Methods>
        </Class>
        <Class>
          <Summary numSequencePoints="1" visitedSequencePoints="0" numBranchPoints="1" visitedBranchPoints="0" sequenceCoverage="0" branchCoverage="0" maxCyclomaticComplexity="1" minCyclomaticComplexity="1" maxCrapScore="2" minCrapScore="2" visitedClasses="0" numClasses="1" visitedMethods="0" numMethods="1" />
          <FullName>Controle_de_Tarefas.Telas.Tela`1/&lt;&gt;c__DisplayClass6_0</FullName>
          <Methods>
            <Method visited="false" cyclomaticComplexity="1" nPathComplexity="0" sequenceCoverage="0" branchCoverage="0" crapScore="2" isConstructor="true" isStatic="false" isGetter="false" isSetter="false">
              <Summary numSequencePoints="0" visitedSequencePoints="0" numBranchPoints="0" visitedBranchPoints="0" sequenceCoverage="0" branchCoverage="0" maxCyclomaticComplexity="1" minCyclomaticComplexity="1" maxCrapScore="2" minCrapScore="2" visitedClasses="0" numClasses="0" visitedMethods="0" numMethods="0" />
              <MetadataToken>100663454</MetadataToken>
              <Name>System.Void Controle_de_Tarefas.Telas.Tela`1/&lt;&gt;c__DisplayClass6_0::.ctor()</Name>
              <SequencePoints />
              <BranchPoints />
              <MethodPoint vc="0" uspid="199" ordinal="0" offset="0" />
            </Method>
            <Method visited="false" cyclomaticComplexity="1" nPathComplexity="0" sequenceCoverage="0" branchCoverage="0" crapScore="2" isConstructor="false" isStatic="false" isGetter="false" isSetter="false">
              <Summary numSequencePoints="1" visitedSequencePoints="0" numBranchPoints="1" visitedBranchPoints="0" sequenceCoverage="0" branchCoverage="0" maxCyclomaticComplexity="1" minCyclomaticComplexity="1" maxCrapScore="2" minCrapScore="2" visitedClasses="0" numClasses="0" visitedMethods="0" numMethods="1" />
              <MetadataToken>100663455</MetadataToken>
              <Name>System.Boolean Controle_de_Tarefas.Telas.Tela`1/&lt;&gt;c__DisplayClass6_0::&lt;opcaoValida&gt;b__0(T)</Name>
              <FileRef uid="8" />
              <SequencePoints>
                <SequencePoint vc="0" uspid="200" ordinal="0" offset="0" sl="46" sc="73" el="46" ec="83" bec="0" bev="0" fileid="8" />
              </SequencePoints>
              <BranchPoints />
              <MethodPoint xsi:type="SequencePoint" vc="0" uspid="200" ordinal="0" offset="0" sl="46" sc="73" el="46" ec="83" bec="0" bev="0" fileid="8" />
            </Method>
          </Methods>
        </Class>
        <Class>
          <Summary numSequencePoints="43" visitedSequencePoints="0" numBranchPoints="17" visitedBranchPoints="0" sequenceCoverage="0" branchCoverage="0" maxCyclomaticComplexity="8" minCyclomaticComplexity="2" maxCrapScore="72" minCrapScore="6" visitedClasses="0" numClasses="1" visitedMethods="0" numMethods="3" />
          <FullName>Controle_de_Tarefas.Telas.Extensions</FullName>
          <Methods>
            <Method visited="false" cyclomaticComplexity="4" nPathComplexity="2" sequenceCoverage="0" branchCoverage="0" crapScore="20" isConstructor="false" isStatic="true" isGetter="false" isSetter="false">
              <Summary numSequencePoints="13" visitedSequencePoints="0" numBranchPoints="3" visitedBranchPoints="0" sequenceCoverage="0" branchCoverage="0" maxCyclomaticComplexity="4" minCyclomaticComplexity="4" maxCrapScore="20" minCrapScore="20" visitedClasses="0" numClasses="0" visitedMethods="0" numMethods="1" />
              <MetadataToken>100663311</MetadataToken>
              <Name>System.Boolean Controle_de_Tarefas.Telas.Extensions::mostrarLista(System.Collections.IList)</Name>
              <FileRef uid="8" />
              <SequencePoints>
                <SequencePoint vc="0" uspid="201" ordinal="0" offset="0" sl="88" sc="9" el="88" ec="10" bec="0" bev="0" fileid="8" />
                <SequencePoint vc="0" uspid="202" ordinal="1" offset="1" sl="89" sc="13" el="89" ec="34" bec="2" bev="0" fileid="8" />
                <SequencePoint vc="0" uspid="203" ordinal="2" offset="14" sl="90" sc="13" el="90" ec="14" bec="0" bev="0" fileid="8" />
                <SequencePoint vc="0" uspid="204" ordinal="3" offset="15" sl="91" sc="17" el="91" ec="72" bec="0" bev="0" fileid="8" />
                <SequencePoint vc="0" uspid="205" ordinal="4" offset="27" sl="92" sc="17" el="92" ec="30" bec="0" bev="0" fileid="8" />
                <SequencePoint vc="0" uspid="206" ordinal="5" offset="31" sl="95" sc="13" el="95" ec="14" bec="0" bev="0" fileid="8" />
                <SequencePoint vc="0" uspid="207" ordinal="6" offset="32" sl="96" sc="17" el="96" ec="24" bec="0" bev="0" fileid="8" />
                <SequencePoint vc="0" uspid="208" ordinal="7" offset="33" sl="96" sc="38" el="96" ec="43" bec="0" bev="0" fileid="8" />
                <SequencePoint vc="0" uspid="209" ordinal="8" offset="42" sl="96" sc="26" el="96" ec="34" bec="0" bev="0" fileid="8" />
                <SequencePoint vc="0" uspid="210" ordinal="9" offset="49" sl="97" sc="21" el="97" ec="45" bec="0" bev="0" fileid="8" />
                <SequencePoint vc="0" uspid="211" ordinal="10" offset="56" sl="96" sc="35" el="96" ec="37" bec="0" bev="0" fileid="8" />
                <SequencePoint vc="0" uspid="212" ordinal="11" offset="87" sl="98" sc="17" el="98" ec="29" bec="0" bev="0" fileid="8" />
                <SequencePoint vc="0" uspid="213" ordinal="12" offset="91" sl="100" sc="9" el="100" ec="10" bec="0" bev="0" fileid="8" />
              </SequencePoints>
              <BranchPoints>
                <BranchPoint vc="0" uspid="214" ordinal="0" offset="12" sl="89" path="0" offsetend="14" fileid="8" />
                <BranchPoint vc="0" uspid="215" ordinal="1" offset="12" sl="89" path="1" offsetend="31" fileid="8" />
              </BranchPoints>
              <MethodPoint xsi:type="SequencePoint" vc="0" uspid="201" ordinal="0" offset="0" sl="88" sc="9" el="88" ec="10" bec="0" bev="0" fileid="8" />
            </Method>
            <Method visited="false" cyclomaticComplexity="8" nPathComplexity="24" sequenceCoverage="0" branchCoverage="0" crapScore="72" isConstructor="false" isStatic="true" isGetter="false" isSetter="false">
              <Summary numSequencePoints="22" visitedSequencePoints="0" numBranchPoints="11" visitedBranchPoints="0" sequenceCoverage="0" branchCoverage="0" maxCyclomaticComplexity="8" minCyclomaticComplexity="8" maxCrapScore="72" minCrapScore="72" visitedClasses="0" numClasses="0" visitedMethods="0" numMethods="1" />
              <MetadataToken>100663312</MetadataToken>
              <Name>System.Void Controle_de_Tarefas.Telas.Extensions::mostrarMensagem(Controle_de_Tarefas.Telas.TipoMensagem,System.String)</Name>
              <FileRef uid="8" />
              <SequencePoints>
                <SequencePoint vc="0" uspid="218" ordinal="0" offset="0" sl="102" sc="9" el="102" ec="10" bec="0" bev="0" fileid="8" />
                <SequencePoint vc="0" uspid="219" ordinal="1" offset="1" sl="103" sc="13" el="103" ec="26" bec="6" bev="0" fileid="8" />
                <SequencePoint vc="0" uspid="220" ordinal="2" offset="33" sl="105" sc="41" el="105" ec="84" bec="0" bev="0" fileid="8" />
                <SequencePoint vc="0" uspid="221" ordinal="3" offset="41" sl="105" sc="85" el="105" ec="86" bec="0" bev="0" fileid="8" />
                <SequencePoint vc="0" uspid="222" ordinal="4" offset="42" sl="105" sc="87" el="105" ec="93" bec="0" bev="0" fileid="8" />
                <SequencePoint vc="0" uspid="223" ordinal="5" offset="44" sl="106" sc="44" el="106" ec="89" bec="0" bev="0" fileid="8" />
                <SequencePoint vc="0" uspid="224" ordinal="6" offset="52" sl="106" sc="90" el="106" ec="91" bec="0" bev="0" fileid="8" />
                <SequencePoint vc="0" uspid="225" ordinal="7" offset="53" sl="106" sc="92" el="106" ec="98" bec="0" bev="0" fileid="8" />
                <SequencePoint vc="0" uspid="226" ordinal="8" offset="55" sl="107" sc="42" el="107" ec="88" bec="0" bev="0" fileid="8" />
                <SequencePoint vc="0" uspid="227" ordinal="9" offset="63" sl="107" sc="89" el="107" ec="90" bec="0" bev="0" fileid="8" />
                <SequencePoint vc="0" uspid="228" ordinal="10" offset="64" sl="107" sc="91" el="107" ec="97" bec="0" bev="0" fileid="8" />
                <SequencePoint vc="0" uspid="229" ordinal="11" offset="66" sl="108" sc="47" el="108" ec="91" bec="0" bev="0" fileid="8" />
                <SequencePoint vc="0" uspid="230" ordinal="12" offset="74" sl="108" sc="92" el="108" ec="93" bec="0" bev="0" fileid="8" />
                <SequencePoint vc="0" uspid="231" ordinal="13" offset="75" sl="108" sc="94" el="108" ec="100" bec="0" bev="0" fileid="8" />
                <SequencePoint vc="0" uspid="232" ordinal="14" offset="77" sl="109" sc="41" el="109" ec="88" bec="0" bev="0" fileid="8" />
                <SequencePoint vc="0" uspid="233" ordinal="15" offset="85" sl="109" sc="89" el="109" ec="90" bec="0" bev="0" fileid="8" />
                <SequencePoint vc="0" uspid="234" ordinal="16" offset="86" sl="109" sc="91" el="109" ec="97" bec="0" bev="0" fileid="8" />
                <SequencePoint vc="0" uspid="235" ordinal="17" offset="88" sl="112" sc="13" el="112" ec="37" bec="0" bev="0" fileid="8" />
                <SequencePoint vc="0" uspid="236" ordinal="18" offset="95" sl="113" sc="13" el="113" ec="34" bec="0" bev="0" fileid="8" />
                <SequencePoint vc="0" uspid="237" ordinal="19" offset="101" sl="114" sc="13" el="114" ec="78" bec="4" bev="0" fileid="8" />
                <SequencePoint vc="0" uspid="238" ordinal="20" offset="119" sl="114" sc="79" el="114" ec="97" bec="0" bev="0" fileid="8" />
                <SequencePoint vc="0" uspid="239" ordinal="21" offset="125" sl="115" sc="9" el="115" ec="10" bec="0" bev="0" fileid="8" />
              </SequencePoints>
              <BranchPoints>
                <BranchPoint vc="0" uspid="240" ordinal="0" offset="6" sl="103" path="0" offsetchain="31" offsetend="88" fileid="8" />
                <BranchPoint vc="0" uspid="241" ordinal="1" offset="6" sl="103" path="1" offsetend="44" fileid="8" />
                <BranchPoint vc="0" uspid="242" ordinal="2" offset="6" sl="103" path="2" offsetend="33" fileid="8" />
                <BranchPoint vc="0" uspid="243" ordinal="3" offset="6" sl="103" path="3" offsetend="55" fileid="8" />
                <BranchPoint vc="0" uspid="244" ordinal="4" offset="6" sl="103" path="4" offsetend="66" fileid="8" />
                <BranchPoint vc="0" uspid="245" ordinal="5" offset="6" sl="103" path="5" offsetend="77" fileid="8" />
                <BranchPoint vc="0" uspid="246" ordinal="6" offset="103" sl="114" path="0" offsetend="105" fileid="8" />
                <BranchPoint vc="0" uspid="247" ordinal="7" offset="103" sl="114" path="1" offsetend="114" fileid="8" />
                <BranchPoint vc="0" uspid="248" ordinal="8" offset="117" sl="114" path="0" offsetend="119" fileid="8" />
                <BranchPoint vc="0" uspid="249" ordinal="9" offset="117" sl="114" path="1" offsetend="125" fileid="8" />
              </BranchPoints>
              <MethodPoint xsi:type="SequencePoint" vc="0" uspid="218" ordinal="0" offset="0" sl="102" sc="9" el="102" ec="10" bec="0" bev="0" fileid="8" />
            </Method>
            <Method visited="false" cyclomaticComplexity="2" nPathComplexity="2" sequenceCoverage="0" branchCoverage="0" crapScore="6" isConstructor="false" isStatic="true" isGetter="false" isSetter="false">
              <Summary numSequencePoints="8" visitedSequencePoints="0" numBranchPoints="3" visitedBranchPoints="0" sequenceCoverage="0" branchCoverage="0" maxCyclomaticComplexity="2" minCyclomaticComplexity="2" maxCrapScore="6" minCrapScore="6" visitedClasses="0" numClasses="0" visitedMethods="0" numMethods="1" />
              <MetadataToken>100663313</MetadataToken>
              <Name>System.Collections.Generic.List`1&lt;System.Object&gt; Controle_de_Tarefas.Telas.Extensions::ObterCamposDB(System.Data.SqlClient.SqlDataReader)</Name>
              <FileRef uid="8" />
              <SequencePoints>
                <SequencePoint vc="0" uspid="250" ordinal="0" offset="0" sl="117" sc="9" el="117" ec="10" bec="0" bev="0" fileid="8" />
                <SequencePoint vc="0" uspid="251" ordinal="1" offset="1" sl="118" sc="13" el="118" ec="58" bec="0" bev="0" fileid="8" />
                <SequencePoint vc="0" uspid="252" ordinal="2" offset="7" sl="119" sc="18" el="119" ec="27" bec="0" bev="0" fileid="8" />
                <SequencePoint vc="0" uspid="253" ordinal="3" offset="11" sl="120" sc="17" el="120" ec="51" bec="0" bev="0" fileid="8" />
                <SequencePoint vc="0" uspid="254" ordinal="4" offset="25" sl="119" sc="51" el="119" ec="54" bec="0" bev="0" fileid="8" />
                <SequencePoint vc="0" uspid="255" ordinal="5" offset="29" sl="119" sc="29" el="119" ec="49" bec="2" bev="0" fileid="8" />
                <SequencePoint vc="0" uspid="256" ordinal="6" offset="42" sl="121" sc="13" el="121" ec="31" bec="0" bev="0" fileid="8" />
                <SequencePoint vc="0" uspid="257" ordinal="7" offset="46" sl="122" sc="9" el="122" ec="10" bec="0" bev="0" fileid="8" />
              </SequencePoints>
              <BranchPoints>
                <BranchPoint vc="0" uspid="258" ordinal="0" offset="40" sl="119" path="0" offsetend="42" fileid="8" />
[...]
          <FullName>Controle_de_Tarefas.Controladores.ControladorContatos</FullName>
          <Methods>
            <Method visited="true" cyclomaticComplexity="1" nPathComplexity="0" sequenceCoverage="100" branchCoverage="100" crapScore="1" isConstructor="false" isStatic="false" isGetter="false" isSetter="false">
              <Summary numSequencePoints="3" visitedSequencePoints="3" numBranchPoints="1" visitedBranchPoints="1" sequenceCoverage="100" branchCoverage="100" maxCyclomaticComplexity="1" minCyclomaticComplexity="1" maxCrapScore="1" minCrapScore="1" visitedClasses="0" numClasses="0" visitedMethods="1" numMethods="1" />
              <MetadataToken>100663444</MetadataToken>
              <Name>System.Void Controle_de_Tarefas.Controladores.ControladorContatos::inserir(Controle_de_Tarefas.Dominio.Contato)</Name>
              <FileRef uid="29" />
              <SequencePoints>
                <SequencePoint vc="3" uspid="1101" ordinal="0" offset="0" sl="70" sc="9" el="70" ec="10" bec="0" bev="0" fileid="29" />
                <SequencePoint vc="3" uspid="1102" ordinal="1" offset="1" sl="71" sc="13" el="71" ec="90" bec="0" bev="0" fileid="29" />
                <SequencePoint vc="3" uspid="1103" ordinal="2" offset="25" sl="72" sc="9" el="72" ec="10" bec="0" bev="0" fileid="29" />
              </SequencePoints>
              <BranchPoints />
              <MethodPoint xsi:type="SequencePoint" vc="3" uspid="1101" ordinal="0" offset="0" sl="70" sc="9" el="70" ec="10" bec="0" bev="0" fileid="29" />
            </Method>
            <Method visited="true" cyclomaticComplexity="1" nPathComplexity="0" sequenceCoverage="100" branchCoverage="100" crapScore="1" isConstructor="false" isStatic="false" isGetter="false" isSetter="false">
              <Summary numSequencePoints="4" visitedSequencePoints="4" numBranchPoints="1" visitedBranchPoints="1" sequenceCoverage="100" branchCoverage="100" maxCyclomaticComplexity="1" minCyclomaticComplexity="1" maxCrapScore="1" minCrapScore="1" visitedClasses="0" numClasses="0" visitedMethods="1" numMethods="1" />
              <MetadataToken>100663445</MetadataToken>
              <Name>System.Void Controle_de_Tarefas.Controladores.ControladorContatos::editar(System.Int32,Controle_de_Tarefas.Dominio.Contato)</Name>
              <FileRef uid="29" />
              <SequencePoints>
                <SequencePoint vc="1" uspid="1104" ordinal="0" offset="0" sl="74" sc="9" el="74" ec="10" bec="0" bev="0" fileid="29" />
                <SequencePoint vc="1" uspid="1105" ordinal="1" offset="1" sl="75" sc="13" el="75" ec="30" bec="0" bev="0" fileid="29" />
                <SequencePoint vc="1" uspid="1106" ordinal="2" offset="9" sl="76" sc="13" el="76" ec="75" bec="0" bev="0" fileid="29" />
                <SequencePoint vc="1" uspid="1107" ordinal="3" offset="27" sl="77" sc="9" el="77" ec="10" bec="0" bev="0" fileid="29" />
              </SequencePoints>
              <BranchPoints />
              <MethodPoint xsi:type="SequencePoint" vc="1" uspid="1104" ordinal="0" offset="0" sl="74" sc="9" el="74" ec="10" bec="0" bev="0" fileid="29" />
            </Method>
            <Method visited="true" cyclomaticComplexity="1" nPathComplexity="0" sequenceCoverage="100" branchCoverage="100" crapScore="1" isConstructor="false" isStatic="false" isGetter="false" isSetter="false">
              <Summary numSequencePoints="3" visitedSequencePoints="3" numBranchPoints="1" visitedBranchPoints="1" sequenceCoverage="100" branchCoverage="100" maxCyclomaticComplexity="1" minCyclomaticComplexity="1" maxCrapScore="1" minCrapScore="1" visitedClasses="0" numClasses="0" visitedMethods="1" numMethods="1" />
              <MetadataToken>100663446</MetadataToken>
              <Name>System.Void Controle_de_Tarefas.Controladores.ControladorContatos::excluir(System.Int32)</Name>
              <FileRef uid="29" />
              <SequencePoints>
                <SequencePoint vc="3" uspid="1108" ordinal="0" offset="0" sl="79" sc="9" el="79" ec="10" bec="0" bev="0" fileid="29" />
                <SequencePoint vc="3" uspid="1109" ordinal="1" offset="1" sl="80" sc="13" el="80" ec="72" bec="0" bev="0" fileid="29" />
                <SequencePoint vc="3" uspid="1110" ordinal="2" offset="23" sl="81" sc="9" el="81" ec="10" bec="0" bev="0" fileid="29" />
              </SequencePoints>
              <BranchPoints />
              <MethodPoint xsi:type="SequencePoint" vc="3" uspid="1108" ordinal="0" offset="0" sl="79" sc="9" el="79" ec="10" bec="0" bev="0" fileid="29" />
            </Method>
            <Method visited="true" cyclomaticComplexity="1" nPathComplexity="0" sequenceCoverage="100" branchCoverage="100" crapScore="1" isConstructor="false" isStatic="false" isGetter="false" isSetter="false">
              <Summary numSequencePoints="3" visitedSequencePoints="3" numBranchPoints="1" visitedBranchPoints="1" sequenceCoverage="100" branchCoverage="100" maxCyclomaticComplexity="1" minCyclomaticComplexity="1" maxCrapScore="1" minCrapScore="1" visitedClasses="0" numClasses="0" visitedMethods="1" numMethods="1" />
              <MetadataToken>100663447</MetadataToken>
              <Name>Controle_de_Tarefas.Dominio.Contato Controle_de_Tarefas.Controladores.ControladorContatos::getById(System.Int32)</Name>
              <FileRef uid="29" />
              <SequencePoints>
                <SequencePoint vc="1" uspid="1111" ordinal="0" offset="0" sl="83" sc="9" el="83" ec="10" bec="0" bev="0" fileid="29" />
                <SequencePoint vc="1" uspid="1112" ordinal="1" offset="1" sl="84" sc="13" el="84" ec="104" bec="0" bev="0" fileid="29" />
                <SequencePoint vc="1" uspid="1113" ordinal="2" offset="37" sl="85" sc="9" el="85" ec="10" bec="0" bev="0" fileid="29" />
              </SequencePoints>
              <BranchPoints />
              <MethodPoint xsi:type="SequencePoint" vc="1" uspid="1111" ordinal="0" offset="0" sl="83" sc="9" el="83" ec="10" bec="0" bev="0" fileid="29" />
            </Method>
            <Method visited="false" cyclomaticComplexity="1" nPathComplexity="0" sequenceCoverage="0" branchCoverage="0" crapScore="2" isConstructor="false" isStatic="false" isGetter="false" isSetter="false">
              <Summary numSequencePoints="3" visitedSequencePoints="0" numBranchPoints="1" visitedBranchPoints="0" sequenceCoverage="0" branchCoverage="0" maxCyclomaticComplexity="1" minCyclomaticComplexity="1" maxCrapScore="2" minCrapScore="2" visitedClasses="0" numClasses="0" visitedMethods="0" numMethods="1" />
              <MetadataToken>100663448</MetadataToken>
              <Name>System.Collections.Generic.List`1&lt;Controle_de_Tarefas.Dominio.Contato&gt; Controle_de_Tarefas.Controladores.ControladorContatos::obterRegistros()</Name>
              <FileRef uid="29" />
              <SequencePoints>
                <SequencePoint vc="0" uspid="1114" ordinal="0" offset="0" sl="87" sc="9" el="87" ec="10" bec="0" bev="0" fileid="29" />
                <SequencePoint vc="0" uspid="1115" ordinal="1" offset="1" sl="88" sc="13" el="88" ec="78" bec="0" bev="0" fileid="29" />
                <SequencePoint vc="0" uspid="1116" ordinal="2" offset="27" sl="89" sc="9" el="89" ec="10" bec="0" bev="0" fileid="29" />
              </SequencePoints>
              <BranchPoints />
              <MethodPoint xsi:type="SequencePoint" vc="0" uspid="1114" ordinal="0" offset="0" sl="87" sc="9" el="87" ec="10" bec="0" bev="0" fileid="29" />
            </Method>
            <Method visited="false" cyclomaticComplexity="1" nPathComplexity="0" sequenceCoverage="0" branchCoverage="0" crapScore="2" isConstructor="false" isStatic="false" isGetter="false" isSetter="false">
              <Summary numSequencePoints="9" visitedSequencePoints="0" numBranchPoints="1" visitedBranchPoints="0" sequenceCoverage="0" branchCoverage="0" maxCyclomaticComplexity="1" minCyclomaticComplexity="1" maxCrapScore="2" minCrapScore="2" visitedClasses="0" numClasses="0" visitedMethods="0" numMethods="1" />
              <MetadataToken>100663449</MetadataToken>
              <Name>Controle_de_Tarefas.Dominio.Contato Controle_de_Tarefas.Controladores.ControladorContatos::ConverterEmContato(System.Data.IDataReader)</Name>
              <FileRef uid="29" />
              <SequencePoints>
                <SequencePoint vc="0" uspid="1117" ordinal="0" offset="0" sl="91" sc="9" el="91" ec="10" bec="0" bev="0" fileid="29" />
                <SequencePoint vc="0" uspid="1118" ordinal="1" offset="1" sl="92" sc="13" el="92" ec="57" bec="0" bev="0" fileid="29" />
                <SequencePoint vc="0" uspid="1119" ordinal="2" offset="18" sl="93" sc="13" el="93" ec="59" bec="0" bev="0" fileid="29" />
                <SequencePoint vc="0" uspid="1120" ordinal="3" offset="35" sl="94" sc="13" el="94" ec="65" bec="0" bev="0" fileid="29" />
                <SequencePoint vc="0" uspid="1121" ordinal="4" offset="52" sl="95" sc="13" el="95" ec="63" bec="0" bev="0" fileid="29" />
                <SequencePoint vc="0" uspid="1122" ordinal="5" offset="69" sl="96" sc="13" el="96" ec="59" bec="0" bev="0" fileid="29" />
                <SequencePoint vc="0" uspid="1123" ordinal="6" offset="87" sl="98" sc="13" el="101" ec="15" bec="0" bev="0" fileid="29" />
                <SequencePoint vc="0" uspid="1124" ordinal="7" offset="123" sl="103" sc="13" el="103" ec="28" bec="0" bev="0" fileid="29" />
                <SequencePoint vc="0" uspid="1125" ordinal="8" offset="129" sl="104" sc="9" el="104" ec="10" bec="0" bev="0" fileid="29" />
              </SequencePoints>
              <BranchPoints />
              <MethodPoint xsi:type="SequencePoint" vc="0" uspid="1117" ordinal="0" offset="0" sl="91" sc="9" el="91" ec="10" bec="0" bev="0" fileid="29" />
            </Method>
            <Method visited="true" cyclomaticComplexity="1" nPathComplexity="0" sequenceCoverage="100" branchCoverage="100" crapScore="1" isConstructor="false" isStatic="false" isGetter="false" isSetter="false">
              <Summary numSequencePoints="10" visitedSequencePoints="10" numBranchPoints="1" visitedBranchPoints="1" sequenceCoverage="100" branchCoverage="100" maxCyclomaticComplexity="1" minCyclomaticComplexity="1" maxCrapScore="1" minCrapScore="1" visitedClasses="0" numClasses="0" visitedMethods="1" numMethods="1" />
              <MetadataToken>100663450</MetadataToken>
              <Name>System.Collections.Generic.Dictionary`2&lt;System.String,System.Object&gt; Controle_de_Tarefas.Controladores.ControladorContatos::ObtemParametrosContato(Controle_de_Tarefas.Dominio.Contato)</Name>
              <FileRef uid="29" />
              <SequencePoints>
                <SequencePoint vc="4" uspid="1126" ordinal="0" offset="0" sl="106" sc="9" el="106" ec="10" bec="0" bev="0" fileid="29" />
                <SequencePoint vc="4" uspid="1127" ordinal="1" offset="1" sl="107" sc="13" el="107" ec="63" bec="0" bev="0" fileid="29" />
                <SequencePoint vc="4" uspid="1128" ordinal="2" offset="7" sl="109" sc="13" el="109" ec="46" bec="0" bev="0" fileid="29" />
                <SequencePoint vc="4" uspid="1129" ordinal="3" offset="30" sl="110" sc="13" el="110" ec="52" bec="0" bev="0" fileid="29" />
                <SequencePoint vc="4" uspid="1130" ordinal="4" offset="48" sl="111" sc="13" el="111" ec="52" bec="0" bev="0" fileid="29" />
                <SequencePoint vc="4" uspid="1131" ordinal="5" offset="66" sl="112" sc="13" el="112" ec="56" bec="0" bev="0" fileid="29" />
                <SequencePoint vc="4" uspid="1132" ordinal="6" offset="84" sl="113" sc="13" el="113" ec="50" bec="0" bev="0" fileid="29" />
                <SequencePoint vc="4" uspid="1133" ordinal="7" offset="102" sl="114" sc="13" el="114" ec="58" bec="0" bev="0" fileid="29" />
                <SequencePoint vc="4" uspid="1134" ordinal="8" offset="120" sl="116" sc="13" el="116" ec="31" bec="0" bev="0" fileid="29" />
                <SequencePoint vc="4" uspid="1135" ordinal="9" offset="124" sl="117" sc="9" el="117" ec="10" bec="0" bev="0" fileid="29" />
              </SequencePoints>
              <BranchPoints />
              <MethodPoint xsi:type="SequencePoint" vc="4" uspid="1126" ordinal="0" offset="0" sl="106" sc="9" el="106" ec="10" bec="0" bev="0" fileid="29" />
            </Method>
            <Method visited="true" cyclomaticComplexity="1" nPathComplexity="0" sequenceCoverage="100" branchCoverage="100" crapScore="1" isConstructor="false" isStatic="true" isGetter="false" isSetter="false">
              <Summary numSequencePoints="3" visitedSequencePoints="3" numBranchPoints="1" visitedBranchPoints="1" sequenceCoverage="100" branchCoverage="100" maxCyclomaticComplexity="1" minCyclomaticComplexity="1" maxCrapScore="1" minCrapScore="1" visitedClasses="0" numClasses="0" visitedMethods="1" numMethods="1" />
              <MetadataToken>100663451</MetadataToken>
              <Name>System.Collections.Generic.Dictionary`2&lt;System.String,System.Object&gt; Controle_de_Tarefas.Controladores.ControladorContatos::AdicionarParametro(System.String,System.Int32)</Name>
              <FileRef uid="29" />
              <SequencePoints>
                <SequencePoint vc="4" uspid="1136" ordinal="0" offset="0" sl="119" sc="9" el="119" ec="10" bec="0" bev="0" fileid="29" />
                <SequencePoint vc="4" uspid="1137" ordinal="1" offset="1" sl="120" sc="13" el="120" ec="74" bec="0" bev="0" fileid="29" />
                <SequencePoint vc="4" uspid="1138" ordinal="2" offset="23" sl="121" sc="9" el="121" ec="10" bec="0" bev="0" fileid="29" />
              </SequencePoints>
              <BranchPoints />
              <MethodPoint xsi:type="SequencePoint" vc="4" uspid="1136" ordinal="0" offset="0" sl="119" sc="9" el="119" ec="10" bec="0" bev="0" fileid="29" />
            </Method>
            <Method visited="false" cyclomaticComplexity="2" nPathComplexity="2" sequenceCoverage="0" branchCoverage="0" crapScore="6" isConstructor="false" isStatic="false" isGetter="false" isSetter="false">
              <Summary numSequencePoints="3" visitedSequencePoints="0" numBranchPoints="3" visitedBranchPoints="0" sequenceCoverage="0" branchCoverage="0" maxCyclomaticComplexity="2" minCyclomaticComplexity="2" maxCrapScore="6" minCrapScore="6" visitedClasses="0" numClasses="0" visitedMethods="0" numMethods="1" />
              <MetadataToken>100663452</MetadataToken>
              <Name>System.Collections.Generic.List`1&lt;Controle_de_Tarefas.Dominio.Contato&gt; Controle_de_Tarefas.Controladores.ControladorContatos::ordenadosPorCargo()</Name>
              <FileRef uid="29" />
              <SequencePoints>
                <SequencePoint vc="0" uspid="1139" ordinal="0" offset="0" sl="123" sc="9" el="123" ec="10" bec="0" bev="0" fileid="29" />
                <SequencePoint vc="0" uspid="1140" ordinal="1" offset="1" sl="124" sc="13" el="124" ec="61" bec="2" bev="0" fileid="29" />
                <SequencePoint vc="0" uspid="1141" ordinal="2" offset="51" sl="125" sc="9" el="125" ec="10" bec="0" bev="0" fileid="29" />
              </SequencePoints>
              <BranchPoints>
                <BranchPoint vc="0" uspid="1142" ordinal="0" offset="13" sl="124" path="0" offsetend="15" fileid="29" />
                <BranchPoint vc="0" uspid="1143" ordinal="1" offset="13" sl="124" path="1" offsetend="38" fileid="29" />
              </BranchPoints>
              <MethodPoint xsi:type="SequencePoint" vc="0" uspid="1139" ordinal="0" offset="0" sl="123" sc="9" el="123" ec="10" bec="0" bev="0" fileid="29" />
            </Method>
            <Method visited="false" cyclomaticComplexity="1" nPathComplexity="0" sequenceCoverage="0" branchCoverage="0" crapScore="2" isConstructor="true" isStatic="false" isGetter="false" isSetter="false">
              <Summary numSequencePoints="0" visitedSequencePoints="0" numBranchPoints="0" visitedBranchPoints="0" sequenceCoverage="0" branchCoverage="0" maxCyclomaticComplexity="1" minCyclomaticComplexity="1" maxCrapScore="2" minCrapScore="2" visitedClasses="0" numClasses="0" visitedMethods="0" numMethods="0" />
              <MetadataToken>100663453</MetadataToken>
              <Name>System.Void Controle_de_Tarefas.Controladores.ControladorContatos::.ctor()</Name>
              <SequencePoints />
              <BranchPoints />
              <MethodPoint vc="0" uspid="1144" ordinal="0" offset="0" />
            </Method>
          </Methods>
        </Class>
        <Class>
          <Summary numSequencePoints="1" visitedSequencePoints="0" numBranchPoints="1" visitedBranchPoints="0" sequenceCoverage="0" branchCoverage="0" maxCyclomaticComplexity="1" minCyclomaticComplexity="1" maxCrapScore="2" minCrapScore="2" visitedClasses="0" numClasses="1" visitedMethods="0" numMethods="1" />
          <FullName>Controle_de_Tarefas.Controladores.ControladorContatos/&lt;&gt;c</FullName>
          <Methods>
            <Method visited="false" cyclomaticComplexity="1" nPathComplexity="0" sequenceCoverage="0" branchCoverage="0" crapScore="2" isConstructor="true" isStatic="true" isGetter="false" isSetter="false">
              <Summary numSequencePoints="0" visitedSequencePoints="0" numBranchPoints="0" visitedBranchPoints="0" sequenceCoverage="0" branchCoverage="0" maxCyclomaticComplexity="1" minCyclomaticComplexity="1" maxCrapScore="2" minCrapScore="2" visitedClasses="0" numClasses="0" visitedMethods="0" numMethods="0" />
              <MetadataToken>100663464</MetadataToken>
              <Name>System.Void Controle_de_Tarefas.Controladores.ControladorContatos/&lt;&gt;c::.cctor()</Name>
              <SequencePoints />
              <BranchPoints />
              <MethodPoint vc="0" uspid="1145" ordinal="0" offset="0" />
            </Method>
            <Method visited="false" cyclomaticComplexity="1" nPathComplexity="0" sequenceCoverage="0" branchCoverage="0" crapScore="2" isConstructor="true" isStatic="false" isGetter="false" isSetter="false">
              <Summary numSequencePoints="0" visitedSequencePoints="0" numBranchPoints="0" visitedBranchPoints="0" sequenceCoverage="0" branchCoverage="0" maxCyclomaticComplexity="1" minCyclomaticComplexity="1" maxCrapScore="2" minCrapScore="2" visitedClasses="0" numClasses="0" visitedMethods="0" numMethods="0" />
              <MetadataToken>100663465</MetadataToken>
              <Name>System.Void Controle_de_Tarefas.Controladores.ControladorContatos/&lt;&gt;c::.ctor()</Name>
              <SequencePoints />
              <BranchPoints />
              <MethodPoint vc="0" uspid="1146" ordinal="0" offset="0" />
            </Method>
            <Method visited="false" cyclomaticComplexity="1" nPathComplexity="0" sequenceCoverage="0" branchCoverage="0" crapScore="2" isConstructor="false" isStatic="false" isGetter="false" isSetter="false">
              <Summary numSequencePoints="1" visitedSequencePoints="0" numBranchPoints="1" visitedBranchPoints="0" sequenceCoverage="0" branchCoverage="0" maxCyclomaticComplexity="1" minCyclomaticComplexity="1" maxCrapScore="2" minCrapScore="2" visitedClasses="0" numClasses="0" visitedMethods="0" numMethods="1" />
              <MetadataToken>100663466</MetadataToken>
              <Name>System.String Controle_de_Tarefas.Controladores.ControladorContatos/&lt;&gt;c::&lt;ordenadosPorCargo&gt;b__13_0(Controle_de_Tarefas.Dominio.Contato)</Name>
              <FileRef uid="29" />
              <SequencePoints>
                <SequencePoint vc="0" uspid="1147" ordinal="0" offset="0" sl="124" sc="43" el="124" ec="50" bec="0" bev="0" fileid="29" />
              </SequencePoints>
              <BranchPoints />
              <MethodPoint xsi:type="SequencePoint" vc="0" uspid="1147" ordinal="0" offset="0" sl="124" sc="43" el="124" ec="50" bec="0" bev="0" fileid="29" />
            </Method>
          </Methods>
        </Class>
      </Classes>
    </Module>
  </Modules>
</CoverageSession>